2025-12-10T18:24:13.498Z [debug]: Order 6586119684331 (Date: 2025-11-26): Payment Gateways: [manual] | isCOD: false | isPrepaid: true | Cancelled: false
2025-12-10T18:24:13.499Z [debug]: Order 6586341785835 (Date: 2025-11-26): Payment Gateways: [manual] | isCOD: false | isPrepaid: true | Cancelled: false
2025-12-10T18:24:13.499Z [debug]: Order 6586683949291 (Date: 2025-11-26): Payment Gateways: [manual] | isCOD: false | isPrepaid: true | Cancelled: false
2025-12-10T18:24:13.499Z [debug]: Order 6586905919723 (Date: 2025-11-26): Payment Gateways: [manual] | isCOD: false | isPrepaid: true | Cancelled: false
2025-12-10T18:24:13.499Z [debug]: Order 6586975813867 (Date: 2025-11-26): Payment Gateways: [manual] | isCOD: false | isPrepaid: true | Cancelled: false
2025-12-10T18:24:13.499Z [debug]: Order 6586977943787 (Date: 2025-11-26): Payment Gateways: [manual] | isCOD: false | isPrepaid: true | Cancelled: false
2025-12-10T18:24:13.499Z [debug]: Order 6586983973099 (Date: 2025-11-26): Payment Gateways: [manual] | isCOD: false | isPrepaid: true | Cancelled: false
2025-12-10T18:24:13.499Z [debug]: Order 6586998817003 (Date: 2025-11-26): Payment Gateways: [manual] | isCOD: false | isPrepaid: true | Cancelled: false
2025-12-10T18:24:13.675Z [debug]: Order 6587013923051 (Date: 2025-11-26): Payment Gateways: [manual] | isCOD: false | isPrepaid: true | Cancelled: true
2025-12-10T18:24:13.675Z [debug]: Order 6587044561131 (Date: 2025-11-26): Payment Gateways: [manual] | isCOD: false | isPrepaid: true | Cancelled: false
2025-12-10T18:24:13.675Z [debug]: Order 6587079393515 (Date: 2025-11-26): Payment Gateways: [manual] | isCOD: false | isPrepaid: true | Cancelled: false
2025-12-10T18:24:13.676Z [debug]: Order 6587112161515 (Date: 2025-11-26): Payment Gateways: [manual] | isCOD: false | isPrepaid: true | Cancelled: false
2025-12-10T18:24:13.676Z [debug]: Order 6587122909419 (Date: 2025-11-26): Payment Gateways: [manual] | isCOD: false | isPrepaid: true | Cancelled: false
2025-12-10T18:24:13.676Z [debug]: Order 6587126939883 (Date: 2025-11-26): Payment Gateways: [manual] | isCOD: false | isPrepaid: true | Cancelled: false
2025-12-10T18:24:13.676Z [debug]: Order 6587247231211 (Date: 2025-11-26): Payment Gateways: [manual] | isCOD: false | isPrepaid: true | Cancelled: false
2025-12-10T18:24:13.676Z [debug]: Order 6587252343019 (Date: 2025-11-26): Payment Gateways: [manual] | isCOD: false | isPrepaid: true | Cancelled: false
2025-12-10T18:24:13.676Z [debug]: Order 6587261190379 (Date: 2025-11-26): Payment Gateways: [manual] | isCOD: false | isPrepaid: true | Cancelled: false
2025-12-10T18:24:13.676Z [debug]: Order 6587316502763 (Date: 2025-11-26): Payment Gateways: [manual] | isCOD: false | isPrepaid: true | Cancelled: false
2025-12-10T18:24:13.676Z [debug]: Order 6587318960363 (Date: 2025-11-26): Payment Gateways: [manual] | isCOD: false | isPrepaid: true | Cancelled: false
2025-12-10T18:24:13.676Z [debug]: Order 6587339931883 (Date: 2025-11-26): Payment Gateways: [manual] | isCOD: false | isPrepaid: true | Cancelled: false
2025-12-10T18:24:13.676Z [debug]: Order 6587355037931 (Date: 2025-11-26): Payment Gateways: [manual] | isCOD: false | isPrepaid: true | Cancelled: false
2025-12-10T18:24:13.676Z [debug]: Order 6587439349995 (Date: 2025-11-26): Payment Gateways: [manual] | isCOD: false | isPrepaid: true | Cancelled: false
2025-12-10T18:24:13.676Z [debug]: Order 6587505934571 (Date: 2025-11-26): Payment Gateways: [manual] | isCOD: false | isPrepaid: true | Cancelled: false
2025-12-10T18:24:13.677Z [debug]: Order 6587606040811 (Date: 2025-11-26): Payment Gateways: [manual] | isCOD: false | isPrepaid: true | Cancelled: false
2025-12-10T18:24:13.677Z [debug]: Order 6587631468779 (Date: 2025-11-26): Payment Gateways: [manual] | isCOD: false | isPrepaid: true | Cancelled: false
2025-12-10T18:24:13.677Z [debug]: Order 6587648180459 (Date: 2025-11-26): Payment Gateways: [manual] | isCOD: false | isPrepaid: true | Cancelled: false
2025-12-10T18:24:13.677Z [debug]: Order 6587648442603 (Date: 2025-11-26): Payment Gateways: [manual] | isCOD: false | isPrepaid: true | Cancelled: false
2025-12-10T18:24:13.677Z [debug]: Order 6587655192811 (Date: 2025-11-26): Payment Gateways: [manual] | isCOD: false | isPrepaid: true | Cancelled: false
2025-12-10T18:24:13.677Z [debug]: Order 6587663745259 (Date: 2025-11-26): Payment Gateways: [manual] | isCOD: false | isPrepaid: true | Cancelled: false
2025-12-10T18:24:13.677Z [debug]: Order 6587667906795 (Date: 2025-11-26): Payment Gateways: [manual] | isCOD: false | isPrepaid: true | Cancelled: false
2025-12-10T18:24:13.677Z [debug]: Order 6587724792043 (Date: 2025-11-26): Payment Gateways: [manual] | isCOD: false | isPrepaid: true | Cancelled: false
2025-12-10T18:24:13.677Z [debug]: Order 6587727118571 (Date: 2025-11-26): Payment Gateways: [manual] | isCOD: false | isPrepaid: true | Cancelled: false
2025-12-10T18:24:13.677Z [debug]: Order 6587779875051 (Date: 2025-11-26): Payment Gateways: [manual] | isCOD: false | isPrepaid: true | Cancelled: false
2025-12-10T18:24:13.677Z [debug]: Order 6587796127979 (Date: 2025-11-26): Payment Gateways: [manual] | isCOD: false | isPrepaid: true | Cancelled: false
2025-12-10T18:24:13.677Z [debug]: Order 6587800092907 (Date: 2025-11-26): Payment Gateways: [manual] | isCOD: false | isPrepaid: true | Cancelled: false
2025-12-10T18:24:13.677Z [debug]: Order 6587889877227 (Date: 2025-11-26): Payment Gateways: [manual] | isCOD: false | isPrepaid: true | Cancelled: false
2025-12-10T18:24:13.856Z [debug]: Order 6587935391979 (Date: 2025-11-26): Payment Gateways: [manual] | isCOD: false | isPrepaid: true | Cancelled: true
2025-12-10T18:31:51.609Z [debug]: Order 6973566714166 (Date: 2025-11-26): Payment Gateways: [Cash on Delivery (COD)] | isCOD: true | isPrepaid: false | Cancelled: true
2025-12-10T18:31:51.609Z [debug]: Order 6976024445238 (Date: 2025-11-26): Payment Gateways: [Cash on Delivery (COD)] | isCOD: true | isPrepaid: false | Cancelled: false
2025-12-10T18:31:51.610Z [debug]: Order 6976115540278 (Date: 2025-11-26): Payment Gateways: [Cash on Delivery (COD)] | isCOD: true | isPrepaid: false | Cancelled: false
2025-12-11T04:17:06.210Z [debug]: Order 6754525774131 (Date: 2025-11-26): Payment Gateways: [1 Razorpay] | isCOD: false | isPrepaid: true | Cancelled: false
