2025-12-10T18:23:42.222Z [debug]: Order 6483985400043 (Date: 2025-09-30): Payment Gateways: [Cash On Delivery] | isCOD: true | isPrepaid: false | Cancelled: false
2025-12-10T18:23:42.222Z [debug]: Order 6484020396267 (Date: 2025-09-30): Payment Gateways: [Cash On Delivery] | isCOD: true | isPrepaid: false | Cancelled: false
2025-12-10T18:23:42.222Z [debug]: Order 6484086259947 (Date: 2025-09-30): Payment Gateways: [Cash On Delivery] | isCOD: true | isPrepaid: false | Cancelled: false
2025-12-10T18:23:42.223Z [debug]: Order 6484220477675 (Date: 2025-09-30): Payment Gateways: [Cashfree Payments] | isCOD: false | isPrepaid: true | Cancelled: false
2025-12-10T18:23:42.223Z [debug]: Order 6484307214571 (Date: 2025-09-30): Payment Gateways: [Ecom360 - Prepaid] | isCOD: false | isPrepaid: true | Cancelled: false
2025-12-10T18:23:42.223Z [debug]: Order 6484576501995 (Date: 2025-09-30): Payment Gateways: [Ecom360 - Prepaid] | isCOD: false | isPrepaid: true | Cancelled: false
2025-12-10T18:23:42.223Z [debug]: Order 6484602716395 (Date: 2025-09-30): Payment Gateways: [Ecom360 - Prepaid] | isCOD: false | isPrepaid: true | Cancelled: false
2025-12-10T18:23:42.224Z [debug]: Order 6484652327147 (Date: 2025-09-30): Payment Gateways: [Ecom360 - Prepaid] | isCOD: false | isPrepaid: true | Cancelled: false
2025-12-10T18:23:42.224Z [debug]: Order 6484679393515 (Date: 2025-09-30): Payment Gateways: [Ecom360 - Prepaid] | isCOD: false | isPrepaid: true | Cancelled: false
2025-12-10T18:23:42.224Z [debug]: Order 6484895596779 (Date: 2025-09-30): Payment Gateways: [Ecom360 - Prepaid] | isCOD: false | isPrepaid: true | Cancelled: false
2025-12-10T18:23:42.224Z [debug]: Order 6484985938155 (Date: 2025-09-30): Payment Gateways: [Ecom360 - Prepaid] | isCOD: false | isPrepaid: true | Cancelled: false
2025-12-10T18:23:42.405Z [debug]: Order 6485027225835 (Date: 2025-09-30): Payment Gateways: [Cash On Delivery] | isCOD: true | isPrepaid: false | Cancelled: true
2025-12-10T18:23:42.406Z [debug]: Order 6485050556651 (Date: 2025-09-30): Payment Gateways: [Cash On Delivery] | isCOD: true | isPrepaid: false | Cancelled: false
2025-12-10T18:23:42.406Z [debug]: Order 6485121368299 (Date: 2025-09-30): Payment Gateways: [Cashfree Payments] | isCOD: false | isPrepaid: true | Cancelled: false
2025-12-10T18:23:42.406Z [debug]: Order 6485141782763 (Date: 2025-09-30): Payment Gateways: [Cash On Delivery] | isCOD: true | isPrepaid: false | Cancelled: false
2025-12-10T18:23:42.407Z [debug]: Order 6485143224555 (Date: 2025-09-30): Payment Gateways: [Cash On Delivery] | isCOD: true | isPrepaid: false | Cancelled: false
2025-12-10T18:23:42.407Z [debug]: Order 6485186740459 (Date: 2025-09-30): Payment Gateways: [Cash On Delivery] | isCOD: true | isPrepaid: false | Cancelled: true
2025-12-10T18:23:42.407Z [debug]: Order 6485222555883 (Date: 2025-09-30): Payment Gateways: [Cash On Delivery] | isCOD: true | isPrepaid: false | Cancelled: false
2025-12-10T18:23:42.407Z [debug]: Order 6485268791531 (Date: 2025-09-30): Payment Gateways: [Ecom360 - Prepaid] | isCOD: false | isPrepaid: true | Cancelled: false
2025-12-10T18:23:42.407Z [debug]: Order 6485272821995 (Date: 2025-09-30): Payment Gateways: [Cash On Delivery] | isCOD: true | isPrepaid: false | Cancelled: false
2025-12-10T18:23:42.408Z [debug]: Order 6485319483627 (Date: 2025-09-30): Payment Gateways: [Ecom360 - Prepaid] | isCOD: false | isPrepaid: true | Cancelled: false
2025-12-10T18:23:42.408Z [debug]: Order 6485376893163 (Date: 2025-09-30): Payment Gateways: [Ecom360 - Prepaid] | isCOD: false | isPrepaid: true | Cancelled: false
2025-12-10T18:23:42.408Z [debug]: Order 6485400092907 (Date: 2025-09-30): Payment Gateways: [Ecom360 - Prepaid] | isCOD: false | isPrepaid: true | Cancelled: false
2025-12-10T18:23:42.408Z [debug]: Order 6485426405611 (Date: 2025-09-30): Payment Gateways: [Ecom360 - Prepaid] | isCOD: false | isPrepaid: true | Cancelled: false
2025-12-10T18:23:42.409Z [debug]: Order 6485442167019 (Date: 2025-09-30): Payment Gateways: [Ecom360 - Prepaid] | isCOD: false | isPrepaid: true | Cancelled: false
2025-12-10T18:23:42.585Z [debug]: Order 6485443215595 (Date: 2025-09-30): Payment Gateways: [Cash On Delivery] | isCOD: true | isPrepaid: false | Cancelled: true
2025-12-10T18:23:42.585Z [debug]: Order 6485451407595 (Date: 2025-09-30): Payment Gateways: [Ecom360 - Prepaid] | isCOD: false | isPrepaid: true | Cancelled: false
2025-12-10T18:23:42.585Z [debug]: Order 6485463073003 (Date: 2025-09-30): Payment Gateways: [Ecom360 - Prepaid] | isCOD: false | isPrepaid: true | Cancelled: false
2025-12-10T18:23:42.586Z [debug]: Order 6485481062635 (Date: 2025-09-30): Payment Gateways: [Ecom360 - Prepaid] | isCOD: false | isPrepaid: true | Cancelled: false
2025-12-10T18:23:42.586Z [debug]: Order 6485509112043 (Date: 2025-09-30): Payment Gateways: [Cash On Delivery] | isCOD: true | isPrepaid: false | Cancelled: false
2025-12-10T18:23:42.586Z [debug]: Order 6485520974059 (Date: 2025-09-30): Payment Gateways: [Ecom360 - Prepaid] | isCOD: false | isPrepaid: true | Cancelled: false
2025-12-10T18:23:42.587Z [debug]: Order 6485540569323 (Date: 2025-09-30): Payment Gateways: [Ecom360 - Prepaid] | isCOD: false | isPrepaid: true | Cancelled: false
2025-12-10T18:23:42.587Z [debug]: Order 6485603844331 (Date: 2025-09-30): Payment Gateways: [] | isCOD: false | isPrepaid: false | Cancelled: false
2025-12-10T18:23:42.587Z [debug]: Order 6485607416043 (Date: 2025-09-30): Payment Gateways: [Cash On Delivery] | isCOD: true | isPrepaid: false | Cancelled: false
2025-12-10T18:23:42.767Z [debug]: Order 6485804613867 (Date: 2025-09-30): Payment Gateways: [Cash On Delivery] | isCOD: true | isPrepaid: false | Cancelled: true
2025-12-10T18:23:42.767Z [debug]: Order 6485909766379 (Date: 2025-09-30): Payment Gateways: [Cash On Delivery] | isCOD: true | isPrepaid: false | Cancelled: false
2025-12-10T18:23:42.767Z [debug]: Order 6485915893995 (Date: 2025-09-30): Payment Gateways: [Cash On Delivery] | isCOD: true | isPrepaid: false | Cancelled: false
2025-12-10T18:23:42.768Z [debug]: Order 6485931098347 (Date: 2025-09-30): Payment Gateways: [Cash On Delivery] | isCOD: true | isPrepaid: false | Cancelled: false
2025-12-10T18:23:42.768Z [debug]: Order 6485933916395 (Date: 2025-09-30): Payment Gateways: [Ecom360 - Prepaid] | isCOD: false | isPrepaid: true | Cancelled: false
2025-12-10T18:23:42.768Z [debug]: Order 6485939880171 (Date: 2025-09-30): Payment Gateways: [Cash On Delivery] | isCOD: true | isPrepaid: false | Cancelled: false
2025-12-10T18:23:42.768Z [debug]: Order 6486029172971 (Date: 2025-09-30): Payment Gateways: [Ecom360 - Prepaid] | isCOD: false | isPrepaid: true | Cancelled: false
2025-12-10T18:23:42.768Z [debug]: Order 6486070460651 (Date: 2025-09-30): Payment Gateways: [Ecom360 - Prepaid] | isCOD: false | isPrepaid: true | Cancelled: false
2025-12-10T18:23:42.768Z [debug]: Order 6486106570987 (Date: 2025-09-30): Payment Gateways: [Ecom360 - Prepaid] | isCOD: false | isPrepaid: true | Cancelled: false
2025-12-10T18:23:42.769Z [debug]: Order 6486126133483 (Date: 2025-09-30): Payment Gateways: [Cashfree Payments] | isCOD: false | isPrepaid: true | Cancelled: false
2025-12-11T04:09:51.440Z [debug]: Order 6174887542973 (Date: 2025-09-30): Payment Gateways: [Gokwik UPI] | isCOD: false | isPrepaid: true | Cancelled: false
2025-12-11T04:09:51.621Z [debug]: Order 6175222661309 (Date: 2025-09-30): Payment Gateways: [cash_on_delivery] | isCOD: true | isPrepaid: false | Cancelled: true
2025-12-11T04:17:06.010Z [debug]: Order 6662738805043 (Date: 2025-09-30): Payment Gateways: [Cash on Delivery (COD)] | isCOD: true | isPrepaid: false | Cancelled: true
