2025-12-10T18:18:04.784Z [debug]: Order 5947552989419 (Date: 2024-10-09): Payment Gateways: [Cashfree Payments] | isCOD: false | isPrepaid: true | Cancelled: false
2025-12-10T18:18:04.784Z [debug]: Order 5947566751979 (Date: 2024-10-09): Payment Gateways: [Cashfree Payments] | isCOD: false | isPrepaid: true | Cancelled: false
2025-12-10T18:18:04.784Z [debug]: Order 5947572158699 (Date: 2024-10-09): Payment Gateways: [Cashfree Payments] | isCOD: false | isPrepaid: true | Cancelled: false
2025-12-10T18:18:04.784Z [debug]: Order 5947602075883 (Date: 2024-10-09): Payment Gateways: [Cashfree Payments] | isCOD: false | isPrepaid: true | Cancelled: false
2025-12-10T18:18:04.784Z [debug]: Order 5947617116395 (Date: 2024-10-09): Payment Gateways: [Cashfree Payments] | isCOD: false | isPrepaid: true | Cancelled: false
2025-12-10T18:18:04.785Z [debug]: Order 5947633369323 (Date: 2024-10-09): Payment Gateways: [Cashfree Payments] | isCOD: false | isPrepaid: true | Cancelled: false
2025-12-10T18:18:04.785Z [debug]: Order 5947892760811 (Date: 2024-10-09): Payment Gateways: [Cashfree Payments] | isCOD: false | isPrepaid: true | Cancelled: false
2025-12-10T18:18:04.785Z [debug]: Order 5947915567339 (Date: 2024-10-09): Payment Gateways: [Cashfree Payments] | isCOD: false | isPrepaid: true | Cancelled: false
2025-12-10T18:18:04.785Z [debug]: Order 5947930968299 (Date: 2024-10-09): Payment Gateways: [GoKwik Cash On Delivery] | isCOD: true | isPrepaid: false | Cancelled: false
2025-12-10T18:18:04.785Z [debug]: Order 5947983823083 (Date: 2024-10-09): Payment Gateways: [GoKwik Cash On Delivery] | isCOD: true | isPrepaid: false | Cancelled: false
2025-12-10T18:18:04.785Z [debug]: Order 5947987853547 (Date: 2024-10-09): Payment Gateways: [Cashfree Payments] | isCOD: false | isPrepaid: true | Cancelled: false
2025-12-10T18:18:04.785Z [debug]: Order 5947997651179 (Date: 2024-10-09): Payment Gateways: [GoKwik Cash On Delivery] | isCOD: true | isPrepaid: false | Cancelled: false
2025-12-10T18:18:04.785Z [debug]: Order 5948005155051 (Date: 2024-10-09): Payment Gateways: [Cashfree Payments] | isCOD: false | isPrepaid: true | Cancelled: false
2025-12-10T18:18:04.785Z [debug]: Order 5948015214827 (Date: 2024-10-09): Payment Gateways: [Cashfree Payments] | isCOD: false | isPrepaid: true | Cancelled: false
2025-12-10T18:18:04.785Z [debug]: Order 5948019605739 (Date: 2024-10-09): Payment Gateways: [manual] | isCOD: false | isPrepaid: true | Cancelled: false
2025-12-10T18:18:04.785Z [debug]: Order 5948022751467 (Date: 2024-10-09): Payment Gateways: [Cashfree Payments] | isCOD: false | isPrepaid: true | Cancelled: false
2025-12-10T18:18:04.785Z [debug]: Order 5948023472363 (Date: 2024-10-09): Payment Gateways: [GoKwik Cash On Delivery] | isCOD: true | isPrepaid: false | Cancelled: false
2025-12-10T18:18:04.785Z [debug]: Order 5948035334379 (Date: 2024-10-09): Payment Gateways: [GoKwik Cash On Delivery] | isCOD: true | isPrepaid: false | Cancelled: false
2025-12-10T18:18:04.785Z [debug]: Order 5948044968171 (Date: 2024-10-09): Payment Gateways: [Cashfree Payments] | isCOD: false | isPrepaid: true | Cancelled: false
2025-12-10T18:18:04.786Z [debug]: Order 5948046999787 (Date: 2024-10-09): Payment Gateways: [GoKwik Cash On Delivery] | isCOD: true | isPrepaid: false | Cancelled: false
2025-12-10T18:18:04.786Z [debug]: Order 5948051063019 (Date: 2024-10-09): Payment Gateways: [GoKwik Cash On Delivery] | isCOD: true | isPrepaid: false | Cancelled: false
2025-12-10T18:18:04.786Z [debug]: Order 5948052668651 (Date: 2024-10-09): Payment Gateways: [Cashfree Payments] | isCOD: false | isPrepaid: true | Cancelled: false
2025-12-10T18:18:04.786Z [debug]: Order 5948056666347 (Date: 2024-10-09): Payment Gateways: [GoKwik Cash On Delivery] | isCOD: true | isPrepaid: false | Cancelled: false
2025-12-10T18:18:04.786Z [debug]: Order 5948075213035 (Date: 2024-10-09): Payment Gateways: [Cashfree Payments] | isCOD: false | isPrepaid: true | Cancelled: false
2025-12-10T18:18:04.786Z [debug]: Order 5948085895403 (Date: 2024-10-09): Payment Gateways: [Cashfree Payments] | isCOD: false | isPrepaid: true | Cancelled: false
2025-12-10T18:18:04.786Z [debug]: Order 5948106080491 (Date: 2024-10-09): Payment Gateways: [manual] | isCOD: false | isPrepaid: true | Cancelled: false
2025-12-10T18:18:04.786Z [debug]: Order 5948106309867 (Date: 2024-10-09): Payment Gateways: [Cashfree Payments] | isCOD: false | isPrepaid: true | Cancelled: false
2025-12-10T18:18:04.786Z [debug]: Order 5948111257835 (Date: 2024-10-09): Payment Gateways: [GoKwik Cash On Delivery] | isCOD: true | isPrepaid: false | Cancelled: false
2025-12-10T18:18:04.786Z [debug]: Order 5948112896235 (Date: 2024-10-09): Payment Gateways: [GoKwik Cash On Delivery] | isCOD: true | isPrepaid: false | Cancelled: false
2025-12-10T18:18:04.786Z [debug]: Order 5948121907435 (Date: 2024-10-09): Payment Gateways: [GoKwik Cash On Delivery] | isCOD: true | isPrepaid: false | Cancelled: false
2025-12-10T18:18:04.786Z [debug]: Order 5948125315307 (Date: 2024-10-09): Payment Gateways: [GoKwik Cash On Delivery] | isCOD: true | isPrepaid: false | Cancelled: false
2025-12-10T18:18:04.786Z [debug]: Order 5948127248619 (Date: 2024-10-09): Payment Gateways: [GoKwik Cash On Delivery] | isCOD: true | isPrepaid: false | Cancelled: false
2025-12-10T18:18:04.786Z [debug]: Order 5948130197739 (Date: 2024-10-09): Payment Gateways: [Cashfree Payments] | isCOD: false | isPrepaid: true | Cancelled: false
2025-12-10T18:18:04.975Z [debug]: Order 5948139208939 (Date: 2024-10-09): Payment Gateways: [Cashfree Payments] | isCOD: false | isPrepaid: true | Cancelled: false
2025-12-10T18:18:04.975Z [debug]: Order 5948147892459 (Date: 2024-10-09): Payment Gateways: [Cashfree Payments] | isCOD: false | isPrepaid: true | Cancelled: false
2025-12-10T18:18:04.976Z [debug]: Order 5948148515051 (Date: 2024-10-09): Payment Gateways: [GoKwik Cash On Delivery] | isCOD: true | isPrepaid: false | Cancelled: false
2025-12-10T18:18:04.976Z [debug]: Order 5948148777195 (Date: 2024-10-09): Payment Gateways: [manual] | isCOD: false | isPrepaid: true | Cancelled: false
2025-12-10T18:18:04.976Z [debug]: Order 5948152905963 (Date: 2024-10-09): Payment Gateways: [Cashfree Payments] | isCOD: false | isPrepaid: true | Cancelled: false
2025-12-10T18:18:04.976Z [debug]: Order 5948159131883 (Date: 2024-10-09): Payment Gateways: [Cashfree Payments] | isCOD: false | isPrepaid: true | Cancelled: false
2025-12-10T18:18:04.977Z [debug]: Order 5948160835819 (Date: 2024-10-09): Payment Gateways: [Cashfree Payments] | isCOD: false | isPrepaid: true | Cancelled: false
2025-12-10T18:18:04.977Z [debug]: Order 5948162244843 (Date: 2024-10-09): Payment Gateways: [Cashfree Payments] | isCOD: false | isPrepaid: true | Cancelled: false
2025-12-10T18:18:04.977Z [debug]: Order 5948164538603 (Date: 2024-10-09): Payment Gateways: [Cashfree Payments] | isCOD: false | isPrepaid: true | Cancelled: false
2025-12-10T18:18:04.977Z [debug]: Order 5948167356651 (Date: 2024-10-09): Payment Gateways: [GoKwik Cash On Delivery] | isCOD: true | isPrepaid: false | Cancelled: false
2025-12-10T18:18:04.977Z [debug]: Order 5948188459243 (Date: 2024-10-09): Payment Gateways: [Cashfree Payments] | isCOD: false | isPrepaid: true | Cancelled: false
2025-12-10T18:18:04.978Z [debug]: Order 5948188623083 (Date: 2024-10-09): Payment Gateways: [GoKwik Cash On Delivery] | isCOD: true | isPrepaid: false | Cancelled: false
2025-12-10T18:18:04.978Z [debug]: Order 5948189278443 (Date: 2024-10-09): Payment Gateways: [GoKwik Cash On Delivery] | isCOD: true | isPrepaid: false | Cancelled: false
2025-12-10T18:18:04.978Z [debug]: Order 5948205433067 (Date: 2024-10-09): Payment Gateways: [Cashfree Payments] | isCOD: false | isPrepaid: true | Cancelled: false
2025-12-10T18:18:04.978Z [debug]: Order 5948208808171 (Date: 2024-10-09): Payment Gateways: [GoKwik Cash On Delivery] | isCOD: true | isPrepaid: false | Cancelled: false
2025-12-10T18:18:04.978Z [debug]: Order 5948220014827 (Date: 2024-10-09): Payment Gateways: [Cashfree Payments] | isCOD: false | isPrepaid: true | Cancelled: false
2025-12-10T18:18:04.978Z [debug]: Order 5948224143595 (Date: 2024-10-09): Payment Gateways: [GoKwik Cash On Delivery] | isCOD: true | isPrepaid: false | Cancelled: false
2025-12-10T18:18:04.978Z [debug]: Order 5948231614699 (Date: 2024-10-09): Payment Gateways: [Cashfree Payments] | isCOD: false | isPrepaid: true | Cancelled: false
2025-12-10T18:18:04.978Z [debug]: Order 5948284469483 (Date: 2024-10-09): Payment Gateways: [Cashfree Payments] | isCOD: false | isPrepaid: true | Cancelled: false
2025-12-10T18:18:04.979Z [debug]: Order 5948286730475 (Date: 2024-10-09): Payment Gateways: [Cashfree Payments] | isCOD: false | isPrepaid: true | Cancelled: false
2025-12-10T18:18:05.167Z [debug]: Order 5948293087467 (Date: 2024-10-09): Payment Gateways: [GoKwik Cash On Delivery] | isCOD: true | isPrepaid: false | Cancelled: true
2025-12-10T18:18:05.167Z [debug]: Order 5948305211627 (Date: 2024-10-09): Payment Gateways: [Cashfree Payments] | isCOD: false | isPrepaid: true | Cancelled: false
2025-12-10T18:18:05.167Z [debug]: Order 5948306915563 (Date: 2024-10-09): Payment Gateways: [manual] | isCOD: false | isPrepaid: true | Cancelled: false
2025-12-10T18:18:05.168Z [debug]: Order 5948323954923 (Date: 2024-10-09): Payment Gateways: [Cashfree Payments] | isCOD: false | isPrepaid: true | Cancelled: false
2025-12-10T18:18:05.168Z [debug]: Order 5948330574059 (Date: 2024-10-09): Payment Gateways: [Cashfree Payments] | isCOD: false | isPrepaid: true | Cancelled: false
2025-12-10T18:18:05.168Z [debug]: Order 5948352692459 (Date: 2024-10-09): Payment Gateways: [Cashfree Payments] | isCOD: false | isPrepaid: true | Cancelled: false
2025-12-10T18:18:05.168Z [debug]: Order 5948357968107 (Date: 2024-10-09): Payment Gateways: [Cashfree Payments] | isCOD: false | isPrepaid: true | Cancelled: false
2025-12-10T18:18:05.168Z [debug]: Order 5948359344363 (Date: 2024-10-09): Payment Gateways: [GoKwik Cash On Delivery] | isCOD: true | isPrepaid: false | Cancelled: false
2025-12-10T18:18:05.169Z [debug]: Order 5948360098027 (Date: 2024-10-09): Payment Gateways: [Cashfree Payments] | isCOD: false | isPrepaid: true | Cancelled: false
2025-12-10T18:18:05.169Z [debug]: Order 5948369567979 (Date: 2024-10-09): Payment Gateways: [Cashfree Payments] | isCOD: false | isPrepaid: true | Cancelled: false
2025-12-10T18:18:05.169Z [debug]: Order 5948394012907 (Date: 2024-10-09): Payment Gateways: [Cashfree Payments] | isCOD: false | isPrepaid: true | Cancelled: false
2025-12-10T18:18:05.169Z [debug]: Order 5948417147115 (Date: 2024-10-09): Payment Gateways: [GoKwik Cash On Delivery] | isCOD: true | isPrepaid: false | Cancelled: false
2025-12-10T18:18:05.169Z [debug]: Order 5948458402027 (Date: 2024-10-09): Payment Gateways: [Cashfree Payments] | isCOD: false | isPrepaid: true | Cancelled: false
2025-12-10T18:18:05.170Z [debug]: Order 5948478947563 (Date: 2024-10-09): Payment Gateways: [GoKwik Cash On Delivery] | isCOD: true | isPrepaid: false | Cancelled: false
2025-12-10T18:18:05.170Z [debug]: Order 5948484387051 (Date: 2024-10-09): Payment Gateways: [Cashfree Payments] | isCOD: false | isPrepaid: true | Cancelled: false
2025-12-10T18:18:05.170Z [debug]: Order 5948514828523 (Date: 2024-10-09): Payment Gateways: [Cashfree Payments] | isCOD: false | isPrepaid: true | Cancelled: false
2025-12-10T18:18:05.170Z [debug]: Order 5948525084907 (Date: 2024-10-09): Payment Gateways: [Cashfree Payments] | isCOD: false | isPrepaid: true | Cancelled: false
2025-12-10T18:18:05.171Z [debug]: Order 5948561981675 (Date: 2024-10-09): Payment Gateways: [Cashfree Payments] | isCOD: false | isPrepaid: true | Cancelled: false
2025-12-10T18:18:05.171Z [debug]: Order 5948563390699 (Date: 2024-10-09): Payment Gateways: [GoKwik Cash On Delivery] | isCOD: true | isPrepaid: false | Cancelled: false
2025-12-10T18:18:05.171Z [debug]: Order 5948564209899 (Date: 2024-10-09): Payment Gateways: [GoKwik Cash On Delivery] | isCOD: true | isPrepaid: false | Cancelled: false
2025-12-11T04:16:21.868Z [debug]: Order 6080738132275 (Date: 2024-10-09): Payment Gateways: [CCAvenue] | isCOD: false | isPrepaid: true | Cancelled: false
2025-12-11T04:16:21.868Z [debug]: Order 6081156153651 (Date: 2024-10-09): Payment Gateways: [CCAvenue] | isCOD: false | isPrepaid: true | Cancelled: false
2025-12-11T04:16:21.868Z [debug]: Order 6081303871795 (Date: 2024-10-09): Payment Gateways: [CCAvenue] | isCOD: false | isPrepaid: true | Cancelled: false
2025-12-11T04:16:21.868Z [debug]: Order 6081336836403 (Date: 2024-10-09): Payment Gateways: [CCAvenue] | isCOD: false | isPrepaid: true | Cancelled: false
2025-12-11T04:16:21.868Z [debug]: Order 6081354924339 (Date: 2024-10-09): Payment Gateways: [CCAvenue] | isCOD: false | isPrepaid: true | Cancelled: false
2025-12-11T04:16:21.868Z [debug]: Order 6081724743987 (Date: 2024-10-09): Payment Gateways: [Cash on Delivery (COD)] | isCOD: true | isPrepaid: false | Cancelled: false
2025-12-11T04:16:21.869Z [debug]: Order 6081990099251 (Date: 2024-10-09): Payment Gateways: [Cash on Delivery (COD)] | isCOD: true | isPrepaid: false | Cancelled: false
