2025-12-10T18:23:04.762Z [debug]: Order 6262389899499 (Date: 2025-05-22): Payment Gateways: [Ecom360 - Prepaid] | isCOD: false | isPrepaid: true | Cancelled: false
2025-12-10T18:23:04.762Z [debug]: Order 6262407856363 (Date: 2025-05-22): Payment Gateways: [Cashfree Payments] | isCOD: false | isPrepaid: true | Cancelled: false
2025-12-10T18:23:04.762Z [debug]: Order 6262680322283 (Date: 2025-05-22): Payment Gateways: [Cash On Delivery] | isCOD: true | isPrepaid: false | Cancelled: false
2025-12-10T18:23:04.762Z [debug]: Order 6262696968427 (Date: 2025-05-22): Payment Gateways: [Ecom360 - Prepaid] | isCOD: false | isPrepaid: true | Cancelled: false
2025-12-10T18:23:04.763Z [debug]: Order 6262713843947 (Date: 2025-05-22): Payment Gateways: [Ecom360 - Prepaid] | isCOD: false | isPrepaid: true | Cancelled: false
2025-12-10T18:23:04.763Z [debug]: Order 6262777905387 (Date: 2025-05-22): Payment Gateways: [Ecom360 - Prepaid] | isCOD: false | isPrepaid: true | Cancelled: false
2025-12-10T18:23:04.763Z [debug]: Order 6262784458987 (Date: 2025-05-22): Payment Gateways: [Ecom360 - Prepaid] | isCOD: false | isPrepaid: true | Cancelled: false
2025-12-10T18:23:04.763Z [debug]: Order 6262802317547 (Date: 2025-05-22): Payment Gateways: [Ecom360 - Prepaid] | isCOD: false | isPrepaid: true | Cancelled: false
2025-12-10T18:23:04.943Z [debug]: Order 6262805004523 (Date: 2025-05-22): Payment Gateways: [Cash On Delivery] | isCOD: true | isPrepaid: false | Cancelled: true
2025-12-10T18:23:04.943Z [debug]: Order 6262808215787 (Date: 2025-05-22): Payment Gateways: [Cashfree Payments] | isCOD: false | isPrepaid: true | Cancelled: false
2025-12-10T18:23:04.943Z [debug]: Order 6262823813355 (Date: 2025-05-22): Payment Gateways: [Ecom360 - Prepaid] | isCOD: false | isPrepaid: true | Cancelled: false
2025-12-10T18:23:04.943Z [debug]: Order 6262835642603 (Date: 2025-05-22): Payment Gateways: [Ecom360 - Prepaid] | isCOD: false | isPrepaid: true | Cancelled: false
2025-12-10T18:23:04.943Z [debug]: Order 6262867329259 (Date: 2025-05-22): Payment Gateways: [Cash On Delivery] | isCOD: true | isPrepaid: false | Cancelled: false
2025-12-10T18:23:04.944Z [debug]: Order 6262876569835 (Date: 2025-05-22): Payment Gateways: [Ecom360 - Prepaid] | isCOD: false | isPrepaid: true | Cancelled: false
2025-12-10T18:23:04.944Z [debug]: Order 6262952984811 (Date: 2025-05-22): Payment Gateways: [Cash On Delivery] | isCOD: true | isPrepaid: false | Cancelled: false
2025-12-10T18:23:04.944Z [debug]: Order 6262970253547 (Date: 2025-05-22): Payment Gateways: [Ecom360 - Prepaid] | isCOD: false | isPrepaid: true | Cancelled: false
2025-12-10T18:23:04.944Z [debug]: Order 6262975398123 (Date: 2025-05-22): Payment Gateways: [Ecom360 - Prepaid] | isCOD: false | isPrepaid: true | Cancelled: false
2025-12-10T18:23:04.944Z [debug]: Order 6263002071275 (Date: 2025-05-22): Payment Gateways: [Cash On Delivery] | isCOD: true | isPrepaid: false | Cancelled: false
2025-12-10T18:23:04.944Z [debug]: Order 6263006953707 (Date: 2025-05-22): Payment Gateways: [Ecom360 - Prepaid] | isCOD: false | isPrepaid: true | Cancelled: false
2025-12-10T18:23:04.944Z [debug]: Order 6263026614507 (Date: 2025-05-22): Payment Gateways: [Ecom360 - Prepaid] | isCOD: false | isPrepaid: true | Cancelled: false
2025-12-10T18:23:04.944Z [debug]: Order 6263028941035 (Date: 2025-05-22): Payment Gateways: [Ecom360 - Prepaid] | isCOD: false | isPrepaid: true | Cancelled: false
2025-12-10T18:23:04.944Z [debug]: Order 6263030972651 (Date: 2025-05-22): Payment Gateways: [Cash On Delivery] | isCOD: true | isPrepaid: false | Cancelled: false
2025-12-10T18:23:04.944Z [debug]: Order 6263057187051 (Date: 2025-05-22): Payment Gateways: [Cash On Delivery, manual] | isCOD: true | isPrepaid: false | Cancelled: false
2025-12-10T18:23:05.135Z [debug]: Order 6263064527083 (Date: 2025-05-22): Payment Gateways: [Ecom360 - Prepaid] | isCOD: false | isPrepaid: true | Cancelled: true
2025-12-10T18:23:05.136Z [debug]: Order 6263086842091 (Date: 2025-05-22): Payment Gateways: [Ecom360 - Prepaid] | isCOD: false | isPrepaid: true | Cancelled: false
2025-12-10T18:23:05.137Z [debug]: Order 6263127113963 (Date: 2025-05-22): Payment Gateways: [Ecom360 - Prepaid] | isCOD: false | isPrepaid: true | Cancelled: false
2025-12-10T18:23:05.137Z [debug]: Order 6263134585067 (Date: 2025-05-22): Payment Gateways: [Cashfree Payments] | isCOD: false | isPrepaid: true | Cancelled: false
2025-12-10T18:23:05.137Z [debug]: Order 6263166042347 (Date: 2025-05-22): Payment Gateways: [Ecom360 - Prepaid] | isCOD: false | isPrepaid: true | Cancelled: false
2025-12-10T18:23:05.137Z [debug]: Order 6263215325419 (Date: 2025-05-22): Payment Gateways: [Ecom360 - Prepaid] | isCOD: false | isPrepaid: true | Cancelled: false
2025-12-10T18:23:05.138Z [debug]: Order 6263230398699 (Date: 2025-05-22): Payment Gateways: [Ecom360 - Prepaid] | isCOD: false | isPrepaid: true | Cancelled: false
2025-12-10T18:23:05.321Z [debug]: Order 6263263068395 (Date: 2025-05-22): Payment Gateways: [Cash On Delivery] | isCOD: true | isPrepaid: false | Cancelled: true
2025-12-10T18:23:05.321Z [debug]: Order 6263263166699 (Date: 2025-05-22): Payment Gateways: [Ecom360 - Prepaid] | isCOD: false | isPrepaid: true | Cancelled: false
2025-12-10T18:23:05.321Z [debug]: Order 6263266541803 (Date: 2025-05-22): Payment Gateways: [Cash On Delivery] | isCOD: true | isPrepaid: false | Cancelled: false
2025-12-10T18:23:05.322Z [debug]: Order 6263299834091 (Date: 2025-05-22): Payment Gateways: [Ecom360 - Prepaid] | isCOD: false | isPrepaid: true | Cancelled: false
2025-12-10T18:23:05.322Z [debug]: Order 6263305961707 (Date: 2025-05-22): Payment Gateways: [Ecom360 - Prepaid] | isCOD: false | isPrepaid: true | Cancelled: false
2025-12-10T18:23:05.322Z [debug]: Order 6263325393131 (Date: 2025-05-22): Payment Gateways: [Ecom360 - Prepaid] | isCOD: false | isPrepaid: true | Cancelled: false
2025-12-10T18:23:05.322Z [debug]: Order 6263333912811 (Date: 2025-05-22): Payment Gateways: [Ecom360 - Prepaid] | isCOD: false | isPrepaid: true | Cancelled: false
2025-12-10T18:23:05.322Z [debug]: Order 6263376216299 (Date: 2025-05-22): Payment Gateways: [Cash On Delivery] | isCOD: true | isPrepaid: false | Cancelled: false
2025-12-10T18:23:05.323Z [debug]: Order 6263384309995 (Date: 2025-05-22): Payment Gateways: [Cashfree Payments] | isCOD: false | isPrepaid: true | Cancelled: false
