2025-12-10T18:17:21.759Z [debug]: Order 5793558233323 (Date: 2024-06-23): Payment Gateways: [Cashfree Payments] | isCOD: false | isPrepaid: true | Cancelled: false
2025-12-10T18:17:21.759Z [debug]: Order 5793631600875 (Date: 2024-06-23): Payment Gateways: [Cash on Delivery (COD)] | isCOD: true | isPrepaid: false | Cancelled: false
2025-12-10T18:17:21.953Z [debug]: Order 5793788494059 (Date: 2024-06-23): Payment Gateways: [Cash on Delivery (COD)] | isCOD: true | isPrepaid: false | Cancelled: true
2025-12-10T18:17:21.953Z [debug]: Order 5793859371243 (Date: 2024-06-23): Payment Gateways: [Cashfree Payments] | isCOD: false | isPrepaid: true | Cancelled: false
2025-12-10T18:17:21.953Z [debug]: Order 5793900888299 (Date: 2024-06-23): Payment Gateways: [Cashfree Payments] | isCOD: false | isPrepaid: true | Cancelled: false
2025-12-10T18:17:22.120Z [debug]: Order 5793913635051 (Date: 2024-06-23): Payment Gateways: [Cash on Delivery (COD)] | isCOD: true | isPrepaid: false | Cancelled: true
2025-12-10T18:17:22.277Z [debug]: Order 5793921958123 (Date: 2024-06-23): Payment Gateways: [Cash on Delivery (COD)] | isCOD: true | isPrepaid: false | Cancelled: true
2025-12-10T18:17:22.277Z [debug]: Order 5793932542187 (Date: 2024-06-23): Payment Gateways: [Cashfree Payments] | isCOD: false | isPrepaid: true | Cancelled: false
2025-12-10T18:17:22.277Z [debug]: Order 5793953841387 (Date: 2024-06-23): Payment Gateways: [Cashfree Payments] | isCOD: false | isPrepaid: true | Cancelled: false
2025-12-10T18:17:22.277Z [debug]: Order 5793967538411 (Date: 2024-06-23): Payment Gateways: [Cashfree Payments] | isCOD: false | isPrepaid: true | Cancelled: false
2025-12-10T18:17:22.278Z [debug]: Order 5793982611691 (Date: 2024-06-23): Payment Gateways: [Cashfree Payments] | isCOD: false | isPrepaid: true | Cancelled: false
2025-12-10T18:17:22.278Z [debug]: Order 5793984217323 (Date: 2024-06-23): Payment Gateways: [Cashfree Payments] | isCOD: false | isPrepaid: true | Cancelled: false
2025-12-10T18:17:22.278Z [debug]: Order 5793986150635 (Date: 2024-06-23): Payment Gateways: [Cash on Delivery (COD)] | isCOD: true | isPrepaid: false | Cancelled: false
2025-12-10T18:17:22.278Z [debug]: Order 5793992605931 (Date: 2024-06-23): Payment Gateways: [Cash on Delivery (COD)] | isCOD: true | isPrepaid: false | Cancelled: false
2025-12-10T18:17:22.278Z [debug]: Order 5793996472555 (Date: 2024-06-23): Payment Gateways: [Cashfree Payments] | isCOD: false | isPrepaid: true | Cancelled: false
2025-12-10T18:17:22.278Z [debug]: Order 5794014724331 (Date: 2024-06-23): Payment Gateways: [Cashfree Payments] | isCOD: false | isPrepaid: true | Cancelled: false
2025-12-10T18:17:22.451Z [debug]: Order 5794017116395 (Date: 2024-06-23): Payment Gateways: [Cash on Delivery (COD)] | isCOD: true | isPrepaid: false | Cancelled: true
2025-12-10T18:17:22.452Z [debug]: Order 5794022523115 (Date: 2024-06-23): Payment Gateways: [Cashfree Payments] | isCOD: false | isPrepaid: true | Cancelled: false
2025-12-10T18:17:22.452Z [debug]: Order 5794036875499 (Date: 2024-06-23): Payment Gateways: [Cashfree Payments] | isCOD: false | isPrepaid: true | Cancelled: false
2025-12-10T18:17:22.452Z [debug]: Order 5794054799595 (Date: 2024-06-23): Payment Gateways: [Cashfree Payments] | isCOD: false | isPrepaid: true | Cancelled: false
2025-12-10T18:17:22.452Z [debug]: Order 5794066989291 (Date: 2024-06-23): Payment Gateways: [Cashfree Payments] | isCOD: false | isPrepaid: true | Cancelled: false
2025-12-10T18:17:22.453Z [debug]: Order 5794084618475 (Date: 2024-06-23): Payment Gateways: [Cashfree Payments] | isCOD: false | isPrepaid: true | Cancelled: false
2025-12-10T18:17:22.453Z [debug]: Order 5794090483947 (Date: 2024-06-23): Payment Gateways: [Cash on Delivery (COD)] | isCOD: true | isPrepaid: false | Cancelled: false
2025-12-10T18:17:22.453Z [debug]: Order 5794105032939 (Date: 2024-06-23): Payment Gateways: [Cashfree Payments] | isCOD: false | isPrepaid: true | Cancelled: false
2025-12-10T18:17:22.453Z [debug]: Order 5794141012203 (Date: 2024-06-23): Payment Gateways: [Cashfree Payments] | isCOD: false | isPrepaid: true | Cancelled: false
2025-12-10T18:17:22.453Z [debug]: Order 5794167619819 (Date: 2024-06-23): Payment Gateways: [Cashfree Payments] | isCOD: false | isPrepaid: true | Cancelled: false
2025-12-10T18:17:22.610Z [debug]: Order 5794169979115 (Date: 2024-06-23): Payment Gateways: [Cash on Delivery (COD)] | isCOD: true | isPrepaid: false | Cancelled: true
2025-12-10T18:17:22.611Z [debug]: Order 5794175320299 (Date: 2024-06-23): Payment Gateways: [Cashfree Payments] | isCOD: false | isPrepaid: true | Cancelled: false
2025-12-10T18:17:22.611Z [debug]: Order 5794178728171 (Date: 2024-06-23): Payment Gateways: [Cashfree Payments] | isCOD: false | isPrepaid: true | Cancelled: false
2025-12-10T18:17:22.611Z [debug]: Order 5794204254443 (Date: 2024-06-23): Payment Gateways: [Cashfree Payments] | isCOD: false | isPrepaid: true | Cancelled: false
2025-12-10T18:17:22.611Z [debug]: Order 5794221457643 (Date: 2024-06-23): Payment Gateways: [Cash on Delivery (COD)] | isCOD: true | isPrepaid: false | Cancelled: false
2025-12-10T18:17:22.774Z [debug]: Order 5794236858603 (Date: 2024-06-23): Payment Gateways: [Cash on Delivery (COD)] | isCOD: true | isPrepaid: false | Cancelled: true
2025-12-10T18:17:22.775Z [debug]: Order 5794265039083 (Date: 2024-06-23): Payment Gateways: [Cash on Delivery (COD)] | isCOD: true | isPrepaid: false | Cancelled: false
2025-12-10T18:17:22.775Z [debug]: Order 5794276114667 (Date: 2024-06-23): Payment Gateways: [Cash on Delivery (COD)] | isCOD: true | isPrepaid: false | Cancelled: false
2025-12-10T18:17:22.775Z [debug]: Order 5794297741547 (Date: 2024-06-23): Payment Gateways: [Cashfree Payments] | isCOD: false | isPrepaid: true | Cancelled: false
2025-12-10T18:17:22.775Z [debug]: Order 5794342863083 (Date: 2024-06-23): Payment Gateways: [Cashfree Payments] | isCOD: false | isPrepaid: true | Cancelled: false
2025-12-10T18:17:22.941Z [debug]: Order 5794348400875 (Date: 2024-06-23): Payment Gateways: [Cash on Delivery (COD)] | isCOD: true | isPrepaid: false | Cancelled: true
2025-12-10T18:17:22.941Z [debug]: Order 5794360754411 (Date: 2024-06-23): Payment Gateways: [Cashfree Payments] | isCOD: false | isPrepaid: true | Cancelled: false
2025-12-10T18:17:22.941Z [debug]: Order 5794403320043 (Date: 2024-06-23): Payment Gateways: [Cash on Delivery (COD)] | isCOD: true | isPrepaid: false | Cancelled: false
2025-12-10T18:17:22.942Z [debug]: Order 5794408890603 (Date: 2024-06-23): Payment Gateways: [Cash on Delivery (COD)] | isCOD: true | isPrepaid: false | Cancelled: false
2025-12-10T18:17:22.942Z [debug]: Order 5794411938027 (Date: 2024-06-23): Payment Gateways: [Cash on Delivery (COD)] | isCOD: true | isPrepaid: false | Cancelled: false
2025-12-10T18:17:23.099Z [debug]: Order 5794423505131 (Date: 2024-06-23): Payment Gateways: [Cash on Delivery (COD)] | isCOD: true | isPrepaid: false | Cancelled: true
2025-12-10T18:17:23.100Z [debug]: Order 5794426257643 (Date: 2024-06-23): Payment Gateways: [Cashfree Payments] | isCOD: false | isPrepaid: true | Cancelled: false
2025-12-10T18:17:23.100Z [debug]: Order 5794427273451 (Date: 2024-06-23): Payment Gateways: [Cashfree Payments] | isCOD: false | isPrepaid: true | Cancelled: false
2025-12-10T18:17:23.100Z [debug]: Order 5794438316267 (Date: 2024-06-23): Payment Gateways: [Cash on Delivery (COD)] | isCOD: true | isPrepaid: false | Cancelled: false
2025-12-10T18:17:23.100Z [debug]: Order 5794473214187 (Date: 2024-06-23): Payment Gateways: [Cashfree Payments] | isCOD: false | isPrepaid: true | Cancelled: false
2025-12-10T18:17:23.101Z [debug]: Order 5794476720363 (Date: 2024-06-23): Payment Gateways: [Cash on Delivery (COD)] | isCOD: true | isPrepaid: false | Cancelled: false
2025-12-10T18:17:23.101Z [debug]: Order 5794507849963 (Date: 2024-06-23): Payment Gateways: [Cash on Delivery (COD)] | isCOD: true | isPrepaid: false | Cancelled: false
2025-12-10T18:17:23.101Z [debug]: Order 5794525085931 (Date: 2024-06-23): Payment Gateways: [Cash on Delivery (COD)] | isCOD: true | isPrepaid: false | Cancelled: false
2025-12-11T04:16:24.454Z [debug]: Order 5943913382195 (Date: 2024-06-23): Payment Gateways: [Cash on Delivery (COD), manual] | isCOD: true | isPrepaid: false | Cancelled: false
2025-12-11T04:16:24.455Z [debug]: Order 5944410964275 (Date: 2024-06-23): Payment Gateways: [Cash on Delivery (COD), manual] | isCOD: true | isPrepaid: false | Cancelled: false
2025-12-11T04:16:24.455Z [debug]: Order 5944415551795 (Date: 2024-06-23): Payment Gateways: [PortOne Payments] | isCOD: false | isPrepaid: true | Cancelled: false
2025-12-11T04:16:24.455Z [debug]: Order 5944631689523 (Date: 2024-06-23): Payment Gateways: [Cash on Delivery (COD), manual] | isCOD: true | isPrepaid: false | Cancelled: false
