2025-12-10T18:23:34.157Z [debug]: Order 6463018762475 (Date: 2025-09-21): Payment Gateways: [Cash On Delivery] | isCOD: true | isPrepaid: false | Cancelled: false
2025-12-10T18:23:34.157Z [debug]: Order 6463022629099 (Date: 2025-09-21): Payment Gateways: [Ecom360 - Prepaid] | isCOD: false | isPrepaid: true | Cancelled: false
2025-12-10T18:23:34.157Z [debug]: Order 6463025283307 (Date: 2025-09-21): Payment Gateways: [Ecom360 - Prepaid] | isCOD: false | isPrepaid: true | Cancelled: false
2025-12-10T18:23:34.158Z [debug]: Order 6463027183851 (Date: 2025-09-21): Payment Gateways: [Ecom360 - Prepaid] | isCOD: false | isPrepaid: true | Cancelled: false
2025-12-10T18:23:34.158Z [debug]: Order 6463048745195 (Date: 2025-09-21): Payment Gateways: [Cash On Delivery] | isCOD: true | isPrepaid: false | Cancelled: false
2025-12-10T18:23:34.336Z [debug]: Order 6463051104491 (Date: 2025-09-21): Payment Gateways: [Cash On Delivery] | isCOD: true | isPrepaid: false | Cancelled: true
2025-12-10T18:23:34.337Z [debug]: Order 6463064604907 (Date: 2025-09-21): Payment Gateways: [Cash On Delivery] | isCOD: true | isPrepaid: false | Cancelled: false
2025-12-10T18:23:34.337Z [debug]: Order 6463064867051 (Date: 2025-09-21): Payment Gateways: [Ecom360 - Prepaid] | isCOD: false | isPrepaid: true | Cancelled: false
2025-12-10T18:23:34.337Z [debug]: Order 6463073485035 (Date: 2025-09-21): Payment Gateways: [Cash On Delivery] | isCOD: true | isPrepaid: false | Cancelled: false
2025-12-10T18:23:34.338Z [debug]: Order 6463075680491 (Date: 2025-09-21): Payment Gateways: [Ecom360 - Prepaid] | isCOD: false | isPrepaid: true | Cancelled: false
2025-12-10T18:23:34.533Z [debug]: Order 6463085936875 (Date: 2025-09-21): Payment Gateways: [Cash On Delivery] | isCOD: true | isPrepaid: false | Cancelled: true
2025-12-10T18:23:34.534Z [debug]: Order 6463098847467 (Date: 2025-09-21): Payment Gateways: [Ecom360 - Prepaid] | isCOD: false | isPrepaid: true | Cancelled: false
2025-12-10T18:23:34.534Z [debug]: Order 6463111332075 (Date: 2025-09-21): Payment Gateways: [Ecom360 - Prepaid] | isCOD: false | isPrepaid: true | Cancelled: false
2025-12-10T18:23:34.534Z [debug]: Order 6463425970411 (Date: 2025-09-21): Payment Gateways: [Cashfree Payments] | isCOD: false | isPrepaid: true | Cancelled: false
2025-12-10T18:23:34.534Z [debug]: Order 6463503696107 (Date: 2025-09-21): Payment Gateways: [Ecom360 - Prepaid] | isCOD: false | isPrepaid: true | Cancelled: false
2025-12-10T18:23:34.535Z [debug]: Order 6463509758187 (Date: 2025-09-21): Payment Gateways: [Cash On Delivery] | isCOD: true | isPrepaid: false | Cancelled: false
2025-12-10T18:23:34.535Z [debug]: Order 6463546163435 (Date: 2025-09-21): Payment Gateways: [Cash On Delivery] | isCOD: true | isPrepaid: false | Cancelled: false
2025-12-10T18:23:34.535Z [debug]: Order 6463582503147 (Date: 2025-09-21): Payment Gateways: [Ecom360 - Prepaid] | isCOD: false | isPrepaid: true | Cancelled: false
2025-12-10T18:23:34.535Z [debug]: Order 6463582732523 (Date: 2025-09-21): Payment Gateways: [Ecom360 - Prepaid] | isCOD: false | isPrepaid: true | Cancelled: false
2025-12-10T18:23:34.535Z [debug]: Order 6463590760683 (Date: 2025-09-21): Payment Gateways: [Ecom360 - Prepaid] | isCOD: false | isPrepaid: true | Cancelled: false
2025-12-10T18:23:34.535Z [debug]: Order 6463603867883 (Date: 2025-09-21): Payment Gateways: [Cash On Delivery] | isCOD: true | isPrepaid: false | Cancelled: false
2025-12-10T18:23:34.536Z [debug]: Order 6463635587307 (Date: 2025-09-21): Payment Gateways: [Cashfree Payments] | isCOD: false | isPrepaid: true | Cancelled: false
2025-12-10T18:23:34.536Z [debug]: Order 6463640764651 (Date: 2025-09-21): Payment Gateways: [Ecom360 - Prepaid] | isCOD: false | isPrepaid: true | Cancelled: false
2025-12-10T18:23:34.536Z [debug]: Order 6463648923883 (Date: 2025-09-21): Payment Gateways: [Cash On Delivery] | isCOD: true | isPrepaid: false | Cancelled: false
2025-12-10T18:23:34.536Z [debug]: Order 6463649448171 (Date: 2025-09-21): Payment Gateways: [Ecom360 - Prepaid] | isCOD: false | isPrepaid: true | Cancelled: false
2025-12-10T18:23:34.536Z [debug]: Order 6463651250411 (Date: 2025-09-21): Payment Gateways: [Ecom360 - Prepaid] | isCOD: false | isPrepaid: true | Cancelled: false
2025-12-10T18:23:34.536Z [debug]: Order 6463655903467 (Date: 2025-09-21): Payment Gateways: [Ecom360 - Prepaid] | isCOD: false | isPrepaid: true | Cancelled: false
2025-12-10T18:23:34.719Z [debug]: Order 6463658688747 (Date: 2025-09-21): Payment Gateways: [Cash On Delivery] | isCOD: true | isPrepaid: false | Cancelled: true
2025-12-10T18:23:34.720Z [debug]: Order 6463672811755 (Date: 2025-09-21): Payment Gateways: [Ecom360 - Prepaid] | isCOD: false | isPrepaid: true | Cancelled: false
2025-12-10T18:23:34.720Z [debug]: Order 6463679168747 (Date: 2025-09-21): Payment Gateways: [Ecom360 - Prepaid] | isCOD: false | isPrepaid: true | Cancelled: false
2025-12-10T18:23:34.720Z [debug]: Order 6463715442923 (Date: 2025-09-21): Payment Gateways: [Ecom360 - Prepaid] | isCOD: false | isPrepaid: true | Cancelled: false
2025-12-10T18:23:34.720Z [debug]: Order 6463814271211 (Date: 2025-09-21): Payment Gateways: [Ecom360 - Prepaid] | isCOD: false | isPrepaid: true | Cancelled: false
2025-12-10T18:23:34.721Z [debug]: Order 6463841796331 (Date: 2025-09-21): Payment Gateways: [Cash On Delivery] | isCOD: true | isPrepaid: false | Cancelled: false
2025-12-10T18:23:34.721Z [debug]: Order 6463885246699 (Date: 2025-09-21): Payment Gateways: [Cashfree Payments] | isCOD: false | isPrepaid: true | Cancelled: false
2025-12-10T18:23:34.721Z [debug]: Order 6463911362795 (Date: 2025-09-21): Payment Gateways: [Ecom360 - Prepaid] | isCOD: false | isPrepaid: true | Cancelled: false
2025-12-10T18:23:34.721Z [debug]: Order 6463929352427 (Date: 2025-09-21): Payment Gateways: [Ecom360 - Prepaid] | isCOD: false | isPrepaid: true | Cancelled: false
2025-12-10T18:23:34.722Z [debug]: Order 6463950029035 (Date: 2025-09-21): Payment Gateways: [Ecom360 - Prepaid] | isCOD: false | isPrepaid: true | Cancelled: false
2025-12-10T18:23:34.722Z [debug]: Order 6464002621675 (Date: 2025-09-21): Payment Gateways: [Ecom360 - Prepaid] | isCOD: false | isPrepaid: true | Cancelled: false
2025-12-10T18:23:34.722Z [debug]: Order 6464030998763 (Date: 2025-09-21): Payment Gateways: [Ecom360 - Prepaid] | isCOD: false | isPrepaid: true | Cancelled: false
2025-12-10T18:23:34.722Z [debug]: Order 6464073498859 (Date: 2025-09-21): Payment Gateways: [Cash On Delivery] | isCOD: true | isPrepaid: false | Cancelled: false
2025-12-10T18:23:34.722Z [debug]: Order 6464092897515 (Date: 2025-09-21): Payment Gateways: [Cash On Delivery] | isCOD: true | isPrepaid: false | Cancelled: false
2025-12-10T18:23:34.723Z [debug]: Order 6464113672427 (Date: 2025-09-21): Payment Gateways: [Ecom360 - Prepaid] | isCOD: false | isPrepaid: true | Cancelled: false
2025-12-10T18:23:34.723Z [debug]: Order 6464130449643 (Date: 2025-09-21): Payment Gateways: [Ecom360 - Prepaid] | isCOD: false | isPrepaid: true | Cancelled: false
2025-12-10T18:23:34.723Z [debug]: Order 6464138510571 (Date: 2025-09-21): Payment Gateways: [Cash On Delivery] | isCOD: true | isPrepaid: false | Cancelled: false
2025-12-10T18:23:34.723Z [debug]: Order 6464145457387 (Date: 2025-09-21): Payment Gateways: [Cash On Delivery] | isCOD: true | isPrepaid: false | Cancelled: false
2025-12-10T18:23:34.723Z [debug]: Order 6464164331755 (Date: 2025-09-21): Payment Gateways: [Cash On Delivery] | isCOD: true | isPrepaid: false | Cancelled: false
2025-12-10T18:23:34.723Z [debug]: Order 6464189300971 (Date: 2025-09-21): Payment Gateways: [Ecom360 - Prepaid] | isCOD: false | isPrepaid: true | Cancelled: false
2025-12-10T18:23:34.724Z [debug]: Order 6464209748203 (Date: 2025-09-21): Payment Gateways: [Ecom360 - Prepaid] | isCOD: false | isPrepaid: true | Cancelled: false
2025-12-11T04:09:48.664Z [debug]: Order 6162933907645 (Date: 2025-09-21): Payment Gateways: [cash_on_delivery] | isCOD: true | isPrepaid: false | Cancelled: false
2025-12-11T04:09:48.664Z [debug]: Order 6163019759805 (Date: 2025-09-21): Payment Gateways: [cash_on_delivery] | isCOD: true | isPrepaid: false | Cancelled: false
2025-12-11T04:09:48.849Z [debug]: Order 6163152142525 (Date: 2025-09-21): Payment Gateways: [cash_on_delivery] | isCOD: true | isPrepaid: false | Cancelled: true
2025-12-11T04:09:48.849Z [debug]: Order 6163317293245 (Date: 2025-09-21): Payment Gateways: [cash_on_delivery] | isCOD: true | isPrepaid: false | Cancelled: false
2025-12-11T04:17:05.619Z [debug]: Order 6648706892083 (Date: 2025-09-21): Payment Gateways: [1 Razorpay] | isCOD: false | isPrepaid: true | Cancelled: false
2025-12-11T04:17:05.619Z [debug]: Order 6649888833843 (Date: 2025-09-21): Payment Gateways: [Cash on Delivery (COD)] | isCOD: true | isPrepaid: false | Cancelled: false
