2025-12-10T18:16:21.787Z [debug]: Order 5709222510827 (Date: 2024-04-19): Payment Gateways: [Cashfree Payments] | isCOD: false | isPrepaid: true | Cancelled: false
2025-12-10T18:16:21.788Z [debug]: Order 5709226672363 (Date: 2024-04-19): Payment Gateways: [Cash on Delivery (COD)] | isCOD: true | isPrepaid: false | Cancelled: false
2025-12-10T18:16:21.788Z [debug]: Order 5709355352299 (Date: 2024-04-19): Payment Gateways: [Cash on Delivery (COD)] | isCOD: true | isPrepaid: false | Cancelled: false
2025-12-10T18:16:21.788Z [debug]: Order 5709397295339 (Date: 2024-04-19): Payment Gateways: [Cash on Delivery (COD)] | isCOD: true | isPrepaid: false | Cancelled: false
2025-12-10T18:16:21.788Z [debug]: Order 5709465813227 (Date: 2024-04-19): Payment Gateways: [Cashfree Payments] | isCOD: false | isPrepaid: true | Cancelled: false
2025-12-10T18:16:21.951Z [debug]: Order 5709482754283 (Date: 2024-04-19): Payment Gateways: [Cash on Delivery (COD)] | isCOD: true | isPrepaid: false | Cancelled: true
2025-12-10T18:16:21.952Z [debug]: Order 5709568147691 (Date: 2024-04-19): Payment Gateways: [Cashfree Payments] | isCOD: false | isPrepaid: true | Cancelled: false
2025-12-10T18:16:21.952Z [debug]: Order 5709598359787 (Date: 2024-04-19): Payment Gateways: [Cash on Delivery (COD)] | isCOD: true | isPrepaid: false | Cancelled: false
2025-12-10T18:16:21.952Z [debug]: Order 5709600227563 (Date: 2024-04-19): Payment Gateways: [Cashfree Payments] | isCOD: false | isPrepaid: true | Cancelled: false
2025-12-10T18:16:21.952Z [debug]: Order 5709600260331 (Date: 2024-04-19): Payment Gateways: [Cashfree Payments] | isCOD: false | isPrepaid: true | Cancelled: false
2025-12-10T18:16:21.953Z [debug]: Order 5709601374443 (Date: 2024-04-19): Payment Gateways: [Cashfree Payments] | isCOD: false | isPrepaid: true | Cancelled: false
2025-12-10T18:16:21.953Z [debug]: Order 5709605109995 (Date: 2024-04-19): Payment Gateways: [Cash on Delivery (COD)] | isCOD: true | isPrepaid: false | Cancelled: false
2025-12-10T18:16:21.953Z [debug]: Order 5709642432747 (Date: 2024-04-19): Payment Gateways: [Cash on Delivery (COD)] | isCOD: true | isPrepaid: false | Cancelled: false
2025-12-10T18:16:21.953Z [debug]: Order 5709648363755 (Date: 2024-04-19): Payment Gateways: [Cashfree Payments] | isCOD: false | isPrepaid: true | Cancelled: false
2025-12-10T18:16:21.953Z [debug]: Order 5709657735403 (Date: 2024-04-19): Payment Gateways: [Cashfree Payments] | isCOD: false | isPrepaid: true | Cancelled: false
2025-12-10T18:16:21.954Z [debug]: Order 5709662814443 (Date: 2024-04-19): Payment Gateways: [Cashfree Payments] | isCOD: false | isPrepaid: true | Cancelled: false
2025-12-10T18:16:21.954Z [debug]: Order 5709667827947 (Date: 2024-04-19): Payment Gateways: [Cash on Delivery (COD)] | isCOD: true | isPrepaid: false | Cancelled: false
2025-12-10T18:16:21.954Z [debug]: Order 5709678674155 (Date: 2024-04-19): Payment Gateways: [Cashfree Payments] | isCOD: false | isPrepaid: true | Cancelled: false
2025-12-10T18:16:21.954Z [debug]: Order 5709679329515 (Date: 2024-04-19): Payment Gateways: [Cash on Delivery (COD)] | isCOD: true | isPrepaid: false | Cancelled: false
2025-12-10T18:16:21.955Z [debug]: Order 5709690700011 (Date: 2024-04-19): Payment Gateways: [Cashfree Payments] | isCOD: false | isPrepaid: true | Cancelled: false
2025-12-10T18:16:21.955Z [debug]: Order 5709702988011 (Date: 2024-04-19): Payment Gateways: [Cashfree Payments] | isCOD: false | isPrepaid: true | Cancelled: false
2025-12-10T18:16:21.955Z [debug]: Order 5709720223979 (Date: 2024-04-19): Payment Gateways: [Cash on Delivery (COD)] | isCOD: true | isPrepaid: false | Cancelled: false
2025-12-10T18:16:21.955Z [debug]: Order 5709721567467 (Date: 2024-04-19): Payment Gateways: [Cash on Delivery (COD)] | isCOD: true | isPrepaid: false | Cancelled: false
2025-12-10T18:16:21.955Z [debug]: Order 5709724188907 (Date: 2024-04-19): Payment Gateways: [Cash on Delivery (COD)] | isCOD: true | isPrepaid: false | Cancelled: false
2025-12-10T18:16:21.956Z [debug]: Order 5709728809195 (Date: 2024-04-19): Payment Gateways: [Cash on Delivery (COD)] | isCOD: true | isPrepaid: false | Cancelled: false
2025-12-10T18:16:21.956Z [debug]: Order 5709732118763 (Date: 2024-04-19): Payment Gateways: [Cashfree Payments] | isCOD: false | isPrepaid: true | Cancelled: false
2025-12-10T18:16:21.956Z [debug]: Order 5709733855467 (Date: 2024-04-19): Payment Gateways: [Cashfree Payments] | isCOD: false | isPrepaid: true | Cancelled: false
2025-12-10T18:16:21.956Z [debug]: Order 5709741097195 (Date: 2024-04-19): Payment Gateways: [Cash on Delivery (COD)] | isCOD: true | isPrepaid: false | Cancelled: false
2025-12-10T18:16:21.956Z [debug]: Order 5709741981931 (Date: 2024-04-19): Payment Gateways: [Cashfree Payments] | isCOD: false | isPrepaid: true | Cancelled: false
2025-12-10T18:16:22.118Z [debug]: Order 5709743587563 (Date: 2024-04-19): Payment Gateways: [Cash on Delivery (COD)] | isCOD: true | isPrepaid: false | Cancelled: true
2025-12-10T18:16:22.119Z [debug]: Order 5709744111851 (Date: 2024-04-19): Payment Gateways: [Cashfree Payments] | isCOD: false | isPrepaid: true | Cancelled: false
2025-12-10T18:16:22.119Z [debug]: Order 5709750599915 (Date: 2024-04-19): Payment Gateways: [Cashfree Payments] | isCOD: false | isPrepaid: true | Cancelled: false
2025-12-10T18:16:22.119Z [debug]: Order 5709756596459 (Date: 2024-04-19): Payment Gateways: [Cashfree Payments] | isCOD: false | isPrepaid: true | Cancelled: false
2025-12-10T18:16:22.119Z [debug]: Order 5709757776107 (Date: 2024-04-19): Payment Gateways: [Cash on Delivery (COD)] | isCOD: true | isPrepaid: false | Cancelled: false
2025-12-10T18:16:22.120Z [debug]: Order 5709758136555 (Date: 2024-04-19): Payment Gateways: [Cashfree Payments] | isCOD: false | isPrepaid: true | Cancelled: false
2025-12-10T18:16:22.120Z [debug]: Order 5709758300395 (Date: 2024-04-19): Payment Gateways: [Cashfree Payments] | isCOD: false | isPrepaid: true | Cancelled: false
2025-12-10T18:16:22.120Z [debug]: Order 5709758693611 (Date: 2024-04-19): Payment Gateways: [Cash on Delivery (COD)] | isCOD: true | isPrepaid: false | Cancelled: false
2025-12-10T18:16:22.120Z [debug]: Order 5709760528619 (Date: 2024-04-19): Payment Gateways: [Cashfree Payments] | isCOD: false | isPrepaid: true | Cancelled: false
2025-12-10T18:16:22.120Z [debug]: Order 5709762461931 (Date: 2024-04-19): Payment Gateways: [Cash on Delivery (COD)] | isCOD: true | isPrepaid: false | Cancelled: false
2025-12-10T18:16:22.120Z [debug]: Order 5709773144299 (Date: 2024-04-19): Payment Gateways: [Cash on Delivery (COD)] | isCOD: true | isPrepaid: false | Cancelled: false
2025-12-10T18:16:22.121Z [debug]: Order 5709774160107 (Date: 2024-04-19): Payment Gateways: [Cashfree Payments] | isCOD: false | isPrepaid: true | Cancelled: false
2025-12-10T18:16:22.121Z [debug]: Order 5709777600747 (Date: 2024-04-19): Payment Gateways: [Cashfree Payments] | isCOD: false | isPrepaid: true | Cancelled: false
2025-12-10T18:16:22.121Z [debug]: Order 5709781631211 (Date: 2024-04-19): Payment Gateways: [Cash on Delivery (COD)] | isCOD: true | isPrepaid: false | Cancelled: false
2025-12-10T18:16:22.121Z [debug]: Order 5709793362155 (Date: 2024-04-19): Payment Gateways: [Cash on Delivery (COD)] | isCOD: true | isPrepaid: false | Cancelled: false
2025-12-10T18:16:22.284Z [debug]: Order 5709800177899 (Date: 2024-04-19): Payment Gateways: [Cash on Delivery (COD)] | isCOD: true | isPrepaid: false | Cancelled: false
2025-12-10T18:16:22.284Z [debug]: Order 5709802832107 (Date: 2024-04-19): Payment Gateways: [Cashfree Payments] | isCOD: false | isPrepaid: true | Cancelled: false
2025-12-10T18:16:22.285Z [debug]: Order 5709813907691 (Date: 2024-04-19): Payment Gateways: [Cash on Delivery (COD)] | isCOD: true | isPrepaid: false | Cancelled: false
2025-12-10T18:16:22.285Z [debug]: Order 5709816070379 (Date: 2024-04-19): Payment Gateways: [Cashfree Payments] | isCOD: false | isPrepaid: true | Cancelled: false
2025-12-10T18:16:22.449Z [debug]: Order 5709819052267 (Date: 2024-04-19): Payment Gateways: [Cash on Delivery (COD)] | isCOD: true | isPrepaid: false | Cancelled: true
2025-12-10T18:16:22.450Z [debug]: Order 5709823934699 (Date: 2024-04-19): Payment Gateways: [Cashfree Payments] | isCOD: false | isPrepaid: true | Cancelled: false
2025-12-10T18:16:22.611Z [debug]: Order 5709828161771 (Date: 2024-04-19): Payment Gateways: [manual] | isCOD: false | isPrepaid: true | Cancelled: true
2025-12-10T18:16:22.612Z [debug]: Order 5709828620523 (Date: 2024-04-19): Payment Gateways: [manual] | isCOD: false | isPrepaid: true | Cancelled: false
2025-12-10T18:16:22.612Z [debug]: Order 5709834518763 (Date: 2024-04-19): Payment Gateways: [Cash on Delivery (COD)] | isCOD: true | isPrepaid: false | Cancelled: false
2025-12-10T18:16:22.612Z [debug]: Order 5709836550379 (Date: 2024-04-19): Payment Gateways: [Cash on Delivery (COD)] | isCOD: true | isPrepaid: false | Cancelled: false
2025-12-10T18:16:22.612Z [debug]: Order 5709840417003 (Date: 2024-04-19): Payment Gateways: [Cashfree Payments] | isCOD: false | isPrepaid: true | Cancelled: false
2025-12-10T18:16:22.612Z [debug]: Order 5709840744683 (Date: 2024-04-19): Payment Gateways: [Cash on Delivery (COD)] | isCOD: true | isPrepaid: false | Cancelled: false
2025-12-10T18:16:22.613Z [debug]: Order 5709853229291 (Date: 2024-04-19): Payment Gateways: [Cashfree Payments] | isCOD: false | isPrepaid: true | Cancelled: false
2025-12-10T18:16:22.613Z [debug]: Order 5709854540011 (Date: 2024-04-19): Payment Gateways: [Cashfree Payments] | isCOD: false | isPrepaid: true | Cancelled: false
2025-12-10T18:16:22.613Z [debug]: Order 5709862994155 (Date: 2024-04-19): Payment Gateways: [Cashfree Payments] | isCOD: false | isPrepaid: true | Cancelled: false
2025-12-10T18:16:22.613Z [debug]: Order 5709865386219 (Date: 2024-04-19): Payment Gateways: [Cashfree Payments] | isCOD: false | isPrepaid: true | Cancelled: false
2025-12-10T18:16:22.613Z [debug]: Order 5709865713899 (Date: 2024-04-19): Payment Gateways: [Cashfree Payments] | isCOD: false | isPrepaid: true | Cancelled: false
2025-12-10T18:16:22.613Z [debug]: Order 5709883441387 (Date: 2024-04-19): Payment Gateways: [Cashfree Payments] | isCOD: false | isPrepaid: true | Cancelled: false
2025-12-10T18:16:22.613Z [debug]: Order 5709888028907 (Date: 2024-04-19): Payment Gateways: [gift_card] | isCOD: false | isPrepaid: true | Cancelled: false
2025-12-10T18:16:22.775Z [debug]: Order 5709893402859 (Date: 2024-04-19): Payment Gateways: [Cash on Delivery (COD)] | isCOD: true | isPrepaid: false | Cancelled: true
2025-12-10T18:16:22.776Z [debug]: Order 5709905297643 (Date: 2024-04-19): Payment Gateways: [Cashfree Payments] | isCOD: false | isPrepaid: true | Cancelled: false
2025-12-10T18:16:22.935Z [debug]: Order 5709923778795 (Date: 2024-04-19): Payment Gateways: [Cash on Delivery (COD)] | isCOD: true | isPrepaid: false | Cancelled: true
2025-12-10T18:16:23.099Z [debug]: Order 5709941211371 (Date: 2024-04-19): Payment Gateways: [Cash on Delivery (COD)] | isCOD: true | isPrepaid: false | Cancelled: true
2025-12-10T18:16:23.272Z [debug]: Order 5709953532139 (Date: 2024-04-19): Payment Gateways: [Cash on Delivery (COD)] | isCOD: true | isPrepaid: false | Cancelled: true
2025-12-10T18:16:23.272Z [debug]: Order 5709964083435 (Date: 2024-04-19): Payment Gateways: [Cashfree Payments] | isCOD: false | isPrepaid: true | Cancelled: false
2025-12-10T18:16:23.273Z [debug]: Order 5709964869867 (Date: 2024-04-19): Payment Gateways: [Cash on Delivery (COD)] | isCOD: true | isPrepaid: false | Cancelled: false
2025-12-10T18:16:23.273Z [debug]: Order 5710070907115 (Date: 2024-04-19): Payment Gateways: [Cashfree Payments] | isCOD: false | isPrepaid: true | Cancelled: false
2025-12-10T18:16:23.273Z [debug]: Order 5710075232491 (Date: 2024-04-19): Payment Gateways: [Cashfree Payments] | isCOD: false | isPrepaid: true | Cancelled: false
2025-12-10T18:16:23.440Z [debug]: Order 5710077788395 (Date: 2024-04-19): Payment Gateways: [Cash on Delivery (COD)] | isCOD: true | isPrepaid: false | Cancelled: true
2025-12-10T18:16:23.441Z [debug]: Order 5710091682027 (Date: 2024-04-19): Payment Gateways: [Cashfree Payments] | isCOD: false | isPrepaid: true | Cancelled: false
2025-12-10T18:16:23.441Z [debug]: Order 5710112784619 (Date: 2024-04-19): Payment Gateways: [Cashfree Payments] | isCOD: false | isPrepaid: true | Cancelled: false
2025-12-10T18:16:23.441Z [debug]: Order 5710120812779 (Date: 2024-04-19): Payment Gateways: [Cashfree Payments] | isCOD: false | isPrepaid: true | Cancelled: false
2025-12-10T18:16:23.442Z [debug]: Order 5710168064235 (Date: 2024-04-19): Payment Gateways: [Cashfree Payments] | isCOD: false | isPrepaid: true | Cancelled: false
2025-12-10T18:16:23.442Z [debug]: Order 5710175502571 (Date: 2024-04-19): Payment Gateways: [Cash on Delivery (COD)] | isCOD: true | isPrepaid: false | Cancelled: false
2025-12-10T18:16:23.442Z [debug]: Order 5710182711531 (Date: 2024-04-19): Payment Gateways: [Cash on Delivery (COD)] | isCOD: true | isPrepaid: false | Cancelled: false
2025-12-10T18:16:23.442Z [debug]: Order 5710184710379 (Date: 2024-04-19): Payment Gateways: [Cashfree Payments] | isCOD: false | isPrepaid: true | Cancelled: false
2025-12-10T18:16:23.442Z [debug]: Order 5710191886571 (Date: 2024-04-19): Payment Gateways: [Cashfree Payments] | isCOD: false | isPrepaid: true | Cancelled: false
2025-12-10T18:16:23.442Z [debug]: Order 5710206206187 (Date: 2024-04-19): Payment Gateways: [Cash on Delivery (COD)] | isCOD: true | isPrepaid: false | Cancelled: false
2025-12-10T18:16:23.442Z [debug]: Order 5710222098667 (Date: 2024-04-19): Payment Gateways: [Cash on Delivery (COD)] | isCOD: true | isPrepaid: false | Cancelled: false
2025-12-10T18:16:23.443Z [debug]: Order 5710244184299 (Date: 2024-04-19): Payment Gateways: [Cashfree Payments] | isCOD: false | isPrepaid: true | Cancelled: false
2025-12-10T18:16:23.443Z [debug]: Order 5710263648491 (Date: 2024-04-19): Payment Gateways: [Cash on Delivery (COD)] | isCOD: true | isPrepaid: false | Cancelled: false
2025-12-10T18:16:23.443Z [debug]: Order 5710274625771 (Date: 2024-04-19): Payment Gateways: [Cashfree Payments] | isCOD: false | isPrepaid: true | Cancelled: false
2025-12-10T18:16:23.443Z [debug]: Order 5710293926123 (Date: 2024-04-19): Payment Gateways: [Cashfree Payments] | isCOD: false | isPrepaid: true | Cancelled: false
2025-12-11T04:16:23.936Z [debug]: Order 5826731508019 (Date: 2024-04-19): Payment Gateways: [PortOne Payments] | isCOD: false | isPrepaid: true | Cancelled: false
2025-12-11T04:16:23.936Z [debug]: Order 5827003220275 (Date: 2024-04-19): Payment Gateways: [PortOne Payments] | isCOD: false | isPrepaid: true | Cancelled: false
