2025-12-10T18:17:39.871Z [debug]: Order 5818850410731 (Date: 2024-07-15): Payment Gateways: [Cashfree Payments] | isCOD: false | isPrepaid: true | Cancelled: false
2025-12-10T18:17:40.033Z [debug]: Order 5818861486315 (Date: 2024-07-15): Payment Gateways: [Cash on Delivery (COD)] | isCOD: true | isPrepaid: false | Cancelled: true
2025-12-10T18:17:40.033Z [debug]: Order 5818944717035 (Date: 2024-07-15): Payment Gateways: [Cashfree Payments] | isCOD: false | isPrepaid: true | Cancelled: false
2025-12-10T18:17:40.034Z [debug]: Order 5818963755243 (Date: 2024-07-15): Payment Gateways: [Cash on Delivery (COD)] | isCOD: true | isPrepaid: false | Cancelled: false
2025-12-10T18:17:40.034Z [debug]: Order 5818991182059 (Date: 2024-07-15): Payment Gateways: [Cash on Delivery (COD)] | isCOD: true | isPrepaid: false | Cancelled: false
2025-12-10T18:17:40.034Z [debug]: Order 5819040071915 (Date: 2024-07-15): Payment Gateways: [Cash on Delivery (COD)] | isCOD: true | isPrepaid: false | Cancelled: false
2025-12-10T18:17:40.034Z [debug]: Order 5819187986667 (Date: 2024-07-15): Payment Gateways: [Cash on Delivery (COD)] | isCOD: true | isPrepaid: false | Cancelled: false
2025-12-10T18:17:40.035Z [debug]: Order 5819254440171 (Date: 2024-07-15): Payment Gateways: [Cash on Delivery (COD)] | isCOD: true | isPrepaid: false | Cancelled: false
2025-12-10T18:17:40.035Z [debug]: Order 5819302674667 (Date: 2024-07-15): Payment Gateways: [Cashfree Payments] | isCOD: false | isPrepaid: true | Cancelled: false
2025-12-10T18:17:40.035Z [debug]: Order 5819303166187 (Date: 2024-07-15): Payment Gateways: [Cashfree Payments] | isCOD: false | isPrepaid: true | Cancelled: false
2025-12-10T18:17:40.035Z [debug]: Order 5819331412203 (Date: 2024-07-15): Payment Gateways: [Cashfree Payments] | isCOD: false | isPrepaid: true | Cancelled: false
2025-12-10T18:17:40.035Z [debug]: Order 5819341897963 (Date: 2024-07-15): Payment Gateways: [Cashfree Payments] | isCOD: false | isPrepaid: true | Cancelled: false
2025-12-10T18:17:40.036Z [debug]: Order 5819347304683 (Date: 2024-07-15): Payment Gateways: [Cashfree Payments] | isCOD: false | isPrepaid: true | Cancelled: false
2025-12-10T18:17:40.036Z [debug]: Order 5819365359851 (Date: 2024-07-15): Payment Gateways: [Cashfree Payments] | isCOD: false | isPrepaid: true | Cancelled: false
2025-12-10T18:17:40.036Z [debug]: Order 5819372077291 (Date: 2024-07-15): Payment Gateways: [Cashfree Payments] | isCOD: false | isPrepaid: true | Cancelled: false
2025-12-10T18:17:40.036Z [debug]: Order 5819383283947 (Date: 2024-07-15): Payment Gateways: [Cashfree Payments] | isCOD: false | isPrepaid: true | Cancelled: false
2025-12-10T18:17:40.036Z [debug]: Order 5819387969771 (Date: 2024-07-15): Payment Gateways: [Cash on Delivery (COD)] | isCOD: true | isPrepaid: false | Cancelled: false
2025-12-10T18:17:40.037Z [debug]: Order 5819417133291 (Date: 2024-07-15): Payment Gateways: [Cash on Delivery (COD)] | isCOD: true | isPrepaid: false | Cancelled: false
2025-12-10T18:17:40.037Z [debug]: Order 5819431715051 (Date: 2024-07-15): Payment Gateways: [Cash on Delivery (COD)] | isCOD: true | isPrepaid: false | Cancelled: false
2025-12-10T18:17:40.037Z [debug]: Order 5819436531947 (Date: 2024-07-15): Payment Gateways: [] | isCOD: false | isPrepaid: false | Cancelled: false
2025-12-10T18:17:40.037Z [debug]: Order 5819437842667 (Date: 2024-07-15): Payment Gateways: [Cashfree Payments] | isCOD: false | isPrepaid: true | Cancelled: false
2025-12-10T18:17:40.037Z [debug]: Order 5819442233579 (Date: 2024-07-15): Payment Gateways: [Cashfree Payments] | isCOD: false | isPrepaid: true | Cancelled: false
2025-12-10T18:17:40.037Z [debug]: Order 5819443052779 (Date: 2024-07-15): Payment Gateways: [Cash on Delivery (COD)] | isCOD: true | isPrepaid: false | Cancelled: false
2025-12-10T18:17:40.037Z [debug]: Order 5819472478443 (Date: 2024-07-15): Payment Gateways: [Cashfree Payments] | isCOD: false | isPrepaid: true | Cancelled: false
2025-12-10T18:17:40.038Z [debug]: Order 5819483750635 (Date: 2024-07-15): Payment Gateways: [manual] | isCOD: false | isPrepaid: true | Cancelled: false
2025-12-10T18:17:40.038Z [debug]: Order 5819484831979 (Date: 2024-07-15): Payment Gateways: [Cashfree Payments] | isCOD: false | isPrepaid: true | Cancelled: false
2025-12-10T18:17:40.038Z [debug]: Order 5819485028587 (Date: 2024-07-15): Payment Gateways: [manual] | isCOD: false | isPrepaid: true | Cancelled: false
2025-12-10T18:17:40.038Z [debug]: Order 5819489812715 (Date: 2024-07-15): Payment Gateways: [Cashfree Payments] | isCOD: false | isPrepaid: true | Cancelled: false
2025-12-10T18:17:40.198Z [debug]: Order 5819490402539 (Date: 2024-07-15): Payment Gateways: [Cash on Delivery (COD)] | isCOD: true | isPrepaid: false | Cancelled: true
2025-12-10T18:17:40.199Z [debug]: Order 5819496890603 (Date: 2024-07-15): Payment Gateways: [Cashfree Payments] | isCOD: false | isPrepaid: true | Cancelled: false
2025-12-10T18:17:40.199Z [debug]: Order 5819500069099 (Date: 2024-07-15): Payment Gateways: [Cashfree Payments] | isCOD: false | isPrepaid: true | Cancelled: false
2025-12-10T18:17:40.200Z [debug]: Order 5819505115371 (Date: 2024-07-15): Payment Gateways: [Cashfree Payments] | isCOD: false | isPrepaid: true | Cancelled: false
2025-12-10T18:17:40.357Z [debug]: Order 5819508031723 (Date: 2024-07-15): Payment Gateways: [Cash on Delivery (COD)] | isCOD: true | isPrepaid: false | Cancelled: true
2025-12-10T18:17:40.358Z [debug]: Order 5819534901483 (Date: 2024-07-15): Payment Gateways: [Cash on Delivery (COD)] | isCOD: true | isPrepaid: false | Cancelled: false
2025-12-10T18:17:40.358Z [debug]: Order 5819543159019 (Date: 2024-07-15): Payment Gateways: [Cashfree Payments] | isCOD: false | isPrepaid: true | Cancelled: false
2025-12-10T18:17:40.358Z [debug]: Order 5819555152107 (Date: 2024-07-15): Payment Gateways: [Cashfree Payments] | isCOD: false | isPrepaid: true | Cancelled: false
2025-12-10T18:17:40.358Z [debug]: Order 5819559411947 (Date: 2024-07-15): Payment Gateways: [Cashfree Payments] | isCOD: false | isPrepaid: true | Cancelled: false
2025-12-10T18:17:40.359Z [debug]: Order 5819562524907 (Date: 2024-07-15): Payment Gateways: [Cash on Delivery (COD)] | isCOD: true | isPrepaid: false | Cancelled: false
2025-12-10T18:17:40.359Z [debug]: Order 5819566850283 (Date: 2024-07-15): Payment Gateways: [Cashfree Payments] | isCOD: false | isPrepaid: true | Cancelled: false
2025-12-10T18:17:40.359Z [debug]: Order 5819596079339 (Date: 2024-07-15): Payment Gateways: [Cashfree Payments] | isCOD: false | isPrepaid: true | Cancelled: false
2025-12-10T18:17:40.359Z [debug]: Order 5819608498411 (Date: 2024-07-15): Payment Gateways: [Cash on Delivery (COD)] | isCOD: true | isPrepaid: false | Cancelled: false
2025-12-10T18:17:40.359Z [debug]: Order 5819614920939 (Date: 2024-07-15): Payment Gateways: [Cash on Delivery (COD)] | isCOD: true | isPrepaid: false | Cancelled: false
2025-12-10T18:17:40.360Z [debug]: Order 5819646542059 (Date: 2024-07-15): Payment Gateways: [Cash on Delivery (COD)] | isCOD: true | isPrepaid: false | Cancelled: false
2025-12-10T18:17:40.360Z [debug]: Order 5819659256043 (Date: 2024-07-15): Payment Gateways: [Cashfree Payments] | isCOD: false | isPrepaid: true | Cancelled: false
2025-12-10T18:17:40.531Z [debug]: Order 5819696087275 (Date: 2024-07-15): Payment Gateways: [Cashfree Payments] | isCOD: false | isPrepaid: true | Cancelled: false
2025-12-10T18:17:40.531Z [debug]: Order 5819714601195 (Date: 2024-07-15): Payment Gateways: [Cashfree Payments] | isCOD: false | isPrepaid: true | Cancelled: false
2025-12-10T18:17:40.691Z [debug]: Order 5819722432747 (Date: 2024-07-15): Payment Gateways: [Cashfree Payments] | isCOD: false | isPrepaid: true | Cancelled: false
2025-12-10T18:17:40.691Z [debug]: Order 5819724398827 (Date: 2024-07-15): Payment Gateways: [Cashfree Payments] | isCOD: false | isPrepaid: true | Cancelled: false
2025-12-10T18:17:40.691Z [debug]: Order 5819763425515 (Date: 2024-07-15): Payment Gateways: [Cashfree Payments] | isCOD: false | isPrepaid: true | Cancelled: false
2025-12-10T18:17:40.692Z [debug]: Order 5819778793707 (Date: 2024-07-15): Payment Gateways: [Cashfree Payments] | isCOD: false | isPrepaid: true | Cancelled: false
2025-12-10T18:17:40.692Z [debug]: Order 5819794391275 (Date: 2024-07-15): Payment Gateways: [Cashfree Payments] | isCOD: false | isPrepaid: true | Cancelled: false
2025-12-10T18:17:40.692Z [debug]: Order 5819819163883 (Date: 2024-07-15): Payment Gateways: [Cashfree Payments] | isCOD: false | isPrepaid: true | Cancelled: false
2025-12-10T18:17:40.692Z [debug]: Order 5819823489259 (Date: 2024-07-15): Payment Gateways: [Cash on Delivery (COD)] | isCOD: true | isPrepaid: false | Cancelled: false
2025-12-10T18:17:40.693Z [debug]: Order 5819826503915 (Date: 2024-07-15): Payment Gateways: [Cashfree Payments] | isCOD: false | isPrepaid: true | Cancelled: false
2025-12-10T18:17:40.693Z [debug]: Order 5819867988203 (Date: 2024-07-15): Payment Gateways: [Cashfree Payments] | isCOD: false | isPrepaid: true | Cancelled: false
2025-12-10T18:17:40.693Z [debug]: Order 5819888533739 (Date: 2024-07-15): Payment Gateways: [Cashfree Payments] | isCOD: false | isPrepaid: true | Cancelled: false
2025-12-10T18:17:40.694Z [debug]: Order 5819900133611 (Date: 2024-07-15): Payment Gateways: [Cash on Delivery (COD)] | isCOD: true | isPrepaid: false | Cancelled: false
2025-12-10T18:17:40.694Z [debug]: Order 5819922252011 (Date: 2024-07-15): Payment Gateways: [Cashfree Payments] | isCOD: false | isPrepaid: true | Cancelled: false
2025-12-10T18:17:40.695Z [debug]: Order 5819986706667 (Date: 2024-07-15): Payment Gateways: [Cashfree Payments] | isCOD: false | isPrepaid: true | Cancelled: false
2025-12-10T18:17:40.695Z [debug]: Order 5820013117675 (Date: 2024-07-15): Payment Gateways: [Cashfree Payments] | isCOD: false | isPrepaid: true | Cancelled: false
2025-12-10T18:17:40.695Z [debug]: Order 5820019998955 (Date: 2024-07-15): Payment Gateways: [Cashfree Payments] | isCOD: false | isPrepaid: true | Cancelled: false
2025-12-10T18:17:40.695Z [debug]: Order 5820041527531 (Date: 2024-07-15): Payment Gateways: [Cashfree Payments] | isCOD: false | isPrepaid: true | Cancelled: false
2025-12-11T04:16:25.659Z [debug]: Order 5971054919987 (Date: 2024-07-15): Payment Gateways: [Cash on Delivery (COD)] | isCOD: true | isPrepaid: false | Cancelled: true
