2025-12-10T18:23:07.774Z [debug]: Order 6275484483819 (Date: 2025-05-31): Payment Gateways: [Ecom360 - Prepaid] | isCOD: false | isPrepaid: true | Cancelled: false
2025-12-10T18:23:07.774Z [debug]: Order 6275522986219 (Date: 2025-05-31): Payment Gateways: [Ecom360 - Prepaid] | isCOD: false | isPrepaid: true | Cancelled: false
2025-12-10T18:23:07.774Z [debug]: Order 6275793223915 (Date: 2025-05-31): Payment Gateways: [Ecom360 - Prepaid] | isCOD: false | isPrepaid: true | Cancelled: false
2025-12-10T18:23:07.774Z [debug]: Order 6275796500715 (Date: 2025-05-31): Payment Gateways: [Cashfree Payments] | isCOD: false | isPrepaid: true | Cancelled: false
2025-12-10T18:23:07.774Z [debug]: Order 6276144005355 (Date: 2025-05-31): Payment Gateways: [Ecom360 - Prepaid] | isCOD: false | isPrepaid: true | Cancelled: false
2025-12-10T18:23:07.774Z [debug]: Order 6276195025131 (Date: 2025-05-31): Payment Gateways: [Ecom360 - Prepaid] | isCOD: false | isPrepaid: true | Cancelled: false
2025-12-10T18:23:07.775Z [debug]: Order 6276256858347 (Date: 2025-05-31): Payment Gateways: [Ecom360 - Prepaid] | isCOD: false | isPrepaid: true | Cancelled: false
2025-12-10T18:23:07.775Z [debug]: Order 6276286546155 (Date: 2025-05-31): Payment Gateways: [Ecom360 - Prepaid] | isCOD: false | isPrepaid: true | Cancelled: false
2025-12-10T18:23:07.775Z [debug]: Order 6276321018091 (Date: 2025-05-31): Payment Gateways: [Ecom360 - Prepaid] | isCOD: false | isPrepaid: true | Cancelled: false
2025-12-10T18:23:07.775Z [debug]: Order 6276329013483 (Date: 2025-05-31): Payment Gateways: [Ecom360 - Prepaid] | isCOD: false | isPrepaid: true | Cancelled: false
2025-12-10T18:23:07.775Z [debug]: Order 6276338090219 (Date: 2025-05-31): Payment Gateways: [Ecom360 - Prepaid] | isCOD: false | isPrepaid: true | Cancelled: false
2025-12-10T18:23:07.775Z [debug]: Order 6276362371307 (Date: 2025-05-31): Payment Gateways: [Ecom360 - Prepaid] | isCOD: false | isPrepaid: true | Cancelled: false
2025-12-10T18:23:07.775Z [debug]: Order 6276366205163 (Date: 2025-05-31): Payment Gateways: [Cashfree Payments] | isCOD: false | isPrepaid: true | Cancelled: false
2025-12-10T18:23:07.776Z [debug]: Order 6276368564459 (Date: 2025-05-31): Payment Gateways: [Ecom360 - Prepaid] | isCOD: false | isPrepaid: true | Cancelled: false
2025-12-10T18:23:07.776Z [debug]: Order 6276394090731 (Date: 2025-05-31): Payment Gateways: [Ecom360 - Prepaid] | isCOD: false | isPrepaid: true | Cancelled: false
2025-12-10T18:23:07.776Z [debug]: Order 6276405297387 (Date: 2025-05-31): Payment Gateways: [Ecom360 - Prepaid] | isCOD: false | isPrepaid: true | Cancelled: false
2025-12-10T18:23:07.776Z [debug]: Order 6276405428459 (Date: 2025-05-31): Payment Gateways: [Ecom360 - Prepaid] | isCOD: false | isPrepaid: true | Cancelled: false
2025-12-10T18:23:07.777Z [debug]: Order 6276443865323 (Date: 2025-05-31): Payment Gateways: [Ecom360 - Prepaid] | isCOD: false | isPrepaid: true | Cancelled: false
2025-12-10T18:23:07.777Z [debug]: Order 6276455989483 (Date: 2025-05-31): Payment Gateways: [Ecom360 - Prepaid] | isCOD: false | isPrepaid: true | Cancelled: false
2025-12-10T18:23:07.777Z [debug]: Order 6276474339563 (Date: 2025-05-31): Payment Gateways: [Ecom360 - Prepaid] | isCOD: false | isPrepaid: true | Cancelled: false
2025-12-10T18:23:07.777Z [debug]: Order 6276479156459 (Date: 2025-05-31): Payment Gateways: [Ecom360 - Prepaid] | isCOD: false | isPrepaid: true | Cancelled: false
2025-12-10T18:23:07.777Z [debug]: Order 6276485611755 (Date: 2025-05-31): Payment Gateways: [Ecom360 - Prepaid] | isCOD: false | isPrepaid: true | Cancelled: false
2025-12-10T18:23:07.777Z [debug]: Order 6276490100971 (Date: 2025-05-31): Payment Gateways: [Cash On Delivery] | isCOD: true | isPrepaid: false | Cancelled: false
2025-12-10T18:23:07.777Z [debug]: Order 6276522049771 (Date: 2025-05-31): Payment Gateways: [Cashfree Payments] | isCOD: false | isPrepaid: true | Cancelled: false
2025-12-10T18:23:07.778Z [debug]: Order 6276533059819 (Date: 2025-05-31): Payment Gateways: [Ecom360 - Prepaid] | isCOD: false | isPrepaid: true | Cancelled: false
2025-12-10T18:23:07.778Z [debug]: Order 6276552491243 (Date: 2025-05-31): Payment Gateways: [Cashfree Payments] | isCOD: false | isPrepaid: true | Cancelled: false
2025-12-10T18:23:07.778Z [debug]: Order 6276553834731 (Date: 2025-05-31): Payment Gateways: [Ecom360 - Prepaid] | isCOD: false | isPrepaid: true | Cancelled: false
2025-12-10T18:23:07.778Z [debug]: Order 6276575527147 (Date: 2025-05-31): Payment Gateways: [Ecom360 - Prepaid] | isCOD: false | isPrepaid: true | Cancelled: false
2025-12-10T18:23:07.778Z [debug]: Order 6276583981291 (Date: 2025-05-31): Payment Gateways: [Ecom360 - Prepaid] | isCOD: false | isPrepaid: true | Cancelled: false
2025-12-10T18:23:07.778Z [debug]: Order 6276656627947 (Date: 2025-05-31): Payment Gateways: [Ecom360 - Prepaid] | isCOD: false | isPrepaid: true | Cancelled: false
2025-12-10T18:23:07.778Z [debug]: Order 6276681826539 (Date: 2025-05-31): Payment Gateways: [Ecom360 - Prepaid] | isCOD: false | isPrepaid: true | Cancelled: false
2025-12-10T18:23:07.779Z [debug]: Order 6276740940011 (Date: 2025-05-31): Payment Gateways: [Ecom360 - Prepaid] | isCOD: false | isPrepaid: true | Cancelled: false
2025-12-10T18:23:07.779Z [debug]: Order 6276767514859 (Date: 2025-05-31): Payment Gateways: [Ecom360 - Prepaid] | isCOD: false | isPrepaid: true | Cancelled: false
2025-12-10T18:23:07.779Z [debug]: Order 6276834296043 (Date: 2025-05-31): Payment Gateways: [Ecom360 - Prepaid] | isCOD: false | isPrepaid: true | Cancelled: false
2025-12-10T18:23:07.779Z [debug]: Order 6276919361771 (Date: 2025-05-31): Payment Gateways: [Ecom360 - Prepaid] | isCOD: false | isPrepaid: true | Cancelled: false
2025-12-10T18:23:07.780Z [debug]: Order 6276962615531 (Date: 2025-05-31): Payment Gateways: [Ecom360 - Prepaid] | isCOD: false | isPrepaid: true | Cancelled: false
2025-12-11T04:17:10.440Z [debug]: Order 6446876229939 (Date: 2025-05-31): Payment Gateways: [Cash on Delivery (COD)] | isCOD: true | isPrepaid: false | Cancelled: false
2025-12-11T04:17:10.619Z [debug]: Order 6447762997555 (Date: 2025-05-31): Payment Gateways: [Cash on Delivery (COD)] | isCOD: true | isPrepaid: false | Cancelled: true
