2025-12-10T18:15:54.431Z [debug]: Order 5645611598059 (Date: 2024-02-20): Payment Gateways: [Cashfree Payments] | isCOD: false | isPrepaid: true | Cancelled: false
2025-12-10T18:15:54.583Z [debug]: Order 5645629128939 (Date: 2024-02-20): Payment Gateways: [Cash on Delivery (COD)] | isCOD: true | isPrepaid: false | Cancelled: true
2025-12-10T18:15:54.736Z [debug]: Order 5645644169451 (Date: 2024-02-20): Payment Gateways: [Cash on Delivery (COD)] | isCOD: true | isPrepaid: false | Cancelled: true
2025-12-10T18:15:54.737Z [debug]: Order 5645922107627 (Date: 2024-02-20): Payment Gateways: [Cashfree Payments] | isCOD: false | isPrepaid: true | Cancelled: false
2025-12-10T18:15:54.737Z [debug]: Order 5645934264555 (Date: 2024-02-20): Payment Gateways: [Cashfree Payments] | isCOD: false | isPrepaid: true | Cancelled: false
2025-12-10T18:15:54.737Z [debug]: Order 5645936263403 (Date: 2024-02-20): Payment Gateways: [Cashfree Payments] | isCOD: false | isPrepaid: true | Cancelled: false
2025-12-10T18:15:54.737Z [debug]: Order 5646021525739 (Date: 2024-02-20): Payment Gateways: [Cashfree Payments] | isCOD: false | isPrepaid: true | Cancelled: false
2025-12-10T18:15:54.737Z [debug]: Order 5646028439787 (Date: 2024-02-20): Payment Gateways: [Cashfree Payments] | isCOD: false | isPrepaid: true | Cancelled: false
2025-12-10T18:15:54.737Z [debug]: Order 5646040498411 (Date: 2024-02-20): Payment Gateways: [Cashfree Payments] | isCOD: false | isPrepaid: true | Cancelled: false
2025-12-10T18:15:54.737Z [debug]: Order 5646041743595 (Date: 2024-02-20): Payment Gateways: [manual] | isCOD: false | isPrepaid: true | Cancelled: false
2025-12-10T18:15:54.737Z [debug]: Order 5646047576299 (Date: 2024-02-20): Payment Gateways: [Cashfree Payments] | isCOD: false | isPrepaid: true | Cancelled: false
2025-12-10T18:15:54.737Z [debug]: Order 5646063861995 (Date: 2024-02-20): Payment Gateways: [Cashfree Payments] | isCOD: false | isPrepaid: true | Cancelled: false
2025-12-10T18:15:54.911Z [debug]: Order 5646066450667 (Date: 2024-02-20): Payment Gateways: [manual] | isCOD: false | isPrepaid: true | Cancelled: false
2025-12-10T18:15:54.912Z [debug]: Order 5646068449515 (Date: 2024-02-20): Payment Gateways: [Cashfree Payments] | isCOD: false | isPrepaid: true | Cancelled: false
2025-12-10T18:15:54.912Z [debug]: Order 5646068613355 (Date: 2024-02-20): Payment Gateways: [manual] | isCOD: false | isPrepaid: true | Cancelled: false
2025-12-10T18:15:54.912Z [debug]: Order 5646086996203 (Date: 2024-02-20): Payment Gateways: [Cash on Delivery (COD)] | isCOD: true | isPrepaid: false | Cancelled: false
2025-12-10T18:15:54.912Z [debug]: Order 5646124024043 (Date: 2024-02-20): Payment Gateways: [Cash on Delivery (COD)] | isCOD: true | isPrepaid: false | Cancelled: false
2025-12-10T18:15:54.912Z [debug]: Order 5646124744939 (Date: 2024-02-20): Payment Gateways: [Cash on Delivery (COD)] | isCOD: true | isPrepaid: false | Cancelled: false
2025-12-10T18:15:54.912Z [debug]: Order 5646142898411 (Date: 2024-02-20): Payment Gateways: [Cashfree Payments] | isCOD: false | isPrepaid: true | Cancelled: false
2025-12-10T18:15:54.912Z [debug]: Order 5646145781995 (Date: 2024-02-20): Payment Gateways: [Cash on Delivery (COD)] | isCOD: true | isPrepaid: false | Cancelled: false
2025-12-10T18:15:54.912Z [debug]: Order 5646146044139 (Date: 2024-02-20): Payment Gateways: [manual] | isCOD: false | isPrepaid: true | Cancelled: false
2025-12-10T18:15:54.912Z [debug]: Order 5646161117419 (Date: 2024-02-20): Payment Gateways: [Cashfree Payments] | isCOD: false | isPrepaid: true | Cancelled: false
2025-12-10T18:15:54.912Z [debug]: Order 5646165836011 (Date: 2024-02-20): Payment Gateways: [Cash on Delivery (COD)] | isCOD: true | isPrepaid: false | Cancelled: false
2025-12-10T18:15:55.096Z [debug]: Order 5646189691115 (Date: 2024-02-20): Payment Gateways: [Cash on Delivery (COD)] | isCOD: true | isPrepaid: false | Cancelled: true
2025-12-10T18:15:55.097Z [debug]: Order 5646204567787 (Date: 2024-02-20): Payment Gateways: [Cash on Delivery (COD)] | isCOD: true | isPrepaid: false | Cancelled: false
2025-12-10T18:15:55.097Z [debug]: Order 5646207320299 (Date: 2024-02-20): Payment Gateways: [Cashfree Payments] | isCOD: false | isPrepaid: true | Cancelled: false
2025-12-10T18:15:55.097Z [debug]: Order 5646212333803 (Date: 2024-02-20): Payment Gateways: [Cashfree Payments] | isCOD: false | isPrepaid: true | Cancelled: false
2025-12-10T18:15:55.097Z [debug]: Order 5646226850027 (Date: 2024-02-20): Payment Gateways: [Cashfree Payments] | isCOD: false | isPrepaid: true | Cancelled: false
2025-12-10T18:15:55.097Z [debug]: Order 5646255849707 (Date: 2024-02-20): Payment Gateways: [Cashfree Payments, gift_card] | isCOD: false | isPrepaid: true | Cancelled: false
2025-12-10T18:15:55.258Z [debug]: Order 5646280065259 (Date: 2024-02-20): Payment Gateways: [Cash on Delivery (COD)] | isCOD: true | isPrepaid: false | Cancelled: true
2025-12-10T18:15:55.413Z [debug]: Order 5646288584939 (Date: 2024-02-20): Payment Gateways: [Cash on Delivery (COD)] | isCOD: true | isPrepaid: false | Cancelled: true
2025-12-10T18:15:55.413Z [debug]: Order 5646291304683 (Date: 2024-02-20): Payment Gateways: [Cash on Delivery (COD)] | isCOD: true | isPrepaid: false | Cancelled: false
2025-12-10T18:15:55.413Z [debug]: Order 5646300414187 (Date: 2024-02-20): Payment Gateways: [Cashfree Payments] | isCOD: false | isPrepaid: true | Cancelled: false
2025-12-10T18:15:55.413Z [debug]: Order 5646303133931 (Date: 2024-02-20): Payment Gateways: [Cashfree Payments] | isCOD: false | isPrepaid: true | Cancelled: false
2025-12-10T18:15:55.574Z [debug]: Order 5646432174315 (Date: 2024-02-20): Payment Gateways: [Cash on Delivery (COD)] | isCOD: true | isPrepaid: false | Cancelled: true
2025-12-10T18:15:55.574Z [debug]: Order 5646434402539 (Date: 2024-02-20): Payment Gateways: [Cash on Delivery (COD)] | isCOD: true | isPrepaid: false | Cancelled: false
2025-12-10T18:15:55.574Z [debug]: Order 5646434500843 (Date: 2024-02-20): Payment Gateways: [Cashfree Payments] | isCOD: false | isPrepaid: true | Cancelled: false
2025-12-10T18:15:55.574Z [debug]: Order 5646440169707 (Date: 2024-02-20): Payment Gateways: [Cash on Delivery (COD)] | isCOD: true | isPrepaid: false | Cancelled: false
2025-12-10T18:15:55.575Z [debug]: Order 5646456684779 (Date: 2024-02-20): Payment Gateways: [Cashfree Payments] | isCOD: false | isPrepaid: true | Cancelled: false
2025-12-10T18:15:55.575Z [debug]: Order 5646479130859 (Date: 2024-02-20): Payment Gateways: [Cashfree Payments] | isCOD: false | isPrepaid: true | Cancelled: false
2025-12-10T18:15:55.575Z [debug]: Order 5646491812075 (Date: 2024-02-20): Payment Gateways: [Cash on Delivery (COD)] | isCOD: true | isPrepaid: false | Cancelled: false
