2025-12-10T18:17:28.420Z [debug]: Order 5801563095275 (Date: 2024-06-30): Payment Gateways: [Cashfree Payments] | isCOD: false | isPrepaid: true | Cancelled: false
2025-12-10T18:17:28.420Z [debug]: Order 5801840017643 (Date: 2024-06-30): Payment Gateways: [Cashfree Payments] | isCOD: false | isPrepaid: true | Cancelled: false
2025-12-10T18:17:28.420Z [debug]: Order 5801889235179 (Date: 2024-06-30): Payment Gateways: [Cash on Delivery (COD)] | isCOD: true | isPrepaid: false | Cancelled: false
2025-12-10T18:17:28.420Z [debug]: Order 5801896378603 (Date: 2024-06-30): Payment Gateways: [Cashfree Payments] | isCOD: false | isPrepaid: true | Cancelled: false
2025-12-10T18:17:28.420Z [debug]: Order 5801901326571 (Date: 2024-06-30): Payment Gateways: [Cashfree Payments] | isCOD: false | isPrepaid: true | Cancelled: false
2025-12-10T18:17:28.420Z [debug]: Order 5801921609963 (Date: 2024-06-30): Payment Gateways: [Cash on Delivery (COD)] | isCOD: true | isPrepaid: false | Cancelled: false
2025-12-10T18:17:28.421Z [debug]: Order 5801923936491 (Date: 2024-06-30): Payment Gateways: [Cash on Delivery (COD)] | isCOD: true | isPrepaid: false | Cancelled: false
2025-12-10T18:17:28.421Z [debug]: Order 5801926787307 (Date: 2024-06-30): Payment Gateways: [Cashfree Payments] | isCOD: false | isPrepaid: true | Cancelled: false
2025-12-10T18:17:28.578Z [debug]: Order 5801934618859 (Date: 2024-06-30): Payment Gateways: [Cash on Delivery (COD)] | isCOD: true | isPrepaid: false | Cancelled: true
2025-12-10T18:17:28.734Z [debug]: Order 5801941795051 (Date: 2024-06-30): Payment Gateways: [Cash on Delivery (COD)] | isCOD: true | isPrepaid: false | Cancelled: true
2025-12-10T18:17:28.734Z [debug]: Order 5802006511851 (Date: 2024-06-30): Payment Gateways: [Cash on Delivery (COD)] | isCOD: true | isPrepaid: false | Cancelled: false
2025-12-10T18:17:28.734Z [debug]: Order 5802009690347 (Date: 2024-06-30): Payment Gateways: [Cashfree Payments] | isCOD: false | isPrepaid: true | Cancelled: false
2025-12-10T18:17:28.734Z [debug]: Order 5802019815659 (Date: 2024-06-30): Payment Gateways: [Cashfree Payments] | isCOD: false | isPrepaid: true | Cancelled: false
2025-12-10T18:17:28.735Z [debug]: Order 5802022895851 (Date: 2024-06-30): Payment Gateways: [Cashfree Payments] | isCOD: false | isPrepaid: true | Cancelled: false
2025-12-10T18:17:28.735Z [debug]: Order 5802032398571 (Date: 2024-06-30): Payment Gateways: [Cashfree Payments] | isCOD: false | isPrepaid: true | Cancelled: false
2025-12-10T18:17:28.735Z [debug]: Order 5802042818795 (Date: 2024-06-30): Payment Gateways: [Cashfree Payments] | isCOD: false | isPrepaid: true | Cancelled: false
2025-12-10T18:17:28.735Z [debug]: Order 5802046914795 (Date: 2024-06-30): Payment Gateways: [Cashfree Payments] | isCOD: false | isPrepaid: true | Cancelled: false
2025-12-10T18:17:28.735Z [debug]: Order 5802049896683 (Date: 2024-06-30): Payment Gateways: [Cash on Delivery (COD)] | isCOD: true | isPrepaid: false | Cancelled: false
2025-12-10T18:17:28.736Z [debug]: Order 5802079060203 (Date: 2024-06-30): Payment Gateways: [Cash on Delivery (COD)] | isCOD: true | isPrepaid: false | Cancelled: false
2025-12-10T18:17:28.736Z [debug]: Order 5802105307371 (Date: 2024-06-30): Payment Gateways: [Cash on Delivery (COD)] | isCOD: true | isPrepaid: false | Cancelled: false
2025-12-10T18:17:28.736Z [debug]: Order 5802117136619 (Date: 2024-06-30): Payment Gateways: [Cashfree Payments] | isCOD: false | isPrepaid: true | Cancelled: false
2025-12-10T18:17:28.736Z [debug]: Order 5802132275435 (Date: 2024-06-30): Payment Gateways: [Cashfree Payments] | isCOD: false | isPrepaid: true | Cancelled: false
2025-12-10T18:17:28.736Z [debug]: Order 5802139844843 (Date: 2024-06-30): Payment Gateways: [Cash on Delivery (COD)] | isCOD: true | isPrepaid: false | Cancelled: false
2025-12-10T18:17:28.736Z [debug]: Order 5802145284331 (Date: 2024-06-30): Payment Gateways: [Cashfree Payments] | isCOD: false | isPrepaid: true | Cancelled: false
2025-12-10T18:17:28.737Z [debug]: Order 5802147676395 (Date: 2024-06-30): Payment Gateways: [Cashfree Payments] | isCOD: false | isPrepaid: true | Cancelled: false
2025-12-10T18:17:28.737Z [debug]: Order 5802150592747 (Date: 2024-06-30): Payment Gateways: [Cashfree Payments] | isCOD: false | isPrepaid: true | Cancelled: false
2025-12-10T18:17:28.737Z [debug]: Order 5802154131691 (Date: 2024-06-30): Payment Gateways: [Cashfree Payments] | isCOD: false | isPrepaid: true | Cancelled: false
2025-12-10T18:17:28.737Z [debug]: Order 5802155311339 (Date: 2024-06-30): Payment Gateways: [Cashfree Payments] | isCOD: false | isPrepaid: true | Cancelled: false
2025-12-10T18:17:28.737Z [debug]: Order 5802157113579 (Date: 2024-06-30): Payment Gateways: [Cashfree Payments] | isCOD: false | isPrepaid: true | Cancelled: false
2025-12-10T18:17:28.737Z [debug]: Order 5802159702251 (Date: 2024-06-30): Payment Gateways: [Cashfree Payments] | isCOD: false | isPrepaid: true | Cancelled: false
2025-12-10T18:17:28.737Z [debug]: Order 5802162061547 (Date: 2024-06-30): Payment Gateways: [Cashfree Payments] | isCOD: false | isPrepaid: true | Cancelled: false
2025-12-10T18:17:28.738Z [debug]: Order 5802163142891 (Date: 2024-06-30): Payment Gateways: [Cashfree Payments] | isCOD: false | isPrepaid: true | Cancelled: false
2025-12-10T18:17:28.738Z [debug]: Order 5802175824107 (Date: 2024-06-30): Payment Gateways: [Cashfree Payments] | isCOD: false | isPrepaid: true | Cancelled: false
2025-12-10T18:17:28.738Z [debug]: Order 5802186997995 (Date: 2024-06-30): Payment Gateways: [Cashfree Payments] | isCOD: false | isPrepaid: true | Cancelled: false
2025-12-10T18:17:28.738Z [debug]: Order 5802197450987 (Date: 2024-06-30): Payment Gateways: [Cashfree Payments] | isCOD: false | isPrepaid: true | Cancelled: false
2025-12-10T18:17:28.738Z [debug]: Order 5802207969515 (Date: 2024-06-30): Payment Gateways: [Cashfree Payments] | isCOD: false | isPrepaid: true | Cancelled: false
2025-12-10T18:17:28.738Z [debug]: Order 5802210132203 (Date: 2024-06-30): Payment Gateways: [Cashfree Payments] | isCOD: false | isPrepaid: true | Cancelled: false
2025-12-10T18:17:28.738Z [debug]: Order 5802211442923 (Date: 2024-06-30): Payment Gateways: [Cashfree Payments] | isCOD: false | isPrepaid: true | Cancelled: false
2025-12-10T18:17:28.739Z [debug]: Order 5802217570539 (Date: 2024-06-30): Payment Gateways: [Cashfree Payments] | isCOD: false | isPrepaid: true | Cancelled: false
2025-12-10T18:17:28.739Z [debug]: Order 5802221338859 (Date: 2024-06-30): Payment Gateways: [Cashfree Payments] | isCOD: false | isPrepaid: true | Cancelled: false
2025-12-10T18:17:28.739Z [debug]: Order 5802245849323 (Date: 2024-06-30): Payment Gateways: [Cashfree Payments] | isCOD: false | isPrepaid: true | Cancelled: false
2025-12-10T18:17:28.739Z [debug]: Order 5802274488555 (Date: 2024-06-30): Payment Gateways: [Cashfree Payments] | isCOD: false | isPrepaid: true | Cancelled: false
2025-12-10T18:17:28.739Z [debug]: Order 5802278781163 (Date: 2024-06-30): Payment Gateways: [Cashfree Payments] | isCOD: false | isPrepaid: true | Cancelled: false
2025-12-10T18:17:28.739Z [debug]: Order 5802279600363 (Date: 2024-06-30): Payment Gateways: [Cashfree Payments] | isCOD: false | isPrepaid: true | Cancelled: false
2025-12-10T18:17:28.739Z [debug]: Order 5802300014827 (Date: 2024-06-30): Payment Gateways: [Cashfree Payments] | isCOD: false | isPrepaid: true | Cancelled: false
2025-12-10T18:17:28.740Z [debug]: Order 5802302439659 (Date: 2024-06-30): Payment Gateways: [Cashfree Payments] | isCOD: false | isPrepaid: true | Cancelled: false
2025-12-10T18:17:28.740Z [debug]: Order 5802322002155 (Date: 2024-06-30): Payment Gateways: [Cashfree Payments] | isCOD: false | isPrepaid: true | Cancelled: false
2025-12-10T18:17:28.740Z [debug]: Order 5802333831403 (Date: 2024-06-30): Payment Gateways: [Cashfree Payments] | isCOD: false | isPrepaid: true | Cancelled: false
2025-12-10T18:17:28.740Z [debug]: Order 5802348413163 (Date: 2024-06-30): Payment Gateways: [Cashfree Payments] | isCOD: false | isPrepaid: true | Cancelled: false
2025-12-10T18:17:28.740Z [debug]: Order 5802358243563 (Date: 2024-06-30): Payment Gateways: [] | isCOD: false | isPrepaid: false | Cancelled: false
2025-12-10T18:17:28.741Z [debug]: Order 5802395664619 (Date: 2024-06-30): Payment Gateways: [Cashfree Payments] | isCOD: false | isPrepaid: true | Cancelled: false
2025-12-10T18:17:28.741Z [debug]: Order 5802411098347 (Date: 2024-06-30): Payment Gateways: [Cashfree Payments] | isCOD: false | isPrepaid: true | Cancelled: false
2025-12-10T18:17:28.741Z [debug]: Order 5802411819243 (Date: 2024-06-30): Payment Gateways: [Cashfree Payments] | isCOD: false | isPrepaid: true | Cancelled: false
2025-12-10T18:17:28.741Z [debug]: Order 5802413129963 (Date: 2024-06-30): Payment Gateways: [Cashfree Payments] | isCOD: false | isPrepaid: true | Cancelled: false
2025-12-10T18:17:28.741Z [debug]: Order 5802416832747 (Date: 2024-06-30): Payment Gateways: [Cashfree Payments] | isCOD: false | isPrepaid: true | Cancelled: false
2025-12-10T18:17:28.741Z [debug]: Order 5802425450731 (Date: 2024-06-30): Payment Gateways: [Cashfree Payments] | isCOD: false | isPrepaid: true | Cancelled: false
2025-12-10T18:17:28.741Z [debug]: Order 5802454384875 (Date: 2024-06-30): Payment Gateways: [Cashfree Payments] | isCOD: false | isPrepaid: true | Cancelled: false
2025-12-10T18:17:28.741Z [debug]: Order 5802461724907 (Date: 2024-06-30): Payment Gateways: [Cashfree Payments] | isCOD: false | isPrepaid: true | Cancelled: false
2025-12-10T18:17:28.742Z [debug]: Order 5802463166699 (Date: 2024-06-30): Payment Gateways: [Cashfree Payments] | isCOD: false | isPrepaid: true | Cancelled: false
2025-12-10T18:17:28.742Z [debug]: Order 5802506289387 (Date: 2024-06-30): Payment Gateways: [Cashfree Payments] | isCOD: false | isPrepaid: true | Cancelled: false
2025-12-10T18:17:28.742Z [debug]: Order 5802506485995 (Date: 2024-06-30): Payment Gateways: [Cashfree Payments] | isCOD: false | isPrepaid: true | Cancelled: false
2025-12-10T18:17:28.742Z [debug]: Order 5802511401195 (Date: 2024-06-30): Payment Gateways: [Cashfree Payments] | isCOD: false | isPrepaid: true | Cancelled: false
2025-12-10T18:17:28.742Z [debug]: Order 5802523721963 (Date: 2024-06-30): Payment Gateways: [Cashfree Payments] | isCOD: false | isPrepaid: true | Cancelled: false
2025-12-10T18:17:28.742Z [debug]: Order 5802527031531 (Date: 2024-06-30): Payment Gateways: [Cashfree Payments] | isCOD: false | isPrepaid: true | Cancelled: false
2025-12-10T18:17:28.742Z [debug]: Order 5802532438251 (Date: 2024-06-30): Payment Gateways: [Cashfree Payments] | isCOD: false | isPrepaid: true | Cancelled: false
2025-12-10T18:17:28.742Z [debug]: Order 5802535321835 (Date: 2024-06-30): Payment Gateways: [Cashfree Payments] | isCOD: false | isPrepaid: true | Cancelled: false
2025-12-10T18:17:28.742Z [debug]: Order 5802535452907 (Date: 2024-06-30): Payment Gateways: [Cashfree Payments] | isCOD: false | isPrepaid: true | Cancelled: false
2025-12-10T18:17:28.743Z [debug]: Order 5802535911659 (Date: 2024-06-30): Payment Gateways: [Cashfree Payments] | isCOD: false | isPrepaid: true | Cancelled: false
2025-12-10T18:17:28.743Z [debug]: Order 5802549706987 (Date: 2024-06-30): Payment Gateways: [Cashfree Payments] | isCOD: false | isPrepaid: true | Cancelled: false
2025-12-10T18:17:28.743Z [debug]: Order 5802553344235 (Date: 2024-06-30): Payment Gateways: [Cashfree Payments] | isCOD: false | isPrepaid: true | Cancelled: false
2025-12-10T18:17:28.743Z [debug]: Order 5802555146475 (Date: 2024-06-30): Payment Gateways: [Cashfree Payments] | isCOD: false | isPrepaid: true | Cancelled: false
2025-12-10T18:17:28.928Z [debug]: Order 5802566811883 (Date: 2024-06-30): Payment Gateways: [Cashfree Payments] | isCOD: false | isPrepaid: true | Cancelled: true
2025-12-10T18:17:28.928Z [debug]: Order 5802570481899 (Date: 2024-06-30): Payment Gateways: [Cashfree Payments] | isCOD: false | isPrepaid: true | Cancelled: false
2025-12-10T18:17:28.929Z [debug]: Order 5802574119147 (Date: 2024-06-30): Payment Gateways: [Cashfree Payments] | isCOD: false | isPrepaid: true | Cancelled: false
2025-12-10T18:17:28.929Z [debug]: Order 5802588405995 (Date: 2024-06-30): Payment Gateways: [Cashfree Payments] | isCOD: false | isPrepaid: true | Cancelled: false
2025-12-10T18:17:28.929Z [debug]: Order 5802592338155 (Date: 2024-06-30): Payment Gateways: [Cashfree Payments] | isCOD: false | isPrepaid: true | Cancelled: false
2025-12-10T18:17:28.929Z [debug]: Order 5802592633067 (Date: 2024-06-30): Payment Gateways: [Cashfree Payments] | isCOD: false | isPrepaid: true | Cancelled: false
2025-12-10T18:17:28.929Z [debug]: Order 5802599514347 (Date: 2024-06-30): Payment Gateways: [Cashfree Payments] | isCOD: false | isPrepaid: true | Cancelled: false
2025-12-10T18:17:29.089Z [debug]: Order 5802600235243 (Date: 2024-06-30): Payment Gateways: [Cashfree Payments] | isCOD: false | isPrepaid: true | Cancelled: false
2025-12-10T18:17:29.089Z [debug]: Order 5802604495083 (Date: 2024-06-30): Payment Gateways: [Cashfree Payments] | isCOD: false | isPrepaid: true | Cancelled: false
2025-12-10T18:17:29.090Z [debug]: Order 5802610589931 (Date: 2024-06-30): Payment Gateways: [Cashfree Payments] | isCOD: false | isPrepaid: true | Cancelled: false
2025-12-10T18:17:29.090Z [debug]: Order 5802619502827 (Date: 2024-06-30): Payment Gateways: [Cashfree Payments] | isCOD: false | isPrepaid: true | Cancelled: false
2025-12-10T18:17:29.090Z [debug]: Order 5802626711787 (Date: 2024-06-30): Payment Gateways: [Cashfree Payments] | isCOD: false | isPrepaid: true | Cancelled: false
2025-12-10T18:17:29.090Z [debug]: Order 5802639032555 (Date: 2024-06-30): Payment Gateways: [Cashfree Payments] | isCOD: false | isPrepaid: true | Cancelled: false
2025-12-10T18:17:29.090Z [debug]: Order 5802642505963 (Date: 2024-06-30): Payment Gateways: [Cashfree Payments] | isCOD: false | isPrepaid: true | Cancelled: false
2025-12-11T04:16:24.962Z [debug]: Order 5951609962803 (Date: 2024-06-30): Payment Gateways: [Cash on Delivery (COD)] | isCOD: true | isPrepaid: false | Cancelled: true
