2025-12-10T18:23:22.927Z [debug]: Order 6361864601835 (Date: 2025-07-24): Payment Gateways: [Cashfree Payments] | isCOD: false | isPrepaid: true | Cancelled: false
2025-12-10T18:23:22.927Z [debug]: Order 6362184777963 (Date: 2025-07-24): Payment Gateways: [Ecom360 - Prepaid] | isCOD: false | isPrepaid: true | Cancelled: false
2025-12-10T18:23:22.927Z [debug]: Order 6362366640363 (Date: 2025-07-24): Payment Gateways: [Ecom360 - Prepaid] | isCOD: false | isPrepaid: true | Cancelled: false
2025-12-10T18:23:22.927Z [debug]: Order 6362381811947 (Date: 2025-07-24): Payment Gateways: [Ecom360 - Prepaid] | isCOD: false | isPrepaid: true | Cancelled: false
2025-12-10T18:23:23.111Z [debug]: Order 6362387939563 (Date: 2025-07-24): Payment Gateways: [Cash On Delivery] | isCOD: true | isPrepaid: false | Cancelled: true
2025-12-10T18:23:23.297Z [debug]: Order 6362389414123 (Date: 2025-07-24): Payment Gateways: [Cash On Delivery] | isCOD: true | isPrepaid: false | Cancelled: true
2025-12-10T18:23:23.298Z [debug]: Order 6362404192491 (Date: 2025-07-24): Payment Gateways: [Cash On Delivery] | isCOD: true | isPrepaid: false | Cancelled: false
2025-12-10T18:23:23.298Z [debug]: Order 6362417037547 (Date: 2025-07-24): Payment Gateways: [Ecom360 - Prepaid] | isCOD: false | isPrepaid: true | Cancelled: false
2025-12-10T18:23:23.298Z [debug]: Order 6362425262315 (Date: 2025-07-24): Payment Gateways: [Ecom360 - Prepaid] | isCOD: false | isPrepaid: true | Cancelled: false
2025-12-10T18:23:23.299Z [debug]: Order 6362434961643 (Date: 2025-07-24): Payment Gateways: [Ecom360 - Prepaid] | isCOD: false | isPrepaid: true | Cancelled: false
2025-12-10T18:23:23.299Z [debug]: Order 6362453311723 (Date: 2025-07-24): Payment Gateways: [Ecom360 - Prepaid] | isCOD: false | isPrepaid: true | Cancelled: false
2025-12-10T18:23:23.299Z [debug]: Order 6362456686827 (Date: 2025-07-24): Payment Gateways: [Ecom360 - Prepaid] | isCOD: false | isPrepaid: true | Cancelled: false
2025-12-10T18:23:23.299Z [debug]: Order 6362498269419 (Date: 2025-07-24): Payment Gateways: [Ecom360 - Prepaid] | isCOD: false | isPrepaid: true | Cancelled: false
2025-12-10T18:23:23.300Z [debug]: Order 6362522058987 (Date: 2025-07-24): Payment Gateways: [Cash On Delivery] | isCOD: true | isPrepaid: false | Cancelled: false
2025-12-10T18:23:23.300Z [debug]: Order 6362534478059 (Date: 2025-07-24): Payment Gateways: [Cashfree Payments] | isCOD: false | isPrepaid: true | Cancelled: false
2025-12-10T18:23:23.300Z [debug]: Order 6362545651947 (Date: 2025-07-24): Payment Gateways: [Cash On Delivery] | isCOD: true | isPrepaid: false | Cancelled: false
2025-12-10T18:23:23.300Z [debug]: Order 6362566885611 (Date: 2025-07-24): Payment Gateways: [Cash On Delivery] | isCOD: true | isPrepaid: false | Cancelled: false
2025-12-10T18:23:23.301Z [debug]: Order 6362585792747 (Date: 2025-07-24): Payment Gateways: [Ecom360 - Prepaid] | isCOD: false | isPrepaid: true | Cancelled: false
2025-12-10T18:23:23.301Z [debug]: Order 6362587529451 (Date: 2025-07-24): Payment Gateways: [Ecom360 - Prepaid] | isCOD: false | isPrepaid: true | Cancelled: false
2025-12-10T18:23:23.301Z [debug]: Order 6362632683755 (Date: 2025-07-24): Payment Gateways: [Cashfree Payments] | isCOD: false | isPrepaid: true | Cancelled: false
2025-12-10T18:23:23.301Z [debug]: Order 6362636255467 (Date: 2025-07-24): Payment Gateways: [Cashfree Payments] | isCOD: false | isPrepaid: true | Cancelled: false
2025-12-10T18:23:23.301Z [debug]: Order 6362638188779 (Date: 2025-07-24): Payment Gateways: [Cashfree Payments] | isCOD: false | isPrepaid: true | Cancelled: false
2025-12-10T18:23:23.301Z [debug]: Order 6362643103979 (Date: 2025-07-24): Payment Gateways: [Cash On Delivery] | isCOD: true | isPrepaid: false | Cancelled: false
2025-12-10T18:23:23.302Z [debug]: Order 6362644840683 (Date: 2025-07-24): Payment Gateways: [Cashfree Payments] | isCOD: false | isPrepaid: true | Cancelled: false
2025-12-10T18:23:23.302Z [debug]: Order 6362656702699 (Date: 2025-07-24): Payment Gateways: [Cashfree Payments] | isCOD: false | isPrepaid: true | Cancelled: false
2025-12-10T18:23:23.302Z [debug]: Order 6362662207723 (Date: 2025-07-24): Payment Gateways: [Ecom360 - Prepaid] | isCOD: false | isPrepaid: true | Cancelled: false
2025-12-10T18:23:23.302Z [debug]: Order 6362698776811 (Date: 2025-07-24): Payment Gateways: [Ecom360 - Prepaid] | isCOD: false | isPrepaid: true | Cancelled: false
2025-12-10T18:23:23.302Z [debug]: Order 6362700349675 (Date: 2025-07-24): Payment Gateways: [Ecom360 - Prepaid] | isCOD: false | isPrepaid: true | Cancelled: false
2025-12-10T18:23:23.302Z [debug]: Order 6362707034347 (Date: 2025-07-24): Payment Gateways: [Ecom360 - Prepaid] | isCOD: false | isPrepaid: true | Cancelled: false
2025-12-10T18:23:23.302Z [debug]: Order 6362725875947 (Date: 2025-07-24): Payment Gateways: [manual] | isCOD: false | isPrepaid: true | Cancelled: false
2025-12-10T18:23:23.488Z [debug]: Order 6362750189803 (Date: 2025-07-24): Payment Gateways: [Ecom360 - Prepaid] | isCOD: false | isPrepaid: true | Cancelled: true
2025-12-10T18:23:23.488Z [debug]: Order 6362755465451 (Date: 2025-07-24): Payment Gateways: [Ecom360 - Prepaid] | isCOD: false | isPrepaid: true | Cancelled: false
2025-12-10T18:23:23.489Z [debug]: Order 6362816905451 (Date: 2025-07-24): Payment Gateways: [Ecom360 - Prepaid] | isCOD: false | isPrepaid: true | Cancelled: false
2025-12-10T18:23:23.489Z [debug]: Order 6362829258987 (Date: 2025-07-24): Payment Gateways: [Ecom360 - Prepaid] | isCOD: false | isPrepaid: true | Cancelled: false
2025-12-10T18:23:23.489Z [debug]: Order 6362860781803 (Date: 2025-07-24): Payment Gateways: [Ecom360 - Prepaid] | isCOD: false | isPrepaid: true | Cancelled: false
2025-12-10T18:23:23.489Z [debug]: Order 6362870448363 (Date: 2025-07-24): Payment Gateways: [Cashfree Payments] | isCOD: false | isPrepaid: true | Cancelled: false
2025-12-10T18:23:23.490Z [debug]: Order 6362909737195 (Date: 2025-07-24): Payment Gateways: [Cashfree Payments] | isCOD: false | isPrepaid: true | Cancelled: false
2025-12-10T18:23:23.490Z [debug]: Order 6362911211755 (Date: 2025-07-24): Payment Gateways: [Cashfree Payments] | isCOD: false | isPrepaid: true | Cancelled: false
2025-12-10T18:23:23.490Z [debug]: Order 6362916094187 (Date: 2025-07-24): Payment Gateways: [Cash On Delivery] | isCOD: true | isPrepaid: false | Cancelled: false
2025-12-10T18:23:23.490Z [debug]: Order 6362946437355 (Date: 2025-07-24): Payment Gateways: [Cashfree Payments] | isCOD: false | isPrepaid: true | Cancelled: false
2025-12-10T18:23:23.490Z [debug]: Order 6362977829099 (Date: 2025-07-24): Payment Gateways: [Ecom360 - Prepaid] | isCOD: false | isPrepaid: true | Cancelled: false
2025-12-10T18:23:23.491Z [debug]: Order 6363027931371 (Date: 2025-07-24): Payment Gateways: [Ecom360 - Prepaid] | isCOD: false | isPrepaid: true | Cancelled: false
2025-12-10T18:23:23.491Z [debug]: Order 6363029602539 (Date: 2025-07-24): Payment Gateways: [Cash On Delivery] | isCOD: true | isPrepaid: false | Cancelled: false
2025-12-10T18:23:23.491Z [debug]: Order 6363081605355 (Date: 2025-07-24): Payment Gateways: [Ecom360 - Prepaid] | isCOD: false | isPrepaid: true | Cancelled: false
2025-12-10T18:23:23.491Z [debug]: Order 6363156742379 (Date: 2025-07-24): Payment Gateways: [Ecom360 - Prepaid] | isCOD: false | isPrepaid: true | Cancelled: false
2025-12-10T18:23:23.491Z [debug]: Order 6363169718507 (Date: 2025-07-24): Payment Gateways: [Ecom360 - Prepaid] | isCOD: false | isPrepaid: true | Cancelled: false
2025-12-10T18:23:23.491Z [debug]: Order 6363194818795 (Date: 2025-07-24): Payment Gateways: [Ecom360 - Prepaid] | isCOD: false | isPrepaid: true | Cancelled: false
2025-12-11T04:17:16.383Z [debug]: Order 6536615690547 (Date: 2025-07-24): Payment Gateways: [CCAvenue] | isCOD: false | isPrepaid: true | Cancelled: false
2025-12-11T04:17:16.560Z [debug]: Order 6537538109747 (Date: 2025-07-24): Payment Gateways: [Cash on Delivery (COD)] | isCOD: true | isPrepaid: false | Cancelled: true
