2025-12-10T18:23:34.905Z [debug]: Order 6464214663403 (Date: 2025-09-22): Payment Gateways: [Cash On Delivery] | isCOD: true | isPrepaid: false | Cancelled: true
2025-12-10T18:23:34.905Z [debug]: Order 6464217317611 (Date: 2025-09-22): Payment Gateways: [Ecom360 - Prepaid] | isCOD: false | isPrepaid: true | Cancelled: false
2025-12-10T18:23:34.905Z [debug]: Order 6464247464171 (Date: 2025-09-22): Payment Gateways: [Ecom360 - Prepaid] | isCOD: false | isPrepaid: true | Cancelled: false
2025-12-10T18:23:34.906Z [debug]: Order 6464274858219 (Date: 2025-09-22): Payment Gateways: [Cash On Delivery] | isCOD: true | isPrepaid: false | Cancelled: false
2025-12-10T18:23:34.906Z [debug]: Order 6464276037867 (Date: 2025-09-22): Payment Gateways: [Ecom360 - Prepaid] | isCOD: false | isPrepaid: true | Cancelled: false
2025-12-10T18:23:34.906Z [debug]: Order 6464307462379 (Date: 2025-09-22): Payment Gateways: [Ecom360 - Prepaid] | isCOD: false | isPrepaid: true | Cancelled: false
2025-12-10T18:23:34.906Z [debug]: Order 6464342687979 (Date: 2025-09-22): Payment Gateways: [Cash On Delivery] | isCOD: true | isPrepaid: false | Cancelled: false
2025-12-10T18:23:34.906Z [debug]: Order 6464591003883 (Date: 2025-09-22): Payment Gateways: [Ecom360 - Prepaid] | isCOD: false | isPrepaid: true | Cancelled: false
2025-12-10T18:23:34.907Z [debug]: Order 6464672923883 (Date: 2025-09-22): Payment Gateways: [Ecom360 - Prepaid] | isCOD: false | isPrepaid: true | Cancelled: false
2025-12-10T18:23:34.907Z [debug]: Order 6464701563115 (Date: 2025-09-22): Payment Gateways: [Cash On Delivery] | isCOD: true | isPrepaid: false | Cancelled: false
2025-12-10T18:23:34.907Z [debug]: Order 6464702775531 (Date: 2025-09-22): Payment Gateways: [Cash On Delivery] | isCOD: true | isPrepaid: false | Cancelled: false
2025-12-10T18:23:34.907Z [debug]: Order 6464704643307 (Date: 2025-09-22): Payment Gateways: [Ecom360 - Prepaid] | isCOD: false | isPrepaid: true | Cancelled: false
2025-12-10T18:23:34.907Z [debug]: Order 6464745079019 (Date: 2025-09-22): Payment Gateways: [Ecom360 - Prepaid] | isCOD: false | isPrepaid: true | Cancelled: false
2025-12-10T18:23:34.908Z [debug]: Order 6464775946475 (Date: 2025-09-22): Payment Gateways: [Ecom360 - Prepaid] | isCOD: false | isPrepaid: true | Cancelled: false
2025-12-10T18:23:34.908Z [debug]: Order 6464782893291 (Date: 2025-09-22): Payment Gateways: [Cash On Delivery] | isCOD: true | isPrepaid: false | Cancelled: false
2025-12-10T18:23:34.908Z [debug]: Order 6464799604971 (Date: 2025-09-22): Payment Gateways: [manual] | isCOD: false | isPrepaid: true | Cancelled: false
2025-12-10T18:23:34.908Z [debug]: Order 6464805929195 (Date: 2025-09-22): Payment Gateways: [Cash On Delivery] | isCOD: true | isPrepaid: false | Cancelled: false
2025-12-10T18:23:34.908Z [debug]: Order 6464808091883 (Date: 2025-09-22): Payment Gateways: [Cash On Delivery] | isCOD: true | isPrepaid: false | Cancelled: false
2025-12-10T18:23:34.909Z [debug]: Order 6464830406891 (Date: 2025-09-22): Payment Gateways: [Cash On Delivery] | isCOD: true | isPrepaid: false | Cancelled: false
2025-12-10T18:23:34.909Z [debug]: Order 6464837615851 (Date: 2025-09-22): Payment Gateways: [manual] | isCOD: false | isPrepaid: true | Cancelled: false
2025-12-10T18:23:34.909Z [debug]: Order 6464840696043 (Date: 2025-09-22): Payment Gateways: [Ecom360 - Prepaid] | isCOD: false | isPrepaid: true | Cancelled: false
2025-12-10T18:23:34.909Z [debug]: Order 6464845775083 (Date: 2025-09-22): Payment Gateways: [Ecom360 - Prepaid] | isCOD: false | isPrepaid: true | Cancelled: false
2025-12-10T18:23:34.909Z [debug]: Order 6464850493675 (Date: 2025-09-22): Payment Gateways: [Cash On Delivery] | isCOD: true | isPrepaid: false | Cancelled: false
2025-12-10T18:23:34.909Z [debug]: Order 6464853246187 (Date: 2025-09-22): Payment Gateways: [Ecom360 - Prepaid] | isCOD: false | isPrepaid: true | Cancelled: false
2025-12-10T18:23:34.909Z [debug]: Order 6464853442795 (Date: 2025-09-22): Payment Gateways: [Cash On Delivery] | isCOD: true | isPrepaid: false | Cancelled: false
2025-12-10T18:23:34.910Z [debug]: Order 6464876183787 (Date: 2025-09-22): Payment Gateways: [Ecom360 - Prepaid] | isCOD: false | isPrepaid: true | Cancelled: false
2025-12-10T18:23:34.910Z [debug]: Order 6464907346155 (Date: 2025-09-22): Payment Gateways: [Cash On Delivery] | isCOD: true | isPrepaid: false | Cancelled: false
2025-12-10T18:23:34.910Z [debug]: Order 6464911343851 (Date: 2025-09-22): Payment Gateways: [Ecom360 - Prepaid] | isCOD: false | isPrepaid: true | Cancelled: false
2025-12-10T18:23:34.910Z [debug]: Order 6464924123371 (Date: 2025-09-22): Payment Gateways: [Ecom360 - Prepaid] | isCOD: false | isPrepaid: true | Cancelled: false
2025-12-10T18:23:34.910Z [debug]: Order 6464924680427 (Date: 2025-09-22): Payment Gateways: [Cash On Delivery] | isCOD: true | isPrepaid: false | Cancelled: false
2025-12-10T18:23:35.090Z [debug]: Order 6464936739051 (Date: 2025-09-22): Payment Gateways: [Cash On Delivery] | isCOD: true | isPrepaid: false | Cancelled: true
2025-12-10T18:23:35.090Z [debug]: Order 6464941523179 (Date: 2025-09-22): Payment Gateways: [Cash On Delivery] | isCOD: true | isPrepaid: false | Cancelled: false
2025-12-10T18:23:35.091Z [debug]: Order 6464941850859 (Date: 2025-09-22): Payment Gateways: [Ecom360 - Prepaid] | isCOD: false | isPrepaid: true | Cancelled: false
2025-12-10T18:23:35.091Z [debug]: Order 6464944046315 (Date: 2025-09-22): Payment Gateways: [Ecom360 - Prepaid] | isCOD: false | isPrepaid: true | Cancelled: false
2025-12-10T18:23:35.283Z [debug]: Order 6464945258731 (Date: 2025-09-22): Payment Gateways: [Cash On Delivery] | isCOD: true | isPrepaid: false | Cancelled: true
2025-12-10T18:23:35.284Z [debug]: Order 6464969736427 (Date: 2025-09-22): Payment Gateways: [Cash On Delivery] | isCOD: true | isPrepaid: false | Cancelled: false
2025-12-10T18:23:35.285Z [debug]: Order 6464974946539 (Date: 2025-09-22): Payment Gateways: [Ecom360 - Prepaid] | isCOD: false | isPrepaid: true | Cancelled: false
2025-12-10T18:23:35.464Z [debug]: Order 6464991297771 (Date: 2025-09-22): Payment Gateways: [Cash On Delivery] | isCOD: true | isPrepaid: false | Cancelled: true
2025-12-10T18:23:35.464Z [debug]: Order 6465004208363 (Date: 2025-09-22): Payment Gateways: [Ecom360 - Prepaid] | isCOD: false | isPrepaid: true | Cancelled: false
2025-12-10T18:23:35.465Z [debug]: Order 6465024098539 (Date: 2025-09-22): Payment Gateways: [Cash On Delivery] | isCOD: true | isPrepaid: false | Cancelled: false
2025-12-10T18:23:35.465Z [debug]: Order 6465045266667 (Date: 2025-09-22): Payment Gateways: [manual] | isCOD: false | isPrepaid: true | Cancelled: false
2025-12-10T18:23:35.465Z [debug]: Order 6465061585131 (Date: 2025-09-22): Payment Gateways: [Ecom360 - Prepaid] | isCOD: false | isPrepaid: true | Cancelled: false
2025-12-10T18:23:35.465Z [debug]: Order 6465065418987 (Date: 2025-09-22): Payment Gateways: [Cash On Delivery] | isCOD: true | isPrepaid: false | Cancelled: false
2025-12-10T18:23:35.465Z [debug]: Order 6465069089003 (Date: 2025-09-22): Payment Gateways: [Ecom360 - Prepaid] | isCOD: false | isPrepaid: true | Cancelled: false
2025-12-10T18:23:35.466Z [debug]: Order 6465075445995 (Date: 2025-09-22): Payment Gateways: [Ecom360 - Prepaid] | isCOD: false | isPrepaid: true | Cancelled: false
2025-12-10T18:23:35.466Z [debug]: Order 6465076658411 (Date: 2025-09-22): Payment Gateways: [Cash On Delivery] | isCOD: true | isPrepaid: false | Cancelled: false
2025-12-10T18:23:35.466Z [debug]: Order 6465098023147 (Date: 2025-09-22): Payment Gateways: [Cash On Delivery] | isCOD: true | isPrepaid: false | Cancelled: false
2025-12-10T18:23:35.467Z [debug]: Order 6465122435307 (Date: 2025-09-22): Payment Gateways: [Cash On Delivery] | isCOD: true | isPrepaid: false | Cancelled: false
2025-12-10T18:23:35.653Z [debug]: Order 6465123844331 (Date: 2025-09-22): Payment Gateways: [Cash On Delivery] | isCOD: true | isPrepaid: false | Cancelled: true
2025-12-10T18:23:35.836Z [debug]: Order 6465158742251 (Date: 2025-09-22): Payment Gateways: [Cash On Delivery] | isCOD: true | isPrepaid: false | Cancelled: true
2025-12-10T18:23:35.836Z [debug]: Order 6465163886827 (Date: 2025-09-22): Payment Gateways: [Ecom360 - Prepaid] | isCOD: false | isPrepaid: true | Cancelled: false
2025-12-10T18:23:35.837Z [debug]: Order 6465168638187 (Date: 2025-09-22): Payment Gateways: [Ecom360 - Prepaid] | isCOD: false | isPrepaid: true | Cancelled: false
2025-12-10T18:23:35.837Z [debug]: Order 6465171947755 (Date: 2025-09-22): Payment Gateways: [Ecom360 - Prepaid] | isCOD: false | isPrepaid: true | Cancelled: false
2025-12-10T18:23:35.837Z [debug]: Order 6465202847979 (Date: 2025-09-22): Payment Gateways: [Ecom360 - Prepaid] | isCOD: false | isPrepaid: true | Cancelled: false
2025-12-10T18:23:35.837Z [debug]: Order 6465219330283 (Date: 2025-09-22): Payment Gateways: [Cash On Delivery, manual] | isCOD: true | isPrepaid: false | Cancelled: false
2025-12-10T18:23:35.838Z [debug]: Order 6465244987627 (Date: 2025-09-22): Payment Gateways: [Cash On Delivery] | isCOD: true | isPrepaid: false | Cancelled: false
2025-12-10T18:23:35.838Z [debug]: Order 6465248428267 (Date: 2025-09-22): Payment Gateways: [Cash On Delivery, manual] | isCOD: true | isPrepaid: false | Cancelled: false
2025-12-10T18:23:35.838Z [debug]: Order 6465251410155 (Date: 2025-09-22): Payment Gateways: [Cash On Delivery] | isCOD: true | isPrepaid: false | Cancelled: false
2025-12-10T18:23:35.838Z [debug]: Order 6465295515883 (Date: 2025-09-22): Payment Gateways: [Ecom360 - Prepaid] | isCOD: false | isPrepaid: true | Cancelled: false
2025-12-10T18:23:35.838Z [debug]: Order 6465392247019 (Date: 2025-09-22): Payment Gateways: [Ecom360 - Prepaid] | isCOD: false | isPrepaid: true | Cancelled: false
2025-12-10T18:23:35.839Z [debug]: Order 6465409974507 (Date: 2025-09-22): Payment Gateways: [Ecom360 - Prepaid] | isCOD: false | isPrepaid: true | Cancelled: false
2025-12-11T04:09:48.850Z [debug]: Order 6164123844797 (Date: 2025-09-22): Payment Gateways: [cash_on_delivery] | isCOD: true | isPrepaid: false | Cancelled: false
2025-12-11T04:09:48.850Z [debug]: Order 6164200882365 (Date: 2025-09-22): Payment Gateways: [cash_on_delivery] | isCOD: true | isPrepaid: false | Cancelled: false
2025-12-11T04:09:48.850Z [debug]: Order 6164240662717 (Date: 2025-09-22): Payment Gateways: [cash_on_delivery] | isCOD: true | isPrepaid: false | Cancelled: false
2025-12-11T04:09:49.033Z [debug]: Order 6164514701501 (Date: 2025-09-22): Payment Gateways: [Gokwik UPI] | isCOD: false | isPrepaid: true | Cancelled: false
2025-12-11T04:09:49.216Z [debug]: Order 6164582465725 (Date: 2025-09-22): Payment Gateways: [cash_on_delivery] | isCOD: true | isPrepaid: false | Cancelled: true
