2025-12-10T18:23:13.333Z [debug]: Order 6408365736171 (Date: 2025-08-16): Payment Gateways: [Ecom360 - Prepaid] | isCOD: false | isPrepaid: true | Cancelled: false
2025-12-10T18:23:13.334Z [debug]: Order 6408380678379 (Date: 2025-08-16): Payment Gateways: [Cash On Delivery] | isCOD: true | isPrepaid: false | Cancelled: false
2025-12-10T18:23:13.509Z [debug]: Order 6408383463659 (Date: 2025-08-16): Payment Gateways: [Ecom360 - Prepaid] | isCOD: false | isPrepaid: true | Cancelled: false
2025-12-10T18:23:13.510Z [debug]: Order 6408383955179 (Date: 2025-08-16): Payment Gateways: [Ecom360 - Prepaid] | isCOD: false | isPrepaid: true | Cancelled: false
2025-12-10T18:23:13.510Z [debug]: Order 6408473247979 (Date: 2025-08-16): Payment Gateways: [Ecom360 - Prepaid] | isCOD: false | isPrepaid: true | Cancelled: false
2025-12-10T18:23:13.510Z [debug]: Order 6408598126827 (Date: 2025-08-16): Payment Gateways: [Cashfree Payments] | isCOD: false | isPrepaid: true | Cancelled: false
2025-12-10T18:23:13.510Z [debug]: Order 6408761999595 (Date: 2025-08-16): Payment Gateways: [Ecom360 - Prepaid] | isCOD: false | isPrepaid: true | Cancelled: false
2025-12-10T18:23:13.510Z [debug]: Order 6408862073067 (Date: 2025-08-16): Payment Gateways: [Ecom360 - Prepaid] | isCOD: false | isPrepaid: true | Cancelled: false
2025-12-10T18:23:13.510Z [debug]: Order 6408915812587 (Date: 2025-08-16): Payment Gateways: [Ecom360 - Prepaid] | isCOD: false | isPrepaid: true | Cancelled: false
2025-12-10T18:23:13.510Z [debug]: Order 6408930951403 (Date: 2025-08-16): Payment Gateways: [Ecom360 - Prepaid] | isCOD: false | isPrepaid: true | Cancelled: false
2025-12-10T18:23:13.510Z [debug]: Order 6408987508971 (Date: 2025-08-16): Payment Gateways: [Ecom360 - Prepaid] | isCOD: false | isPrepaid: true | Cancelled: false
2025-12-10T18:23:13.510Z [debug]: Order 6409018867947 (Date: 2025-08-16): Payment Gateways: [Ecom360 - Prepaid] | isCOD: false | isPrepaid: true | Cancelled: false
2025-12-10T18:23:13.510Z [debug]: Order 6409059991787 (Date: 2025-08-16): Payment Gateways: [Ecom360 - Prepaid] | isCOD: false | isPrepaid: true | Cancelled: false
2025-12-10T18:23:13.510Z [debug]: Order 6409073262827 (Date: 2025-08-16): Payment Gateways: [Ecom360 - Prepaid] | isCOD: false | isPrepaid: true | Cancelled: false
2025-12-10T18:23:13.510Z [debug]: Order 6409078571243 (Date: 2025-08-16): Payment Gateways: [Cash On Delivery] | isCOD: true | isPrepaid: false | Cancelled: false
2025-12-10T18:23:13.511Z [debug]: Order 6409107570923 (Date: 2025-08-16): Payment Gateways: [Ecom360 - Prepaid] | isCOD: false | isPrepaid: true | Cancelled: false
2025-12-10T18:23:13.511Z [debug]: Order 6409126052075 (Date: 2025-08-16): Payment Gateways: [Ecom360 - Prepaid] | isCOD: false | isPrepaid: true | Cancelled: false
2025-12-10T18:23:13.511Z [debug]: Order 6409132769515 (Date: 2025-08-16): Payment Gateways: [Cashfree Payments] | isCOD: false | isPrepaid: true | Cancelled: false
2025-12-10T18:23:13.511Z [debug]: Order 6409180774635 (Date: 2025-08-16): Payment Gateways: [Ecom360 - Prepaid] | isCOD: false | isPrepaid: true | Cancelled: false
2025-12-10T18:23:13.511Z [debug]: Order 6409188180203 (Date: 2025-08-16): Payment Gateways: [manual] | isCOD: false | isPrepaid: true | Cancelled: false
2025-12-10T18:23:13.511Z [debug]: Order 6409201647851 (Date: 2025-08-16): Payment Gateways: [Ecom360 - Prepaid] | isCOD: false | isPrepaid: true | Cancelled: false
2025-12-10T18:23:13.511Z [debug]: Order 6409231499499 (Date: 2025-08-16): Payment Gateways: [Ecom360 - Prepaid] | isCOD: false | isPrepaid: true | Cancelled: false
2025-12-10T18:23:13.511Z [debug]: Order 6409234809067 (Date: 2025-08-16): Payment Gateways: [Ecom360 - Prepaid] | isCOD: false | isPrepaid: true | Cancelled: false
2025-12-10T18:23:13.511Z [debug]: Order 6409243230443 (Date: 2025-08-16): Payment Gateways: [Cash On Delivery] | isCOD: true | isPrepaid: false | Cancelled: false
2025-12-10T18:23:13.511Z [debug]: Order 6409349562603 (Date: 2025-08-16): Payment Gateways: [Ecom360 - Prepaid] | isCOD: false | isPrepaid: true | Cancelled: false
2025-12-10T18:23:13.511Z [debug]: Order 6409363521771 (Date: 2025-08-16): Payment Gateways: [Ecom360 - Prepaid] | isCOD: false | isPrepaid: true | Cancelled: false
2025-12-10T18:23:13.511Z [debug]: Order 6409400254699 (Date: 2025-08-16): Payment Gateways: [Ecom360 - Prepaid] | isCOD: false | isPrepaid: true | Cancelled: false
2025-12-10T18:23:13.511Z [debug]: Order 6409554788587 (Date: 2025-08-16): Payment Gateways: [Cashfree Payments] | isCOD: false | isPrepaid: true | Cancelled: false
2025-12-10T18:23:13.511Z [debug]: Order 6409591488747 (Date: 2025-08-16): Payment Gateways: [Cashfree Payments] | isCOD: false | isPrepaid: true | Cancelled: false
2025-12-10T18:23:13.512Z [debug]: Order 6409604890859 (Date: 2025-08-16): Payment Gateways: [Ecom360 - Prepaid] | isCOD: false | isPrepaid: true | Cancelled: false
2025-12-10T18:23:13.512Z [debug]: Order 6409699590379 (Date: 2025-08-16): Payment Gateways: [Cashfree Payments] | isCOD: false | isPrepaid: true | Cancelled: false
2025-12-11T04:17:03.867Z [debug]: Order 6594233008435 (Date: 2025-08-16): Payment Gateways: [Cash on Delivery (COD)] | isCOD: true | isPrepaid: false | Cancelled: false
2025-12-11T04:17:03.867Z [debug]: Order 6595144057139 (Date: 2025-08-16): Payment Gateways: [1 Razorpay] | isCOD: false | isPrepaid: true | Cancelled: false
2025-12-11T04:17:03.867Z [debug]: Order 6595157000499 (Date: 2025-08-16): Payment Gateways: [Cash on Delivery (COD)] | isCOD: true | isPrepaid: false | Cancelled: false
2025-12-11T04:17:03.867Z [debug]: Order 6595194159411 (Date: 2025-08-16): Payment Gateways: [Cash on Delivery (COD)] | isCOD: true | isPrepaid: false | Cancelled: false
2025-12-11T04:17:04.071Z [debug]: Order 6595330507059 (Date: 2025-08-16): Payment Gateways: [Cash on Delivery (COD)] | isCOD: true | isPrepaid: false | Cancelled: true
2025-12-11T04:17:04.250Z [debug]: Order 6595372843315 (Date: 2025-08-16): Payment Gateways: [Cash on Delivery (COD)] | isCOD: true | isPrepaid: false | Cancelled: true
2025-12-11T04:17:04.250Z [debug]: Order 6595376906547 (Date: 2025-08-16): Payment Gateways: [Cash on Delivery (COD)] | isCOD: true | isPrepaid: false | Cancelled: false
2025-12-11T04:17:04.251Z [debug]: Order 6595413573939 (Date: 2025-08-16): Payment Gateways: [Cash on Delivery (COD)] | isCOD: true | isPrepaid: false | Cancelled: false
2025-12-11T04:17:04.251Z [debug]: Order 6595416949043 (Date: 2025-08-16): Payment Gateways: [Cash on Delivery (COD)] | isCOD: true | isPrepaid: false | Cancelled: false
2025-12-11T04:17:04.251Z [debug]: Order 6595419701555 (Date: 2025-08-16): Payment Gateways: [Cash on Delivery (COD)] | isCOD: true | isPrepaid: false | Cancelled: false
2025-12-11T04:17:04.251Z [debug]: Order 6595558965555 (Date: 2025-08-16): Payment Gateways: [Cash on Delivery (COD)] | isCOD: true | isPrepaid: false | Cancelled: false
