2025-12-17T05:35:47.418Z [debug]: Order 5744279617729 (Date: 2024-02-05): Payment Gateways: [Cash on Delivery (COD)] | isCOD: true | isPrepaid: false | Cancelled: true
2025-12-17T05:35:47.418Z [debug]: Order 5745057890497 (Date: 2024-02-05): Payment Gateways: [manual] | isCOD: false | isPrepaid: true | Cancelled: false
2025-12-17T05:35:47.418Z [debug]: Order 5745131618497 (Date: 2024-02-05): Payment Gateways: [Cash on Delivery (COD)] | isCOD: true | isPrepaid: false | Cancelled: false
2025-12-17T05:35:47.606Z [debug]: Order 5745196204225 (Date: 2024-02-05): Payment Gateways: [Cash on Delivery (COD)] | isCOD: true | isPrepaid: false | Cancelled: true
2025-12-17T05:35:47.844Z [debug]: Order 5745227006145 (Date: 2024-02-05): Payment Gateways: [Cash on Delivery (COD)] | isCOD: true | isPrepaid: false | Cancelled: true
2025-12-17T05:35:47.844Z [debug]: Order 5745228775617 (Date: 2024-02-05): Payment Gateways: [Cash on Delivery (COD)] | isCOD: true | isPrepaid: false | Cancelled: false
2025-12-17T05:35:47.845Z [debug]: Order 5745303879873 (Date: 2024-02-05): Payment Gateways: [Razorpay Secure] | isCOD: false | isPrepaid: true | Cancelled: false
2025-12-17T05:35:48.032Z [debug]: Order 5745362272449 (Date: 2024-02-05): Payment Gateways: [Cash on Delivery (COD)] | isCOD: true | isPrepaid: false | Cancelled: true
2025-12-17T05:35:48.212Z [debug]: Order 5745365090497 (Date: 2024-02-05): Payment Gateways: [Cash on Delivery (COD)] | isCOD: true | isPrepaid: false | Cancelled: true
2025-12-17T05:35:48.425Z [debug]: Order 5745366663361 (Date: 2024-02-05): Payment Gateways: [Cash on Delivery (COD)] | isCOD: true | isPrepaid: false | Cancelled: true
2025-12-17T05:35:48.610Z [debug]: Order 5745367482561 (Date: 2024-02-05): Payment Gateways: [Cash on Delivery (COD)] | isCOD: true | isPrepaid: false | Cancelled: true
2025-12-17T05:35:48.792Z [debug]: Order 5745368629441 (Date: 2024-02-05): Payment Gateways: [Cash on Delivery (COD)] | isCOD: true | isPrepaid: false | Cancelled: true
2025-12-17T05:35:48.792Z [debug]: Order 5745477451969 (Date: 2024-02-05): Payment Gateways: [Cash on Delivery (COD)] | isCOD: true | isPrepaid: false | Cancelled: false
2025-12-17T05:35:48.793Z [debug]: Order 5745654988993 (Date: 2024-02-05): Payment Gateways: [Razorpay Secure] | isCOD: false | isPrepaid: true | Cancelled: false
2025-12-17T05:35:48.975Z [debug]: Order 5745660068033 (Date: 2024-02-05): Payment Gateways: [Cash on Delivery (COD)] | isCOD: true | isPrepaid: false | Cancelled: true
2025-12-17T05:35:48.975Z [debug]: Order 5745711448257 (Date: 2024-02-05): Payment Gateways: [Cash on Delivery (COD)] | isCOD: true | isPrepaid: false | Cancelled: false
2025-12-17T05:48:22.681Z [debug]: Order 5642230071456 (Date: 2024-02-05): Payment Gateways: [Cash on Delivery (COD)] | isCOD: true | isPrepaid: false | Cancelled: false
2025-12-17T05:48:22.880Z [debug]: Order 5642446209184 (Date: 2024-02-05): Payment Gateways: [Cash on Delivery (COD)] | isCOD: true | isPrepaid: false | Cancelled: true
2025-12-17T05:48:22.880Z [debug]: Order 5642680893600 (Date: 2024-02-05): Payment Gateways: [Cash on Delivery (COD)] | isCOD: true | isPrepaid: false | Cancelled: false
2025-12-17T05:48:22.880Z [debug]: Order 5642754621600 (Date: 2024-02-05): Payment Gateways: [Cards, UPI, NB by PayU India] | isCOD: false | isPrepaid: true | Cancelled: false
2025-12-17T05:48:22.880Z [debug]: Order 5643068506272 (Date: 2024-02-05): Payment Gateways: [Cash on Delivery (COD)] | isCOD: true | isPrepaid: false | Cancelled: false
2025-12-17T06:24:02.197Z [debug]: Order 5744279617729 (Date: 2024-02-05): Payment Gateways: [Cash on Delivery (COD)] | isCOD: true | isPrepaid: false | Cancelled: true
2025-12-17T06:24:02.198Z [debug]: Order 5745057890497 (Date: 2024-02-05): Payment Gateways: [manual] | isCOD: false | isPrepaid: true | Cancelled: false
2025-12-17T06:24:02.198Z [debug]: Order 5745131618497 (Date: 2024-02-05): Payment Gateways: [Cash on Delivery (COD)] | isCOD: true | isPrepaid: false | Cancelled: false
2025-12-17T06:24:02.377Z [debug]: Order 5745196204225 (Date: 2024-02-05): Payment Gateways: [Cash on Delivery (COD)] | isCOD: true | isPrepaid: false | Cancelled: true
2025-12-17T06:24:02.560Z [debug]: Order 5745227006145 (Date: 2024-02-05): Payment Gateways: [Cash on Delivery (COD)] | isCOD: true | isPrepaid: false | Cancelled: true
2025-12-17T06:24:02.561Z [debug]: Order 5745228775617 (Date: 2024-02-05): Payment Gateways: [Cash on Delivery (COD)] | isCOD: true | isPrepaid: false | Cancelled: false
2025-12-17T06:24:02.561Z [debug]: Order 5745303879873 (Date: 2024-02-05): Payment Gateways: [Razorpay Secure] | isCOD: false | isPrepaid: true | Cancelled: false
2025-12-17T06:24:02.747Z [debug]: Order 5745362272449 (Date: 2024-02-05): Payment Gateways: [Cash on Delivery (COD)] | isCOD: true | isPrepaid: false | Cancelled: true
2025-12-17T06:24:02.926Z [debug]: Order 5745365090497 (Date: 2024-02-05): Payment Gateways: [Cash on Delivery (COD)] | isCOD: true | isPrepaid: false | Cancelled: true
2025-12-17T06:24:03.113Z [debug]: Order 5745366663361 (Date: 2024-02-05): Payment Gateways: [Cash on Delivery (COD)] | isCOD: true | isPrepaid: false | Cancelled: true
2025-12-17T06:24:03.296Z [debug]: Order 5745367482561 (Date: 2024-02-05): Payment Gateways: [Cash on Delivery (COD)] | isCOD: true | isPrepaid: false | Cancelled: true
2025-12-17T06:24:03.482Z [debug]: Order 5745368629441 (Date: 2024-02-05): Payment Gateways: [Cash on Delivery (COD)] | isCOD: true | isPrepaid: false | Cancelled: true
2025-12-17T06:24:03.482Z [debug]: Order 5745477451969 (Date: 2024-02-05): Payment Gateways: [Cash on Delivery (COD)] | isCOD: true | isPrepaid: false | Cancelled: false
2025-12-17T06:24:03.483Z [debug]: Order 5745654988993 (Date: 2024-02-05): Payment Gateways: [Razorpay Secure] | isCOD: false | isPrepaid: true | Cancelled: false
2025-12-17T06:24:03.666Z [debug]: Order 5745660068033 (Date: 2024-02-05): Payment Gateways: [Cash on Delivery (COD)] | isCOD: true | isPrepaid: false | Cancelled: true
2025-12-17T06:24:03.666Z [debug]: Order 5745711448257 (Date: 2024-02-05): Payment Gateways: [Cash on Delivery (COD)] | isCOD: true | isPrepaid: false | Cancelled: false
