2025-12-10T18:23:25.766Z [debug]: Order 6380857131243 (Date: 2025-07-30): Payment Gateways: [Ecom360 - Prepaid] | isCOD: false | isPrepaid: true | Cancelled: false
2025-12-10T18:23:25.958Z [debug]: Order 6380860702955 (Date: 2025-07-30): Payment Gateways: [Cash On Delivery] | isCOD: true | isPrepaid: false | Cancelled: true
2025-12-10T18:23:25.958Z [debug]: Order 6380946981099 (Date: 2025-07-30): Payment Gateways: [Ecom360 - Prepaid] | isCOD: false | isPrepaid: true | Cancelled: false
2025-12-10T18:23:25.959Z [debug]: Order 6381014974699 (Date: 2025-07-30): Payment Gateways: [Ecom360 - Prepaid] | isCOD: false | isPrepaid: true | Cancelled: false
2025-12-10T18:23:25.959Z [debug]: Order 6381203456235 (Date: 2025-07-30): Payment Gateways: [Ecom360 - Prepaid] | isCOD: false | isPrepaid: true | Cancelled: false
2025-12-10T18:23:25.959Z [debug]: Order 6381223379179 (Date: 2025-07-30): Payment Gateways: [Cashfree Payments] | isCOD: false | isPrepaid: true | Cancelled: false
2025-12-10T18:23:25.960Z [debug]: Order 6381306708203 (Date: 2025-07-30): Payment Gateways: [Cashfree Payments] | isCOD: false | isPrepaid: true | Cancelled: false
2025-12-10T18:23:25.960Z [debug]: Order 6381444169963 (Date: 2025-07-30): Payment Gateways: [Ecom360 - Prepaid] | isCOD: false | isPrepaid: true | Cancelled: false
2025-12-10T18:23:25.960Z [debug]: Order 6381582319851 (Date: 2025-07-30): Payment Gateways: [Ecom360 - Prepaid] | isCOD: false | isPrepaid: true | Cancelled: false
2025-12-10T18:23:25.960Z [debug]: Order 6382016561387 (Date: 2025-07-30): Payment Gateways: [Cash On Delivery] | isCOD: true | isPrepaid: false | Cancelled: false
2025-12-10T18:23:25.961Z [debug]: Order 6382164181227 (Date: 2025-07-30): Payment Gateways: [Cash On Delivery] | isCOD: true | isPrepaid: false | Cancelled: false
2025-12-10T18:23:25.961Z [debug]: Order 6382229324011 (Date: 2025-07-30): Payment Gateways: [Ecom360 - Prepaid] | isCOD: false | isPrepaid: true | Cancelled: false
2025-12-10T18:23:25.961Z [debug]: Order 6382317306091 (Date: 2025-07-30): Payment Gateways: [Cash On Delivery] | isCOD: true | isPrepaid: false | Cancelled: false
2025-12-10T18:23:25.961Z [debug]: Order 6382317699307 (Date: 2025-07-30): Payment Gateways: [Ecom360 - Prepaid] | isCOD: false | isPrepaid: true | Cancelled: false
2025-12-10T18:23:25.961Z [debug]: Order 6382400209131 (Date: 2025-07-30): Payment Gateways: [Ecom360 - Prepaid] | isCOD: false | isPrepaid: true | Cancelled: false
2025-12-10T18:23:25.962Z [debug]: Order 6382621556971 (Date: 2025-07-30): Payment Gateways: [Ecom360 - Prepaid] | isCOD: false | isPrepaid: true | Cancelled: false
2025-12-10T18:23:25.962Z [debug]: Order 6383228027115 (Date: 2025-07-30): Payment Gateways: [Ecom360 - Prepaid] | isCOD: false | isPrepaid: true | Cancelled: false
2025-12-10T18:23:25.963Z [debug]: Order 6383538766059 (Date: 2025-07-30): Payment Gateways: [Ecom360 - Prepaid] | isCOD: false | isPrepaid: true | Cancelled: false
2025-12-10T18:23:25.963Z [debug]: Order 6383601352939 (Date: 2025-07-30): Payment Gateways: [Ecom360 - Prepaid] | isCOD: false | isPrepaid: true | Cancelled: false
2025-12-10T18:23:25.963Z [debug]: Order 6383699394795 (Date: 2025-07-30): Payment Gateways: [Ecom360 - Prepaid] | isCOD: false | isPrepaid: true | Cancelled: false
2025-12-10T18:23:25.963Z [debug]: Order 6383722856683 (Date: 2025-07-30): Payment Gateways: [Ecom360 - Prepaid] | isCOD: false | isPrepaid: true | Cancelled: false
2025-12-10T18:23:25.963Z [debug]: Order 6383739535595 (Date: 2025-07-30): Payment Gateways: [Ecom360 - Prepaid] | isCOD: false | isPrepaid: true | Cancelled: false
2025-12-10T18:23:25.964Z [debug]: Order 6383876800747 (Date: 2025-07-30): Payment Gateways: [Cash On Delivery] | isCOD: true | isPrepaid: false | Cancelled: false
2025-12-10T18:23:25.964Z [debug]: Order 6383979200747 (Date: 2025-07-30): Payment Gateways: [Cashfree Payments] | isCOD: false | isPrepaid: true | Cancelled: false
2025-12-10T18:23:25.964Z [debug]: Order 6384003055851 (Date: 2025-07-30): Payment Gateways: [Ecom360 - Prepaid] | isCOD: false | isPrepaid: true | Cancelled: false
2025-12-10T18:23:25.964Z [debug]: Order 6384035987691 (Date: 2025-07-30): Payment Gateways: [Cashfree Payments] | isCOD: false | isPrepaid: true | Cancelled: false
2025-12-10T18:23:25.964Z [debug]: Order 6384097722603 (Date: 2025-07-30): Payment Gateways: [Ecom360 - Prepaid] | isCOD: false | isPrepaid: true | Cancelled: false
2025-12-10T18:23:25.964Z [debug]: Order 6384099262699 (Date: 2025-07-30): Payment Gateways: [Cashfree Payments] | isCOD: false | isPrepaid: true | Cancelled: false
2025-12-10T18:23:25.965Z [debug]: Order 6384134357227 (Date: 2025-07-30): Payment Gateways: [Cashfree Payments] | isCOD: false | isPrepaid: true | Cancelled: false
2025-12-10T18:23:25.965Z [debug]: Order 6384154837227 (Date: 2025-07-30): Payment Gateways: [Ecom360 - Prepaid] | isCOD: false | isPrepaid: true | Cancelled: false
2025-12-10T18:23:25.965Z [debug]: Order 6384174039275 (Date: 2025-07-30): Payment Gateways: [Cash On Delivery] | isCOD: true | isPrepaid: false | Cancelled: false
2025-12-10T18:23:25.965Z [debug]: Order 6384174104811 (Date: 2025-07-30): Payment Gateways: [Ecom360 - Prepaid] | isCOD: false | isPrepaid: true | Cancelled: false
2025-12-10T18:23:25.966Z [debug]: Order 6384222601451 (Date: 2025-07-30): Payment Gateways: [Cashfree Payments] | isCOD: false | isPrepaid: true | Cancelled: false
2025-12-10T18:23:25.966Z [debug]: Order 6384226468075 (Date: 2025-07-30): Payment Gateways: [Ecom360 - Prepaid] | isCOD: false | isPrepaid: true | Cancelled: false
2025-12-10T18:23:25.966Z [debug]: Order 6384231350507 (Date: 2025-07-30): Payment Gateways: [Ecom360 - Prepaid] | isCOD: false | isPrepaid: true | Cancelled: false
2025-12-10T18:23:25.966Z [debug]: Order 6384253305067 (Date: 2025-07-30): Payment Gateways: [Ecom360 - Prepaid] | isCOD: false | isPrepaid: true | Cancelled: false
2025-12-10T18:23:25.966Z [debug]: Order 6384262414571 (Date: 2025-07-30): Payment Gateways: [Ecom360 - Prepaid] | isCOD: false | isPrepaid: true | Cancelled: false
2025-12-10T18:23:25.966Z [debug]: Order 6384296526059 (Date: 2025-07-30): Payment Gateways: [Cashfree Payments] | isCOD: false | isPrepaid: true | Cancelled: false
2025-12-10T18:23:25.967Z [debug]: Order 6384303866091 (Date: 2025-07-30): Payment Gateways: [Ecom360 - Prepaid] | isCOD: false | isPrepaid: true | Cancelled: false
2025-12-10T18:23:25.967Z [debug]: Order 6384324346091 (Date: 2025-07-30): Payment Gateways: [Cash On Delivery] | isCOD: true | isPrepaid: false | Cancelled: false
2025-12-10T18:23:25.967Z [debug]: Order 6384355737835 (Date: 2025-07-30): Payment Gateways: [Cashfree Payments] | isCOD: false | isPrepaid: true | Cancelled: false
2025-12-10T18:23:25.967Z [debug]: Order 6384371204331 (Date: 2025-07-30): Payment Gateways: [Ecom360 - Prepaid] | isCOD: false | isPrepaid: true | Cancelled: false
2025-12-10T18:23:25.967Z [debug]: Order 6384384737515 (Date: 2025-07-30): Payment Gateways: [Ecom360 - Prepaid] | isCOD: false | isPrepaid: true | Cancelled: false
2025-12-10T18:23:25.967Z [debug]: Order 6384392569067 (Date: 2025-07-30): Payment Gateways: [Cashfree Payments] | isCOD: false | isPrepaid: true | Cancelled: false
2025-12-10T18:23:25.967Z [debug]: Order 6384427991275 (Date: 2025-07-30): Payment Gateways: [Ecom360 - Prepaid] | isCOD: false | isPrepaid: true | Cancelled: false
2025-12-10T18:23:25.968Z [debug]: Order 6384434184427 (Date: 2025-07-30): Payment Gateways: [Cash On Delivery] | isCOD: true | isPrepaid: false | Cancelled: false
2025-12-10T18:23:25.968Z [debug]: Order 6384437985515 (Date: 2025-07-30): Payment Gateways: [Cashfree Payments] | isCOD: false | isPrepaid: true | Cancelled: false
2025-12-10T18:23:25.968Z [debug]: Order 6384452337899 (Date: 2025-07-30): Payment Gateways: [Ecom360 - Prepaid] | isCOD: false | isPrepaid: true | Cancelled: false
2025-12-10T18:23:25.968Z [debug]: Order 6384483696875 (Date: 2025-07-30): Payment Gateways: [Cash On Delivery] | isCOD: true | isPrepaid: false | Cancelled: false
2025-12-10T18:23:25.968Z [debug]: Order 6384484417771 (Date: 2025-07-30): Payment Gateways: [Cash On Delivery] | isCOD: true | isPrepaid: false | Cancelled: false
2025-12-10T18:23:25.968Z [debug]: Order 6384501817579 (Date: 2025-07-30): Payment Gateways: [Ecom360 - Prepaid] | isCOD: false | isPrepaid: true | Cancelled: false
2025-12-10T18:23:25.969Z [debug]: Order 6384521445611 (Date: 2025-07-30): Payment Gateways: [Cash On Delivery] | isCOD: true | isPrepaid: false | Cancelled: false
2025-12-10T18:23:25.969Z [debug]: Order 6384544383211 (Date: 2025-07-30): Payment Gateways: [Ecom360 - Prepaid] | isCOD: false | isPrepaid: true | Cancelled: false
2025-12-10T18:23:25.969Z [debug]: Order 6384572236011 (Date: 2025-07-30): Payment Gateways: [Ecom360 - Prepaid] | isCOD: false | isPrepaid: true | Cancelled: false
2025-12-10T18:23:25.969Z [debug]: Order 6384634724587 (Date: 2025-07-30): Payment Gateways: [Ecom360 - Prepaid] | isCOD: false | isPrepaid: true | Cancelled: false
2025-12-10T18:23:25.969Z [debug]: Order 6384636526827 (Date: 2025-07-30): Payment Gateways: [Cash On Delivery] | isCOD: true | isPrepaid: false | Cancelled: false
2025-12-11T04:17:17.630Z [debug]: Order 6551755260211 (Date: 2025-07-30): Payment Gateways: [Cash on Delivery (COD)] | isCOD: true | isPrepaid: false | Cancelled: false
2025-12-11T04:17:17.631Z [debug]: Order 6551909204275 (Date: 2025-07-30): Payment Gateways: [Cash on Delivery (COD)] | isCOD: true | isPrepaid: false | Cancelled: false
2025-12-11T04:17:17.631Z [debug]: Order 6552037032243 (Date: 2025-07-30): Payment Gateways: [Cash on Delivery (COD)] | isCOD: true | isPrepaid: false | Cancelled: false
2025-12-11T04:17:17.631Z [debug]: Order 6552213127475 (Date: 2025-07-30): Payment Gateways: [Cash on Delivery (COD)] | isCOD: true | isPrepaid: false | Cancelled: false
