2025-12-10T18:24:10.746Z [debug]: Order 6565074731243 (Date: 2025-11-19): Payment Gateways: [manual] | isCOD: false | isPrepaid: true | Cancelled: false
2025-12-10T18:24:10.746Z [debug]: Order 6565084496107 (Date: 2025-11-19): Payment Gateways: [manual] | isCOD: false | isPrepaid: true | Cancelled: false
2025-12-10T18:24:10.746Z [debug]: Order 6565148033259 (Date: 2025-11-19): Payment Gateways: [manual] | isCOD: false | isPrepaid: true | Cancelled: false
2025-12-10T18:24:10.746Z [debug]: Order 6565186568427 (Date: 2025-11-19): Payment Gateways: [manual] | isCOD: false | isPrepaid: true | Cancelled: false
2025-12-10T18:24:10.927Z [debug]: Order 6565639782635 (Date: 2025-11-19): Payment Gateways: [manual] | isCOD: false | isPrepaid: true | Cancelled: true
2025-12-10T18:24:10.927Z [debug]: Order 6565704597739 (Date: 2025-11-19): Payment Gateways: [manual] | isCOD: false | isPrepaid: true | Cancelled: false
2025-12-10T18:24:10.928Z [debug]: Order 6565781045483 (Date: 2025-11-19): Payment Gateways: [manual] | isCOD: false | isPrepaid: true | Cancelled: false
2025-12-10T18:24:10.928Z [debug]: Order 6565785600235 (Date: 2025-11-19): Payment Gateways: [manual] | isCOD: false | isPrepaid: true | Cancelled: false
2025-12-10T18:24:10.928Z [debug]: Order 6565796315371 (Date: 2025-11-19): Payment Gateways: [manual] | isCOD: false | isPrepaid: true | Cancelled: false
2025-12-10T18:24:10.928Z [debug]: Order 6565819875563 (Date: 2025-11-19): Payment Gateways: [manual] | isCOD: false | isPrepaid: true | Cancelled: false
2025-12-10T18:24:10.928Z [debug]: Order 6565850906859 (Date: 2025-11-19): Payment Gateways: [manual] | isCOD: false | isPrepaid: true | Cancelled: false
2025-12-10T18:24:10.929Z [debug]: Order 6565863817451 (Date: 2025-11-19): Payment Gateways: [manual] | isCOD: false | isPrepaid: true | Cancelled: false
2025-12-10T18:24:10.929Z [debug]: Order 6565907923179 (Date: 2025-11-19): Payment Gateways: [manual] | isCOD: false | isPrepaid: true | Cancelled: false
2025-12-10T18:24:10.929Z [debug]: Order 6565958287595 (Date: 2025-11-19): Payment Gateways: [manual] | isCOD: false | isPrepaid: true | Cancelled: false
2025-12-10T18:24:10.930Z [debug]: Order 6565994201323 (Date: 2025-11-19): Payment Gateways: [manual] | isCOD: false | isPrepaid: true | Cancelled: false
2025-12-10T18:24:10.930Z [debug]: Order 6566061867243 (Date: 2025-11-19): Payment Gateways: [manual] | isCOD: false | isPrepaid: true | Cancelled: false
2025-12-10T18:24:10.930Z [debug]: Order 6566065275115 (Date: 2025-11-19): Payment Gateways: [manual] | isCOD: false | isPrepaid: true | Cancelled: false
2025-12-10T18:24:10.930Z [debug]: Order 6566075498731 (Date: 2025-11-19): Payment Gateways: [manual] | isCOD: false | isPrepaid: true | Cancelled: false
2025-12-10T18:24:10.930Z [debug]: Order 6566085984491 (Date: 2025-11-19): Payment Gateways: [manual] | isCOD: false | isPrepaid: true | Cancelled: false
2025-12-10T18:24:10.931Z [debug]: Order 6566110888171 (Date: 2025-11-19): Payment Gateways: [manual] | isCOD: false | isPrepaid: true | Cancelled: false
2025-12-10T18:24:10.931Z [debug]: Order 6566163644651 (Date: 2025-11-19): Payment Gateways: [manual] | isCOD: false | isPrepaid: true | Cancelled: false
2025-12-10T18:24:10.931Z [debug]: Order 6566173114603 (Date: 2025-11-19): Payment Gateways: [manual] | isCOD: false | isPrepaid: true | Cancelled: false
2025-12-10T18:24:10.931Z [debug]: Order 6566194577643 (Date: 2025-11-19): Payment Gateways: [manual] | isCOD: false | isPrepaid: true | Cancelled: false
2025-12-10T18:24:11.118Z [debug]: Order 6566214205675 (Date: 2025-11-19): Payment Gateways: [manual] | isCOD: false | isPrepaid: true | Cancelled: true
2025-12-10T18:24:11.118Z [debug]: Order 6566238748907 (Date: 2025-11-19): Payment Gateways: [manual] | isCOD: false | isPrepaid: true | Cancelled: false
2025-12-10T18:24:11.118Z [debug]: Order 6566298779883 (Date: 2025-11-19): Payment Gateways: [manual] | isCOD: false | isPrepaid: true | Cancelled: false
2025-12-10T18:24:11.119Z [debug]: Order 6566405636331 (Date: 2025-11-19): Payment Gateways: [manual] | isCOD: false | isPrepaid: true | Cancelled: false
2025-12-10T18:24:11.119Z [debug]: Order 6566410780907 (Date: 2025-11-19): Payment Gateways: [manual] | isCOD: false | isPrepaid: true | Cancelled: false
2025-12-10T18:24:11.119Z [debug]: Order 6566433063147 (Date: 2025-11-19): Payment Gateways: [manual] | isCOD: false | isPrepaid: true | Cancelled: false
2025-12-10T18:24:11.298Z [debug]: Order 6566461505771 (Date: 2025-11-19): Payment Gateways: [manual] | isCOD: false | isPrepaid: true | Cancelled: true
2025-12-10T18:24:11.299Z [debug]: Order 6566490046699 (Date: 2025-11-19): Payment Gateways: [manual] | isCOD: false | isPrepaid: true | Cancelled: false
2025-12-10T18:24:11.299Z [debug]: Order 6566547423467 (Date: 2025-11-19): Payment Gateways: [manual] | isCOD: false | isPrepaid: true | Cancelled: false
2025-12-10T18:31:50.602Z [debug]: Order 6955364155702 (Date: 2025-11-19): Payment Gateways: [Cash on Delivery (COD)] | isCOD: true | isPrepaid: false | Cancelled: false
2025-12-10T18:31:50.808Z [debug]: Order 6955412062518 (Date: 2025-11-19): Payment Gateways: [Cash on Delivery (COD)] | isCOD: true | isPrepaid: false | Cancelled: true
2025-12-11T04:10:05.929Z [debug]: Order 6248169472189 (Date: 2025-11-19): Payment Gateways: [cash_on_delivery] | isCOD: true | isPrepaid: false | Cancelled: false
2025-12-11T04:10:05.930Z [debug]: Order 6249099362493 (Date: 2025-11-19): Payment Gateways: [cash_on_delivery] | isCOD: true | isPrepaid: false | Cancelled: false
2025-12-11T04:10:06.110Z [debug]: Order 6249204416701 (Date: 2025-11-19): Payment Gateways: [cash_on_delivery] | isCOD: true | isPrepaid: false | Cancelled: true
2025-12-11T04:10:06.111Z [debug]: Order 6249320972477 (Date: 2025-11-19): Payment Gateways: [cash_on_delivery] | isCOD: true | isPrepaid: false | Cancelled: false
