2025-12-10T18:24:05.722Z [debug]: Order 6551196664043 (Date: 2025-11-10): Payment Gateways: [manual] | isCOD: false | isPrepaid: true | Cancelled: false
2025-12-10T18:24:05.722Z [debug]: Order 6551241523435 (Date: 2025-11-10): Payment Gateways: [manual] | isCOD: false | isPrepaid: true | Cancelled: false
2025-12-10T18:24:05.722Z [debug]: Order 6551255285995 (Date: 2025-11-10): Payment Gateways: [manual] | isCOD: false | isPrepaid: true | Cancelled: false
2025-12-10T18:24:05.722Z [debug]: Order 6551276421355 (Date: 2025-11-10): Payment Gateways: [manual] | isCOD: false | isPrepaid: true | Cancelled: false
2025-12-10T18:24:05.722Z [debug]: Order 6551277961451 (Date: 2025-11-10): Payment Gateways: [manual] | isCOD: false | isPrepaid: true | Cancelled: false
2025-12-10T18:24:05.723Z [debug]: Order 6551303389419 (Date: 2025-11-10): Payment Gateways: [manual] | isCOD: false | isPrepaid: true | Cancelled: false
2025-12-10T18:24:05.723Z [debug]: Order 6551618748651 (Date: 2025-11-10): Payment Gateways: [manual] | isCOD: false | isPrepaid: true | Cancelled: false
2025-12-10T18:24:05.723Z [debug]: Order 6551782228203 (Date: 2025-11-10): Payment Gateways: [manual] | isCOD: false | isPrepaid: true | Cancelled: false
2025-12-10T18:24:05.723Z [debug]: Order 6551786029291 (Date: 2025-11-10): Payment Gateways: [manual] | isCOD: false | isPrepaid: true | Cancelled: false
2025-12-10T18:24:05.723Z [debug]: Order 6551799693547 (Date: 2025-11-10): Payment Gateways: [Cashfree Payments] | isCOD: false | isPrepaid: true | Cancelled: false
2025-12-10T18:24:05.723Z [debug]: Order 6551817781483 (Date: 2025-11-10): Payment Gateways: [manual] | isCOD: false | isPrepaid: true | Cancelled: false
2025-12-10T18:24:05.723Z [debug]: Order 6551919558891 (Date: 2025-11-10): Payment Gateways: [manual] | isCOD: false | isPrepaid: true | Cancelled: false
2025-12-10T18:24:05.724Z [debug]: Order 6551935713515 (Date: 2025-11-10): Payment Gateways: [manual] | isCOD: false | isPrepaid: true | Cancelled: false
2025-12-10T18:24:05.724Z [debug]: Order 6551954260203 (Date: 2025-11-10): Payment Gateways: [manual] | isCOD: false | isPrepaid: true | Cancelled: false
2025-12-10T18:24:05.724Z [debug]: Order 6551969071339 (Date: 2025-11-10): Payment Gateways: [manual] | isCOD: false | isPrepaid: true | Cancelled: false
2025-12-10T18:24:05.724Z [debug]: Order 6551975362795 (Date: 2025-11-10): Payment Gateways: [manual] | isCOD: false | isPrepaid: true | Cancelled: false
2025-12-10T18:24:05.724Z [debug]: Order 6551986110699 (Date: 2025-11-10): Payment Gateways: [manual] | isCOD: false | isPrepaid: true | Cancelled: false
2025-12-10T18:24:05.724Z [debug]: Order 6551991386347 (Date: 2025-11-10): Payment Gateways: [Cashfree Payments] | isCOD: false | isPrepaid: true | Cancelled: false
2025-12-10T18:24:05.724Z [debug]: Order 6552001347819 (Date: 2025-11-10): Payment Gateways: [manual] | isCOD: false | isPrepaid: true | Cancelled: false
2025-12-10T18:24:05.725Z [debug]: Order 6552002625771 (Date: 2025-11-10): Payment Gateways: [manual] | isCOD: false | isPrepaid: true | Cancelled: false
2025-12-10T18:24:05.725Z [debug]: Order 6552008753387 (Date: 2025-11-10): Payment Gateways: [] | isCOD: false | isPrepaid: false | Cancelled: false
2025-12-10T18:24:05.725Z [debug]: Order 6552029561067 (Date: 2025-11-10): Payment Gateways: [Cashfree Payments] | isCOD: false | isPrepaid: true | Cancelled: false
2025-12-10T18:24:05.725Z [debug]: Order 6552044339435 (Date: 2025-11-10): Payment Gateways: [Cashfree Payments] | isCOD: false | isPrepaid: true | Cancelled: false
2025-12-10T18:24:05.725Z [debug]: Order 6552066261227 (Date: 2025-11-10): Payment Gateways: [manual] | isCOD: false | isPrepaid: true | Cancelled: false
2025-12-10T18:24:05.726Z [debug]: Order 6552067047659 (Date: 2025-11-10): Payment Gateways: [Cashfree Payments] | isCOD: false | isPrepaid: true | Cancelled: false
2025-12-10T18:24:05.726Z [debug]: Order 6552088674539 (Date: 2025-11-10): Payment Gateways: [manual] | isCOD: false | isPrepaid: true | Cancelled: false
2025-12-10T18:24:05.726Z [debug]: Order 6552109842667 (Date: 2025-11-10): Payment Gateways: [manual] | isCOD: false | isPrepaid: true | Cancelled: false
2025-12-10T18:24:05.726Z [debug]: Order 6552123343083 (Date: 2025-11-10): Payment Gateways: [manual] | isCOD: false | isPrepaid: true | Cancelled: false
2025-12-10T18:24:05.726Z [debug]: Order 6552140710123 (Date: 2025-11-10): Payment Gateways: [manual] | isCOD: false | isPrepaid: true | Cancelled: false
2025-12-10T18:24:05.726Z [debug]: Order 6552167776491 (Date: 2025-11-10): Payment Gateways: [manual] | isCOD: false | isPrepaid: true | Cancelled: false
2025-12-10T18:24:05.726Z [debug]: Order 6552171315435 (Date: 2025-11-10): Payment Gateways: [manual] | isCOD: false | isPrepaid: true | Cancelled: false
2025-12-10T18:24:05.727Z [debug]: Order 6552173478123 (Date: 2025-11-10): Payment Gateways: [manual] | isCOD: false | isPrepaid: true | Cancelled: false
2025-12-10T18:24:05.727Z [debug]: Order 6552186716395 (Date: 2025-11-10): Payment Gateways: [manual] | isCOD: false | isPrepaid: true | Cancelled: false
2025-12-10T18:24:05.727Z [debug]: Order 6552240292075 (Date: 2025-11-10): Payment Gateways: [manual] | isCOD: false | isPrepaid: true | Cancelled: false
2025-12-10T18:24:05.727Z [debug]: Order 6552248123627 (Date: 2025-11-10): Payment Gateways: [Cashfree Payments] | isCOD: false | isPrepaid: true | Cancelled: false
2025-12-10T18:24:05.727Z [debug]: Order 6552385159403 (Date: 2025-11-10): Payment Gateways: [manual] | isCOD: false | isPrepaid: true | Cancelled: false
2025-12-10T18:24:05.727Z [debug]: Order 6552419467499 (Date: 2025-11-10): Payment Gateways: [Cashfree Payments] | isCOD: false | isPrepaid: true | Cancelled: false
2025-12-10T18:24:05.727Z [debug]: Order 6552452890859 (Date: 2025-11-10): Payment Gateways: [manual] | isCOD: false | isPrepaid: true | Cancelled: false
2025-12-10T18:24:05.727Z [debug]: Order 6552467570923 (Date: 2025-11-10): Payment Gateways: [Cashfree Payments] | isCOD: false | isPrepaid: true | Cancelled: false
2025-12-10T18:24:05.728Z [debug]: Order 6552477565163 (Date: 2025-11-10): Payment Gateways: [manual] | isCOD: false | isPrepaid: true | Cancelled: false
2025-12-10T18:24:05.728Z [debug]: Order 6552479236331 (Date: 2025-11-10): Payment Gateways: [Cashfree Payments] | isCOD: false | isPrepaid: true | Cancelled: false
2025-12-10T18:24:05.728Z [debug]: Order 6552527929579 (Date: 2025-11-10): Payment Gateways: [Cashfree Payments] | isCOD: false | isPrepaid: true | Cancelled: false
2025-12-10T18:24:05.905Z [debug]: Order 6552573804779 (Date: 2025-11-10): Payment Gateways: [manual] | isCOD: false | isPrepaid: true | Cancelled: true
2025-12-10T18:24:05.906Z [debug]: Order 6552642257131 (Date: 2025-11-10): Payment Gateways: [manual] | isCOD: false | isPrepaid: true | Cancelled: false
2025-12-10T18:31:49.585Z [debug]: Order 6936392466742 (Date: 2025-11-10): Payment Gateways: [manual] | isCOD: false | isPrepaid: true | Cancelled: true
2025-12-11T04:10:03.549Z [debug]: Order 6234701660349 (Date: 2025-11-10): Payment Gateways: [Gokwik UPI] | isCOD: false | isPrepaid: true | Cancelled: false
2025-12-11T04:10:03.550Z [debug]: Order 6234821132477 (Date: 2025-11-10): Payment Gateways: [cash_on_delivery] | isCOD: true | isPrepaid: false | Cancelled: false
2025-12-11T04:10:03.550Z [debug]: Order 6234879885501 (Date: 2025-11-10): Payment Gateways: [cash_on_delivery] | isCOD: true | isPrepaid: false | Cancelled: false
2025-12-11T04:10:03.550Z [debug]: Order 6234963214525 (Date: 2025-11-10): Payment Gateways: [Gokwik Cards] | isCOD: false | isPrepaid: true | Cancelled: false
2025-12-11T04:10:03.550Z [debug]: Order 6235263074493 (Date: 2025-11-10): Payment Gateways: [cash_on_delivery] | isCOD: true | isPrepaid: false | Cancelled: false
2025-12-11T04:17:06.208Z [debug]: Order 6726554452275 (Date: 2025-11-10): Payment Gateways: [GoKwik Cash on Delivery] | isCOD: true | isPrepaid: false | Cancelled: false
