2025-12-10T18:24:08.920Z [debug]: Order 6560537018603 (Date: 2025-11-16): Payment Gateways: [manual] | isCOD: false | isPrepaid: true | Cancelled: false
2025-12-10T18:24:08.920Z [debug]: Order 6560653017323 (Date: 2025-11-16): Payment Gateways: [manual] | isCOD: false | isPrepaid: true | Cancelled: false
2025-12-10T18:24:08.920Z [debug]: Order 6561134412011 (Date: 2025-11-16): Payment Gateways: [manual] | isCOD: false | isPrepaid: true | Cancelled: false
2025-12-10T18:24:08.921Z [debug]: Order 6561161511147 (Date: 2025-11-16): Payment Gateways: [manual] | isCOD: false | isPrepaid: true | Cancelled: false
2025-12-10T18:24:08.921Z [debug]: Order 6561191067883 (Date: 2025-11-16): Payment Gateways: [manual] | isCOD: false | isPrepaid: true | Cancelled: false
2025-12-10T18:24:08.921Z [debug]: Order 6561222099179 (Date: 2025-11-16): Payment Gateways: [manual] | isCOD: false | isPrepaid: true | Cancelled: false
2025-12-10T18:24:08.921Z [debug]: Order 6561227178219 (Date: 2025-11-16): Payment Gateways: [manual] | isCOD: false | isPrepaid: true | Cancelled: false
2025-12-10T18:24:08.921Z [debug]: Order 6561251262699 (Date: 2025-11-16): Payment Gateways: [manual] | isCOD: false | isPrepaid: true | Cancelled: false
2025-12-10T18:24:08.922Z [debug]: Order 6561270202603 (Date: 2025-11-16): Payment Gateways: [manual] | isCOD: false | isPrepaid: true | Cancelled: false
2025-12-10T18:24:08.922Z [debug]: Order 6561293631723 (Date: 2025-11-16): Payment Gateways: [manual] | isCOD: false | isPrepaid: true | Cancelled: false
2025-12-10T18:24:08.922Z [debug]: Order 6561374208235 (Date: 2025-11-16): Payment Gateways: [manual] | isCOD: false | isPrepaid: true | Cancelled: false
2025-12-10T18:24:08.922Z [debug]: Order 6561425031403 (Date: 2025-11-16): Payment Gateways: [manual] | isCOD: false | isPrepaid: true | Cancelled: false
2025-12-10T18:24:08.922Z [debug]: Order 6561432174827 (Date: 2025-11-16): Payment Gateways: [manual] | isCOD: false | isPrepaid: true | Cancelled: false
2025-12-10T18:24:08.922Z [debug]: Order 6561481720043 (Date: 2025-11-16): Payment Gateways: [manual] | isCOD: false | isPrepaid: true | Cancelled: false
2025-12-10T18:24:08.922Z [debug]: Order 6561494204651 (Date: 2025-11-16): Payment Gateways: [manual] | isCOD: false | isPrepaid: true | Cancelled: false
2025-12-10T18:24:08.922Z [debug]: Order 6561500725483 (Date: 2025-11-16): Payment Gateways: [manual] | isCOD: false | isPrepaid: true | Cancelled: false
2025-12-10T18:24:08.923Z [debug]: Order 6561504559339 (Date: 2025-11-16): Payment Gateways: [manual] | isCOD: false | isPrepaid: true | Cancelled: false
2025-12-10T18:24:08.923Z [debug]: Order 6561562165483 (Date: 2025-11-16): Payment Gateways: [manual] | isCOD: false | isPrepaid: true | Cancelled: false
2025-12-10T18:24:08.923Z [debug]: Order 6561581433067 (Date: 2025-11-16): Payment Gateways: [manual] | isCOD: false | isPrepaid: true | Cancelled: false
2025-12-10T18:24:08.923Z [debug]: Order 6561598210283 (Date: 2025-11-16): Payment Gateways: [manual] | isCOD: false | isPrepaid: true | Cancelled: false
2025-12-10T18:24:08.923Z [debug]: Order 6561613381867 (Date: 2025-11-16): Payment Gateways: [manual] | isCOD: false | isPrepaid: true | Cancelled: false
2025-12-10T18:24:09.103Z [debug]: Order 6561631699179 (Date: 2025-11-16): Payment Gateways: [manual] | isCOD: false | isPrepaid: true | Cancelled: true
2025-12-10T18:24:09.103Z [debug]: Order 6561634877675 (Date: 2025-11-16): Payment Gateways: [manual] | isCOD: false | isPrepaid: true | Cancelled: false
2025-12-10T18:24:09.104Z [debug]: Order 6561704640747 (Date: 2025-11-16): Payment Gateways: [manual] | isCOD: false | isPrepaid: true | Cancelled: false
2025-12-10T18:24:09.104Z [debug]: Order 6561716830443 (Date: 2025-11-16): Payment Gateways: [manual] | isCOD: false | isPrepaid: true | Cancelled: false
2025-12-10T18:24:09.104Z [debug]: Order 6561780105451 (Date: 2025-11-16): Payment Gateways: [manual] | isCOD: false | isPrepaid: true | Cancelled: false
2025-12-10T18:24:09.104Z [debug]: Order 6561789313259 (Date: 2025-11-16): Payment Gateways: [manual] | isCOD: false | isPrepaid: true | Cancelled: false
2025-12-10T18:24:09.105Z [debug]: Order 6561818706155 (Date: 2025-11-16): Payment Gateways: [manual] | isCOD: false | isPrepaid: true | Cancelled: false
2025-12-10T18:24:09.105Z [debug]: Order 6561830306027 (Date: 2025-11-16): Payment Gateways: [manual] | isCOD: false | isPrepaid: true | Cancelled: false
2025-12-10T18:24:09.105Z [debug]: Order 6561856061675 (Date: 2025-11-16): Payment Gateways: [manual] | isCOD: false | isPrepaid: true | Cancelled: false
2025-12-10T18:24:09.284Z [debug]: Order 6561921073387 (Date: 2025-11-16): Payment Gateways: [manual] | isCOD: false | isPrepaid: true | Cancelled: true
2025-12-11T04:10:05.380Z [debug]: Order 6243459170493 (Date: 2025-11-16): Payment Gateways: [Gokwik UPI] | isCOD: false | isPrepaid: true | Cancelled: false
2025-12-11T04:10:05.381Z [debug]: Order 6243937845437 (Date: 2025-11-16): Payment Gateways: [cash_on_delivery] | isCOD: true | isPrepaid: false | Cancelled: false
2025-12-11T04:10:05.381Z [debug]: Order 6243996762301 (Date: 2025-11-16): Payment Gateways: [] | isCOD: false | isPrepaid: false | Cancelled: false
2025-12-11T04:10:05.560Z [debug]: Order 6244277420221 (Date: 2025-11-16): Payment Gateways: [cash_on_delivery] | isCOD: true | isPrepaid: false | Cancelled: true
2025-12-11T04:10:05.560Z [debug]: Order 6244291739837 (Date: 2025-11-16): Payment Gateways: [Gokwik UPI] | isCOD: false | isPrepaid: true | Cancelled: false
2025-12-11T04:10:05.560Z [debug]: Order 6244863017149 (Date: 2025-11-16): Payment Gateways: [cash_on_delivery] | isCOD: true | isPrepaid: false | Cancelled: false
